CRITICAL - 2023-03-17 09:50:34 --> Invalid file: Product/Line/ListLines.php
#0 C:\xampp\htdocs\ERP_Drymix\system\View\View.php(198): CodeIgniter\Exceptions\FrameworkException::forInvalidFile('Product/Line/Li...')
#1 C:\xampp\htdocs\ERP_Drymix\system\Common.php(1089): CodeIgniter\View\View->render('Product/Line/Li...', Array, true)
#2 C:\xampp\htdocs\ERP_Drymix\app\Controllers\Lines.php(74): view('Product/Line/Li...', Array)
#3 C:\xampp\htdocs\ERP_Drymix\system\CodeIgniter.php(832): App\Controllers\Lines->ListLines()
#4 C:\xampp\htdocs\ERP_Drymix\system\CodeIgniter.php(419): CodeIgniter\CodeIgniter->runController(Object(App\Controllers\Lines))
#5 C:\xampp\htdocs\ERP_Drymix\system\CodeIgniter.php(326): CodeIgniter\CodeIgniter->handleRequest(NULL, Object(Config\Cache), false)
#6 C:\xampp\htdocs\ERP_Drymix\public\index.php(37): CodeIgniter\CodeIgniter->run()
#7 {main}
CRITICAL - 2023-03-17 09:52:16 --> session_start(): Ignoring session_start() because a session is already active
#0 [internal function]: CodeIgniter\Debug\Exceptions->errorHandler(8, 'session_start()...', 'C:\\xampp\\htdocs...', 2)
#1 C:\xampp\htdocs\ERP_Drymix\app\Views\Import\Header.php(2): session_start()
#2 C:\xampp\htdocs\ERP_Drymix\system\View\View.php(210): include('C:\\xampp\\htdocs...')
#3 C:\xampp\htdocs\ERP_Drymix\system\View\View.php(213): CodeIgniter\View\View->CodeIgniter\View\{closure}()
#4 C:\xampp\htdocs\ERP_Drymix\system\Common.php(1089): CodeIgniter\View\View->render('Import/Header', Array, true)
#5 C:\xampp\htdocs\ERP_Drymix\app\Controllers\Lines.php(75): view('Import/Header')
#6 C:\xampp\htdocs\ERP_Drymix\system\CodeIgniter.php(832): App\Controllers\Lines->ListLines()
#7 C:\xampp\htdocs\ERP_Drymix\system\CodeIgniter.php(419): CodeIgniter\CodeIgniter->runController(Object(App\Controllers\Lines))
#8 C:\xampp\htdocs\ERP_Drymix\system\CodeIgniter.php(326): CodeIgniter\CodeIgniter->handleRequest(NULL, Object(Config\Cache), false)
#9 C:\xampp\htdocs\ERP_Drymix\public\index.php(37): CodeIgniter\CodeIgniter->run()
#10 {main}
CRITICAL - 2023-03-17 09:57:40 --> You must set the database table to be used with your query.
#0 C:\xampp\htdocs\ERP_Drymix\system\Model.php(545): CodeIgniter\Database\BaseConnection->table(NULL)
#1 C:\xampp\htdocs\ERP_Drymix\system\Model.php(722): CodeIgniter\Model->builder()
#2 C:\xampp\htdocs\ERP_Drymix\app\Controllers\Lines.php(71): CodeIgniter\Model->__call('SelectLines', Array)
#3 C:\xampp\htdocs\ERP_Drymix\system\CodeIgniter.php(832): App\Controllers\Lines->ListLines()
#4 C:\xampp\htdocs\ERP_Drymix\system\CodeIgniter.php(419): CodeIgniter\CodeIgniter->runController(Object(App\Controllers\Lines))
#5 C:\xampp\htdocs\ERP_Drymix\system\CodeIgniter.php(326): CodeIgniter\CodeIgniter->handleRequest(NULL, Object(Config\Cache), false)
#6 C:\xampp\htdocs\ERP_Drymix\public\index.php(37): CodeIgniter\CodeIgniter->run()
#7 {main}
ERROR - 2023-03-17 09:58:02 --> Table 'erp_dry_db.lines' doesn't exist
CRITICAL - 2023-03-17 09:58:02 --> Table 'erp_dry_db.lines' doesn't exist
#0 C:\xampp\htdocs\ERP_Drymix\system\Database\MySQLi\Connection.php(292): mysqli->query('SELECT *\nFROM `...', 0)
#1 C:\xampp\htdocs\ERP_Drymix\system\Database\BaseConnection.php(670): CodeIgniter\Database\MySQLi\Connection->execute('SELECT *\nFROM `...')
#2 C:\xampp\htdocs\ERP_Drymix\system\Database\BaseConnection.php(598): CodeIgniter\Database\BaseConnection->simpleQuery('SELECT *\nFROM `...')
#3 C:\xampp\htdocs\ERP_Drymix\system\Database\BaseBuilder.php(1455): CodeIgniter\Database\BaseConnection->query('SELECT *\nFROM `...', Array, false)
#4 C:\xampp\htdocs\ERP_Drymix\app\Models\LineModel.php(21): CodeIgniter\Database\BaseBuilder->get()
#5 C:\xampp\htdocs\ERP_Drymix\app\Controllers\Lines.php(71): App\Models\LineModel->ListLines()
#6 C:\xampp\htdocs\ERP_Drymix\system\CodeIgniter.php(832): App\Controllers\Lines->ListLines()
#7 C:\xampp\htdocs\ERP_Drymix\system\CodeIgniter.php(419): CodeIgniter\CodeIgniter->runController(Object(App\Controllers\Lines))
#8 C:\xampp\htdocs\ERP_Drymix\system\CodeIgniter.php(326): CodeIgniter\CodeIgniter->handleRequest(NULL, Object(Config\Cache), false)
#9 C:\xampp\htdocs\ERP_Drymix\public\index.php(37): CodeIgniter\CodeIgniter->run()
#10 {main}
ERROR - 2023-03-17 09:58:07 --> Table 'erp_dry_db.lines' doesn't exist
CRITICAL - 2023-03-17 09:58:07 --> Table 'erp_dry_db.lines' doesn't exist
#0 C:\xampp\htdocs\ERP_Drymix\system\Database\MySQLi\Connection.php(292): mysqli->query('SELECT *\nFROM `...', 0)
#1 C:\xampp\htdocs\ERP_Drymix\system\Database\BaseConnection.php(670): CodeIgniter\Database\MySQLi\Connection->execute('SELECT *\nFROM `...')
#2 C:\xampp\htdocs\ERP_Drymix\system\Database\BaseConnection.php(598): CodeIgniter\Database\BaseConnection->simpleQuery('SELECT *\nFROM `...')
#3 C:\xampp\htdocs\ERP_Drymix\system\Database\BaseBuilder.php(1455): CodeIgniter\Database\BaseConnection->query('SELECT *\nFROM `...', Array, false)
#4 C:\xampp\htdocs\ERP_Drymix\app\Models\LineModel.php(21): CodeIgniter\Database\BaseBuilder->get()
#5 C:\xampp\htdocs\ERP_Drymix\app\Controllers\Lines.php(71): App\Models\LineModel->ListLines()
#6 C:\xampp\htdocs\ERP_Drymix\system\CodeIgniter.php(832): App\Controllers\Lines->ListLines()
#7 C:\xampp\htdocs\ERP_Drymix\system\CodeIgniter.php(419): CodeIgniter\CodeIgniter->runController(Object(App\Controllers\Lines))
#8 C:\xampp\htdocs\ERP_Drymix\system\CodeIgniter.php(326): CodeIgniter\CodeIgniter->handleRequest(NULL, Object(Config\Cache), false)
#9 C:\xampp\htdocs\ERP_Drymix\public\index.php(37): CodeIgniter\CodeIgniter->run()
#10 {main}
ERROR - 2023-03-17 09:59:14 --> Table 'erp_dry_db.lines' doesn't exist
CRITICAL - 2023-03-17 09:59:14 --> Table 'erp_dry_db.lines' doesn't exist
#0 C:\xampp\htdocs\ERP_Drymix\system\Database\MySQLi\Connection.php(292): mysqli->query('SELECT *\nFROM `...', 0)
#1 C:\xampp\htdocs\ERP_Drymix\system\Database\BaseConnection.php(670): CodeIgniter\Database\MySQLi\Connection->execute('SELECT *\nFROM `...')
#2 C:\xampp\htdocs\ERP_Drymix\system\Database\BaseConnection.php(598): CodeIgniter\Database\BaseConnection->simpleQuery('SELECT *\nFROM `...')
#3 C:\xampp\htdocs\ERP_Drymix\system\Database\BaseBuilder.php(1455): CodeIgniter\Database\BaseConnection->query('SELECT *\nFROM `...', Array, false)
#4 C:\xampp\htdocs\ERP_Drymix\app\Models\LineModel.php(20): CodeIgniter\Database\BaseBuilder->get()
#5 C:\xampp\htdocs\ERP_Drymix\app\Controllers\Lines.php(71): App\Models\LineModel->ListLines()
#6 C:\xampp\htdocs\ERP_Drymix\system\CodeIgniter.php(832): App\Controllers\Lines->ListLines()
#7 C:\xampp\htdocs\ERP_Drymix\system\CodeIgniter.php(419): CodeIgniter\CodeIgniter->runController(Object(App\Controllers\Lines))
#8 C:\xampp\htdocs\ERP_Drymix\system\CodeIgniter.php(326): CodeIgniter\CodeIgniter->handleRequest(NULL, Object(Config\Cache), false)
#9 C:\xampp\htdocs\ERP_Drymix\public\index.php(37): CodeIgniter\CodeIgniter->run()
#10 {main}
ERROR - 2023-03-17 09:59:22 --> Table 'erp_dry_db.lines' doesn't exist
CRITICAL - 2023-03-17 09:59:22 --> Table 'erp_dry_db.lines' doesn't exist
#0 C:\xampp\htdocs\ERP_Drymix\system\Database\MySQLi\Connection.php(292): mysqli->query('SELECT *\nFROM `...', 0)
#1 C:\xampp\htdocs\ERP_Drymix\system\Database\BaseConnection.php(670): CodeIgniter\Database\MySQLi\Connection->execute('SELECT *\nFROM `...')
#2 C:\xampp\htdocs\ERP_Drymix\system\Database\BaseConnection.php(598): CodeIgniter\Database\BaseConnection->simpleQuery('SELECT *\nFROM `...')
#3 C:\xampp\htdocs\ERP_Drymix\system\Database\BaseBuilder.php(1455): CodeIgniter\Database\BaseConnection->query('SELECT *\nFROM `...', Array, false)
#4 C:\xampp\htdocs\ERP_Drymix\app\Models\LineModel.php(20): CodeIgniter\Database\BaseBuilder->get()
#5 C:\xampp\htdocs\ERP_Drymix\app\Controllers\Lines.php(71): App\Models\LineModel->ListLines()
#6 C:\xampp\htdocs\ERP_Drymix\system\CodeIgniter.php(832): App\Controllers\Lines->ListLines()
#7 C:\xampp\htdocs\ERP_Drymix\system\CodeIgniter.php(419): CodeIgniter\CodeIgniter->runController(Object(App\Controllers\Lines))
#8 C:\xampp\htdocs\ERP_Drymix\system\CodeIgniter.php(326): CodeIgniter\CodeIgniter->handleRequest(NULL, Object(Config\Cache), false)
#9 C:\xampp\htdocs\ERP_Drymix\public\index.php(37): CodeIgniter\CodeIgniter->run()
#10 {main}
