CRITICAL - 2023-01-31 08:17:47 --> Undefined variable $producto
#0 C:\xampp\htdocs\ERP_Drymix\app\Views\DashboardPrincipal.php(25): CodeIgniter\Debug\Exceptions->errorHandler(2, 'Undefined varia...', 'C:\\xampp\\htdocs...', 25)
#1 C:\xampp\htdocs\ERP_Drymix\system\View\View.php(210): include('C:\\xampp\\htdocs...')
#2 C:\xampp\htdocs\ERP_Drymix\system\View\View.php(213): CodeIgniter\View\View->CodeIgniter\View\{closure}()
#3 C:\xampp\htdocs\ERP_Drymix\system\Common.php(1089): CodeIgniter\View\View->render('DashboardPrinci...', Array, true)
#4 C:\xampp\htdocs\ERP_Drymix\app\Controllers\Home.php(9): view('DashboardPrinci...')
#5 C:\xampp\htdocs\ERP_Drymix\system\CodeIgniter.php(832): App\Controllers\Home->index()
#6 C:\xampp\htdocs\ERP_Drymix\system\CodeIgniter.php(419): CodeIgniter\CodeIgniter->runController(Object(App\Controllers\Home))
#7 C:\xampp\htdocs\ERP_Drymix\system\CodeIgniter.php(326): CodeIgniter\CodeIgniter->handleRequest(NULL, Object(Config\Cache), false)
#8 C:\xampp\htdocs\ERP_Drymix\public\index.php(37): CodeIgniter\CodeIgniter->run()
#9 {main}
CRITICAL - 2023-01-31 08:18:06 --> Class "ControladorProducto" not found
#0 C:\xampp\htdocs\ERP_Drymix\system\View\View.php(210): include()
#1 C:\xampp\htdocs\ERP_Drymix\system\View\View.php(213): CodeIgniter\View\View->CodeIgniter\View\{closure}()
#2 C:\xampp\htdocs\ERP_Drymix\system\Common.php(1089): CodeIgniter\View\View->render('DashboardPrinci...', Array, true)
#3 C:\xampp\htdocs\ERP_Drymix\app\Controllers\Home.php(9): view('DashboardPrinci...')
#4 C:\xampp\htdocs\ERP_Drymix\system\CodeIgniter.php(832): App\Controllers\Home->index()
#5 C:\xampp\htdocs\ERP_Drymix\system\CodeIgniter.php(419): CodeIgniter\CodeIgniter->runController(Object(App\Controllers\Home))
#6 C:\xampp\htdocs\ERP_Drymix\system\CodeIgniter.php(326): CodeIgniter\CodeIgniter->handleRequest(NULL, Object(Config\Cache), false)
#7 C:\xampp\htdocs\ERP_Drymix\public\index.php(37): CodeIgniter\CodeIgniter->run()
#8 {main}
CRITICAL - 2023-01-31 08:18:17 --> Undefined variable $producto
#0 C:\xampp\htdocs\ERP_Drymix\app\Views\DashboardPrincipal.php(25): CodeIgniter\Debug\Exceptions->errorHandler(2, 'Undefined varia...', 'C:\\xampp\\htdocs...', 25)
#1 C:\xampp\htdocs\ERP_Drymix\system\View\View.php(210): include('C:\\xampp\\htdocs...')
#2 C:\xampp\htdocs\ERP_Drymix\system\View\View.php(213): CodeIgniter\View\View->CodeIgniter\View\{closure}()
#3 C:\xampp\htdocs\ERP_Drymix\system\Common.php(1089): CodeIgniter\View\View->render('DashboardPrinci...', Array, true)
#4 C:\xampp\htdocs\ERP_Drymix\app\Controllers\Home.php(9): view('DashboardPrinci...')
#5 C:\xampp\htdocs\ERP_Drymix\system\CodeIgniter.php(832): App\Controllers\Home->index()
#6 C:\xampp\htdocs\ERP_Drymix\system\CodeIgniter.php(419): CodeIgniter\CodeIgniter->runController(Object(App\Controllers\Home))
#7 C:\xampp\htdocs\ERP_Drymix\system\CodeIgniter.php(326): CodeIgniter\CodeIgniter->handleRequest(NULL, Object(Config\Cache), false)
#8 C:\xampp\htdocs\ERP_Drymix\public\index.php(37): CodeIgniter\CodeIgniter->run()
#9 {main}
CRITICAL - 2023-01-31 08:33:21 --> include(asideMenu.php): Failed to open stream: No such file or directory
#0 C:\xampp\htdocs\ERP_Drymix\app\Views\Import\Header.php(43): CodeIgniter\Debug\Exceptions->errorHandler(2, 'include(asideMe...', 'C:\\xampp\\htdocs...', 43)
#1 C:\xampp\htdocs\ERP_Drymix\app\Views\Import\Header.php(43): include()
#2 C:\xampp\htdocs\ERP_Drymix\system\View\View.php(210): include('C:\\xampp\\htdocs...')
#3 C:\xampp\htdocs\ERP_Drymix\system\View\View.php(213): CodeIgniter\View\View->CodeIgniter\View\{closure}()
#4 C:\xampp\htdocs\ERP_Drymix\system\Common.php(1089): CodeIgniter\View\View->render('Import/Header', Array, true)
#5 C:\xampp\htdocs\ERP_Drymix\app\Controllers\Home.php(9): view('Import/Header')
#6 C:\xampp\htdocs\ERP_Drymix\system\CodeIgniter.php(832): App\Controllers\Home->index()
#7 C:\xampp\htdocs\ERP_Drymix\system\CodeIgniter.php(419): CodeIgniter\CodeIgniter->runController(Object(App\Controllers\Home))
#8 C:\xampp\htdocs\ERP_Drymix\system\CodeIgniter.php(326): CodeIgniter\CodeIgniter->handleRequest(NULL, Object(Config\Cache), false)
#9 C:\xampp\htdocs\ERP_Drymix\public\index.php(37): CodeIgniter\CodeIgniter->run()
#10 {main}
CRITICAL - 2023-01-31 08:34:12 --> include(./asideMenu.php): Failed to open stream: No such file or directory
#0 C:\xampp\htdocs\ERP_Drymix\app\Views\Import\Header.php(43): CodeIgniter\Debug\Exceptions->errorHandler(2, 'include(./aside...', 'C:\\xampp\\htdocs...', 43)
#1 C:\xampp\htdocs\ERP_Drymix\app\Views\Import\Header.php(43): include()
#2 C:\xampp\htdocs\ERP_Drymix\system\View\View.php(210): include('C:\\xampp\\htdocs...')
#3 C:\xampp\htdocs\ERP_Drymix\system\View\View.php(213): CodeIgniter\View\View->CodeIgniter\View\{closure}()
#4 C:\xampp\htdocs\ERP_Drymix\system\Common.php(1089): CodeIgniter\View\View->render('Import/Header', Array, true)
#5 C:\xampp\htdocs\ERP_Drymix\app\Controllers\Home.php(9): view('Import/Header')
#6 C:\xampp\htdocs\ERP_Drymix\system\CodeIgniter.php(832): App\Controllers\Home->index()
#7 C:\xampp\htdocs\ERP_Drymix\system\CodeIgniter.php(419): CodeIgniter\CodeIgniter->runController(Object(App\Controllers\Home))
#8 C:\xampp\htdocs\ERP_Drymix\system\CodeIgniter.php(326): CodeIgniter\CodeIgniter->handleRequest(NULL, Object(Config\Cache), false)
#9 C:\xampp\htdocs\ERP_Drymix\public\index.php(37): CodeIgniter\CodeIgniter->run()
#10 {main}
CRITICAL - 2023-01-31 08:34:14 --> include(./asideMenu.php): Failed to open stream: No such file or directory
#0 C:\xampp\htdocs\ERP_Drymix\app\Views\Import\Header.php(43): CodeIgniter\Debug\Exceptions->errorHandler(2, 'include(./aside...', 'C:\\xampp\\htdocs...', 43)
#1 C:\xampp\htdocs\ERP_Drymix\app\Views\Import\Header.php(43): include()
#2 C:\xampp\htdocs\ERP_Drymix\system\View\View.php(210): include('C:\\xampp\\htdocs...')
#3 C:\xampp\htdocs\ERP_Drymix\system\View\View.php(213): CodeIgniter\View\View->CodeIgniter\View\{closure}()
#4 C:\xampp\htdocs\ERP_Drymix\system\Common.php(1089): CodeIgniter\View\View->render('Import/Header', Array, true)
#5 C:\xampp\htdocs\ERP_Drymix\app\Controllers\Home.php(9): view('Import/Header')
#6 C:\xampp\htdocs\ERP_Drymix\system\CodeIgniter.php(832): App\Controllers\Home->index()
#7 C:\xampp\htdocs\ERP_Drymix\system\CodeIgniter.php(419): CodeIgniter\CodeIgniter->runController(Object(App\Controllers\Home))
#8 C:\xampp\htdocs\ERP_Drymix\system\CodeIgniter.php(326): CodeIgniter\CodeIgniter->handleRequest(NULL, Object(Config\Cache), false)
#9 C:\xampp\htdocs\ERP_Drymix\public\index.php(37): CodeIgniter\CodeIgniter->run()
#10 {main}
CRITICAL - 2023-01-31 08:34:23 --> include(../asideMenu.php): Failed to open stream: No such file or directory
#0 C:\xampp\htdocs\ERP_Drymix\app\Views\Import\Header.php(43): CodeIgniter\Debug\Exceptions->errorHandler(2, 'include(../asid...', 'C:\\xampp\\htdocs...', 43)
#1 C:\xampp\htdocs\ERP_Drymix\app\Views\Import\Header.php(43): include()
#2 C:\xampp\htdocs\ERP_Drymix\system\View\View.php(210): include('C:\\xampp\\htdocs...')
#3 C:\xampp\htdocs\ERP_Drymix\system\View\View.php(213): CodeIgniter\View\View->CodeIgniter\View\{closure}()
#4 C:\xampp\htdocs\ERP_Drymix\system\Common.php(1089): CodeIgniter\View\View->render('Import/Header', Array, true)
#5 C:\xampp\htdocs\ERP_Drymix\app\Controllers\Home.php(9): view('Import/Header')
#6 C:\xampp\htdocs\ERP_Drymix\system\CodeIgniter.php(832): App\Controllers\Home->index()
#7 C:\xampp\htdocs\ERP_Drymix\system\CodeIgniter.php(419): CodeIgniter\CodeIgniter->runController(Object(App\Controllers\Home))
#8 C:\xampp\htdocs\ERP_Drymix\system\CodeIgniter.php(326): CodeIgniter\CodeIgniter->handleRequest(NULL, Object(Config\Cache), false)
#9 C:\xampp\htdocs\ERP_Drymix\public\index.php(37): CodeIgniter\CodeIgniter->run()
#10 {main}
CRITICAL - 2023-01-31 08:34:55 --> include(../asideMenu.php): Failed to open stream: No such file or directory
#0 C:\xampp\htdocs\ERP_Drymix\app\Views\Import\Header.php(43): CodeIgniter\Debug\Exceptions->errorHandler(2, 'include(../asid...', 'C:\\xampp\\htdocs...', 43)
#1 C:\xampp\htdocs\ERP_Drymix\app\Views\Import\Header.php(43): include()
#2 C:\xampp\htdocs\ERP_Drymix\system\View\View.php(210): include('C:\\xampp\\htdocs...')
#3 C:\xampp\htdocs\ERP_Drymix\system\View\View.php(213): CodeIgniter\View\View->CodeIgniter\View\{closure}()
#4 C:\xampp\htdocs\ERP_Drymix\system\Common.php(1089): CodeIgniter\View\View->render('Import/Header', Array, true)
#5 C:\xampp\htdocs\ERP_Drymix\app\Controllers\Home.php(9): view('Import/Header')
#6 C:\xampp\htdocs\ERP_Drymix\system\CodeIgniter.php(832): App\Controllers\Home->index()
#7 C:\xampp\htdocs\ERP_Drymix\system\CodeIgniter.php(419): CodeIgniter\CodeIgniter->runController(Object(App\Controllers\Home))
#8 C:\xampp\htdocs\ERP_Drymix\system\CodeIgniter.php(326): CodeIgniter\CodeIgniter->handleRequest(NULL, Object(Config\Cache), false)
#9 C:\xampp\htdocs\ERP_Drymix\public\index.php(37): CodeIgniter\CodeIgniter->run()
#10 {main}
CRITICAL - 2023-01-31 08:39:26 --> include(../asideMenu.php): Failed to open stream: No such file or directory
#0 C:\xampp\htdocs\ERP_Drymix\app\Views\Import\Header.php(43): CodeIgniter\Debug\Exceptions->errorHandler(2, 'include(../asid...', 'C:\\xampp\\htdocs...', 43)
#1 C:\xampp\htdocs\ERP_Drymix\app\Views\Import\Header.php(43): include()
#2 C:\xampp\htdocs\ERP_Drymix\system\View\View.php(210): include('C:\\xampp\\htdocs...')
#3 C:\xampp\htdocs\ERP_Drymix\system\View\View.php(213): CodeIgniter\View\View->CodeIgniter\View\{closure}()
#4 C:\xampp\htdocs\ERP_Drymix\system\Common.php(1089): CodeIgniter\View\View->render('Import/Header', Array, true)
#5 C:\xampp\htdocs\ERP_Drymix\app\Controllers\Home.php(9): view('Import/Header')
#6 C:\xampp\htdocs\ERP_Drymix\system\CodeIgniter.php(832): App\Controllers\Home->index()
#7 C:\xampp\htdocs\ERP_Drymix\system\CodeIgniter.php(419): CodeIgniter\CodeIgniter->runController(Object(App\Controllers\Home))
#8 C:\xampp\htdocs\ERP_Drymix\system\CodeIgniter.php(326): CodeIgniter\CodeIgniter->handleRequest(NULL, Object(Config\Cache), false)
#9 C:\xampp\htdocs\ERP_Drymix\public\index.php(37): CodeIgniter\CodeIgniter->run()
#10 {main}
