<<<<<<< HEAD
CRITICAL - 2022-05-15 17:59:42 --> Invalid file: DashboardSCM.php
#0 C:\xampp\htdocs\ERP\ERP_Drymix\system\View\View.php(198): CodeIgniter\Exceptions\FrameworkException::forInvalidFile('DashboardSCM.ph...')
#1 C:\xampp\htdocs\ERP\ERP_Drymix\system\Common.php(1089): CodeIgniter\View\View->render('DashboardSCM', Array, true)
#2 C:\xampp\htdocs\ERP\ERP_Drymix\app\Controllers\Products.php(10): view('DashboardSCM')
#3 C:\xampp\htdocs\ERP\ERP_Drymix\system\CodeIgniter.php(832): App\Controllers\Products->index()
#4 C:\xampp\htdocs\ERP\ERP_Drymix\system\CodeIgniter.php(419): CodeIgniter\CodeIgniter->runController(Object(App\Controllers\Products))
#5 C:\xampp\htdocs\ERP\ERP_Drymix\system\CodeIgniter.php(326): CodeIgniter\CodeIgniter->handleRequest(NULL, Object(Config\Cache), false)
#6 C:\xampp\htdocs\ERP\ERP_Drymix\public\index.php(37): CodeIgniter\CodeIgniter->run()
#7 {main}
CRITICAL - 2022-05-15 17:59:58 --> Invalid file: DashboardSCM.php
#0 C:\xampp\htdocs\ERP\ERP_Drymix\system\View\View.php(198): CodeIgniter\Exceptions\FrameworkException::forInvalidFile('DashboardSCM.ph...')
#1 C:\xampp\htdocs\ERP\ERP_Drymix\system\Common.php(1089): CodeIgniter\View\View->render('DashboardSCM', Array, true)
#2 C:\xampp\htdocs\ERP\ERP_Drymix\app\Controllers\Products.php(10): view('DashboardSCM')
#3 C:\xampp\htdocs\ERP\ERP_Drymix\system\CodeIgniter.php(832): App\Controllers\Products->index()
#4 C:\xampp\htdocs\ERP\ERP_Drymix\system\CodeIgniter.php(419): CodeIgniter\CodeIgniter->runController(Object(App\Controllers\Products))
#5 C:\xampp\htdocs\ERP\ERP_Drymix\system\CodeIgniter.php(326): CodeIgniter\CodeIgniter->handleRequest(NULL, Object(Config\Cache), false)
#6 C:\xampp\htdocs\ERP\ERP_Drymix\public\index.php(37): CodeIgniter\CodeIgniter->run()
=======
CRITICAL - 2022-05-15 22:15:34 --> include(): http:// wrapper is disabled in the server configuration by allow_url_include=0
#0 I:\7mo Semestre\TALLER DE SISTEMAS I\Proyecto\ERP_Drymix\app\Views\DashboardPrincipal.php(2): CodeIgniter\Debug\Exceptions->errorHandler(2, 'include(): http...', 'I:\\7mo Semestre...', 2)
#1 I:\7mo Semestre\TALLER DE SISTEMAS I\Proyecto\ERP_Drymix\app\Views\DashboardPrincipal.php(2): include()
#2 I:\7mo Semestre\TALLER DE SISTEMAS I\Proyecto\ERP_Drymix\system\View\View.php(210): include('I:\\7mo Semestre...')
#3 I:\7mo Semestre\TALLER DE SISTEMAS I\Proyecto\ERP_Drymix\system\View\View.php(213): CodeIgniter\View\View->CodeIgniter\View\{closure}()
#4 I:\7mo Semestre\TALLER DE SISTEMAS I\Proyecto\ERP_Drymix\system\Common.php(1089): CodeIgniter\View\View->render('DashboardPrinci...', Array, true)
#5 I:\7mo Semestre\TALLER DE SISTEMAS I\Proyecto\ERP_Drymix\app\Controllers\Home.php(9): view('DashboardPrinci...')
#6 I:\7mo Semestre\TALLER DE SISTEMAS I\Proyecto\ERP_Drymix\system\CodeIgniter.php(832): App\Controllers\Home->index()
#7 I:\7mo Semestre\TALLER DE SISTEMAS I\Proyecto\ERP_Drymix\system\CodeIgniter.php(419): CodeIgniter\CodeIgniter->runController(Object(App\Controllers\Home))
#8 I:\7mo Semestre\TALLER DE SISTEMAS I\Proyecto\ERP_Drymix\system\CodeIgniter.php(326): CodeIgniter\CodeIgniter->handleRequest(NULL, Object(Config\Cache), false)
#9 I:\7mo Semestre\TALLER DE SISTEMAS I\Proyecto\ERP_Drymix\public\index.php(37): CodeIgniter\CodeIgniter->run()
#10 {main}
CRITICAL - 2022-05-15 22:15:38 --> include(): http:// wrapper is disabled in the server configuration by allow_url_include=0
#0 I:\7mo Semestre\TALLER DE SISTEMAS I\Proyecto\ERP_Drymix\app\Views\DashboardPrincipal.php(2): CodeIgniter\Debug\Exceptions->errorHandler(2, 'include(): http...', 'I:\\7mo Semestre...', 2)
#1 I:\7mo Semestre\TALLER DE SISTEMAS I\Proyecto\ERP_Drymix\app\Views\DashboardPrincipal.php(2): include()
#2 I:\7mo Semestre\TALLER DE SISTEMAS I\Proyecto\ERP_Drymix\system\View\View.php(210): include('I:\\7mo Semestre...')
#3 I:\7mo Semestre\TALLER DE SISTEMAS I\Proyecto\ERP_Drymix\system\View\View.php(213): CodeIgniter\View\View->CodeIgniter\View\{closure}()
#4 I:\7mo Semestre\TALLER DE SISTEMAS I\Proyecto\ERP_Drymix\system\Common.php(1089): CodeIgniter\View\View->render('DashboardPrinci...', Array, true)
#5 I:\7mo Semestre\TALLER DE SISTEMAS I\Proyecto\ERP_Drymix\app\Controllers\Home.php(9): view('DashboardPrinci...')
#6 I:\7mo Semestre\TALLER DE SISTEMAS I\Proyecto\ERP_Drymix\system\CodeIgniter.php(832): App\Controllers\Home->index()
#7 I:\7mo Semestre\TALLER DE SISTEMAS I\Proyecto\ERP_Drymix\system\CodeIgniter.php(419): CodeIgniter\CodeIgniter->runController(Object(App\Controllers\Home))
#8 I:\7mo Semestre\TALLER DE SISTEMAS I\Proyecto\ERP_Drymix\system\CodeIgniter.php(326): CodeIgniter\CodeIgniter->handleRequest(NULL, Object(Config\Cache), false)
#9 I:\7mo Semestre\TALLER DE SISTEMAS I\Proyecto\ERP_Drymix\public\index.php(37): CodeIgniter\CodeIgniter->run()
#10 {main}
CRITICAL - 2022-05-15 22:15:42 --> include(): http:// wrapper is disabled in the server configuration by allow_url_include=0
#0 I:\7mo Semestre\TALLER DE SISTEMAS I\Proyecto\ERP_Drymix\app\Views\DashboardPrincipal.php(2): CodeIgniter\Debug\Exceptions->errorHandler(2, 'include(): http...', 'I:\\7mo Semestre...', 2)
#1 I:\7mo Semestre\TALLER DE SISTEMAS I\Proyecto\ERP_Drymix\app\Views\DashboardPrincipal.php(2): include()
#2 I:\7mo Semestre\TALLER DE SISTEMAS I\Proyecto\ERP_Drymix\system\View\View.php(210): include('I:\\7mo Semestre...')
#3 I:\7mo Semestre\TALLER DE SISTEMAS I\Proyecto\ERP_Drymix\system\View\View.php(213): CodeIgniter\View\View->CodeIgniter\View\{closure}()
#4 I:\7mo Semestre\TALLER DE SISTEMAS I\Proyecto\ERP_Drymix\system\Common.php(1089): CodeIgniter\View\View->render('DashboardPrinci...', Array, true)
#5 I:\7mo Semestre\TALLER DE SISTEMAS I\Proyecto\ERP_Drymix\app\Controllers\Home.php(9): view('DashboardPrinci...')
#6 I:\7mo Semestre\TALLER DE SISTEMAS I\Proyecto\ERP_Drymix\system\CodeIgniter.php(832): App\Controllers\Home->index()
#7 I:\7mo Semestre\TALLER DE SISTEMAS I\Proyecto\ERP_Drymix\system\CodeIgniter.php(419): CodeIgniter\CodeIgniter->runController(Object(App\Controllers\Home))
#8 I:\7mo Semestre\TALLER DE SISTEMAS I\Proyecto\ERP_Drymix\system\CodeIgniter.php(326): CodeIgniter\CodeIgniter->handleRequest(NULL, Object(Config\Cache), false)
#9 I:\7mo Semestre\TALLER DE SISTEMAS I\Proyecto\ERP_Drymix\public\index.php(37): CodeIgniter\CodeIgniter->run()
#10 {main}
CRITICAL - 2022-05-15 22:28:47 --> include(): http:// wrapper is disabled in the server configuration by allow_url_include=0
#0 I:\7mo Semestre\TALLER DE SISTEMAS I\Proyecto\ERP_Drymix\app\Views\DashboardPrincipal.php(2): CodeIgniter\Debug\Exceptions->errorHandler(2, 'include(): http...', 'I:\\7mo Semestre...', 2)
#1 I:\7mo Semestre\TALLER DE SISTEMAS I\Proyecto\ERP_Drymix\app\Views\DashboardPrincipal.php(2): include()
#2 I:\7mo Semestre\TALLER DE SISTEMAS I\Proyecto\ERP_Drymix\system\View\View.php(210): include('I:\\7mo Semestre...')
#3 I:\7mo Semestre\TALLER DE SISTEMAS I\Proyecto\ERP_Drymix\system\View\View.php(213): CodeIgniter\View\View->CodeIgniter\View\{closure}()
#4 I:\7mo Semestre\TALLER DE SISTEMAS I\Proyecto\ERP_Drymix\system\Common.php(1089): CodeIgniter\View\View->render('DashboardPrinci...', Array, true)
#5 I:\7mo Semestre\TALLER DE SISTEMAS I\Proyecto\ERP_Drymix\app\Controllers\Home.php(9): view('DashboardPrinci...')
#6 I:\7mo Semestre\TALLER DE SISTEMAS I\Proyecto\ERP_Drymix\system\CodeIgniter.php(832): App\Controllers\Home->index()
#7 I:\7mo Semestre\TALLER DE SISTEMAS I\Proyecto\ERP_Drymix\system\CodeIgniter.php(419): CodeIgniter\CodeIgniter->runController(Object(App\Controllers\Home))
#8 I:\7mo Semestre\TALLER DE SISTEMAS I\Proyecto\ERP_Drymix\system\CodeIgniter.php(326): CodeIgniter\CodeIgniter->handleRequest(NULL, Object(Config\Cache), false)
#9 I:\7mo Semestre\TALLER DE SISTEMAS I\Proyecto\ERP_Drymix\public\index.php(37): CodeIgniter\CodeIgniter->run()
#10 {main}
CRITICAL - 2022-05-15 22:29:05 --> include(): http:// wrapper is disabled in the server configuration by allow_url_include=0
#0 I:\7mo Semestre\TALLER DE SISTEMAS I\Proyecto\ERP_Drymix\app\Views\DashboardPrincipal.php(2): CodeIgniter\Debug\Exceptions->errorHandler(2, 'include(): http...', 'I:\\7mo Semestre...', 2)
#1 I:\7mo Semestre\TALLER DE SISTEMAS I\Proyecto\ERP_Drymix\app\Views\DashboardPrincipal.php(2): include()
#2 I:\7mo Semestre\TALLER DE SISTEMAS I\Proyecto\ERP_Drymix\system\View\View.php(210): include('I:\\7mo Semestre...')
#3 I:\7mo Semestre\TALLER DE SISTEMAS I\Proyecto\ERP_Drymix\system\View\View.php(213): CodeIgniter\View\View->CodeIgniter\View\{closure}()
#4 I:\7mo Semestre\TALLER DE SISTEMAS I\Proyecto\ERP_Drymix\system\Common.php(1089): CodeIgniter\View\View->render('DashboardPrinci...', Array, true)
#5 I:\7mo Semestre\TALLER DE SISTEMAS I\Proyecto\ERP_Drymix\app\Controllers\Home.php(9): view('DashboardPrinci...')
#6 I:\7mo Semestre\TALLER DE SISTEMAS I\Proyecto\ERP_Drymix\system\CodeIgniter.php(832): App\Controllers\Home->index()
#7 I:\7mo Semestre\TALLER DE SISTEMAS I\Proyecto\ERP_Drymix\system\CodeIgniter.php(419): CodeIgniter\CodeIgniter->runController(Object(App\Controllers\Home))
#8 I:\7mo Semestre\TALLER DE SISTEMAS I\Proyecto\ERP_Drymix\system\CodeIgniter.php(326): CodeIgniter\CodeIgniter->handleRequest(NULL, Object(Config\Cache), false)
#9 I:\7mo Semestre\TALLER DE SISTEMAS I\Proyecto\ERP_Drymix\public\index.php(37): CodeIgniter\CodeIgniter->run()
#10 {main}
CRITICAL - 2022-05-15 23:15:33 --> Invalid file: StorageMain.php
#0 I:\7mo Semestre\TALLER DE SISTEMAS I\Proyecto\ERP_Drymix\system\View\View.php(198): CodeIgniter\Exceptions\FrameworkException::forInvalidFile('StorageMain.php')
#1 I:\7mo Semestre\TALLER DE SISTEMAS I\Proyecto\ERP_Drymix\system\Common.php(1089): CodeIgniter\View\View->render('StorageMain', Array, true)
#2 I:\7mo Semestre\TALLER DE SISTEMAS I\Proyecto\ERP_Drymix\app\Controllers\StorageContoller.php(9): view('StorageMain')
#3 I:\7mo Semestre\TALLER DE SISTEMAS I\Proyecto\ERP_Drymix\system\CodeIgniter.php(832): App\Controllers\StorageContoller->index()
#4 I:\7mo Semestre\TALLER DE SISTEMAS I\Proyecto\ERP_Drymix\system\CodeIgniter.php(419): CodeIgniter\CodeIgniter->runController(Object(App\Controllers\StorageContoller))
#5 I:\7mo Semestre\TALLER DE SISTEMAS I\Proyecto\ERP_Drymix\system\CodeIgniter.php(326): CodeIgniter\CodeIgniter->handleRequest(NULL, Object(Config\Cache), false)
#6 I:\7mo Semestre\TALLER DE SISTEMAS I\Proyecto\ERP_Drymix\public\index.php(37): CodeIgniter\CodeIgniter->run()
>>>>>>> 92761c9220b9af61af4c70503391923cb863b41f
#7 {main}
