ERROR - 2022-06-06 14:59:02 --> Column 'name' cannot be null
CRITICAL - 2022-06-06 14:59:02 --> Column 'name' cannot be null
#0 I:\7mo Semestre\TALLER DE SISTEMAS I\Proyecto\ERP_Drymix\system\Database\MySQLi\Connection.php(292): mysqli->query('INSERT INTO `Ad...', 0)
#1 I:\7mo Semestre\TALLER DE SISTEMAS I\Proyecto\ERP_Drymix\system\Database\BaseConnection.php(670): CodeIgniter\Database\MySQLi\Connection->execute('INSERT INTO `Ad...')
#2 I:\7mo Semestre\TALLER DE SISTEMAS I\Proyecto\ERP_Drymix\system\Database\BaseConnection.php(598): CodeIgniter\Database\BaseConnection->simpleQuery('INSERT INTO `Ad...')
#3 I:\7mo Semestre\TALLER DE SISTEMAS I\Proyecto\ERP_Drymix\system\Database\BaseBuilder.php(1771): CodeIgniter\Database\BaseConnection->query('INSERT INTO `Ad...', Array, false)
#4 I:\7mo Semestre\TALLER DE SISTEMAS I\Proyecto\ERP_Drymix\system\Model.php(239): CodeIgniter\Database\BaseBuilder->insert()
#5 I:\7mo Semestre\TALLER DE SISTEMAS I\Proyecto\ERP_Drymix\system\BaseModel.php(738): CodeIgniter\Model->doInsert(Array)
#6 I:\7mo Semestre\TALLER DE SISTEMAS I\Proyecto\ERP_Drymix\system\Model.php(625): CodeIgniter\BaseModel->insert(Array, true)
#7 I:\7mo Semestre\TALLER DE SISTEMAS I\Proyecto\ERP_Drymix\app\Models\AcquisitionModel.php(21): CodeIgniter\Model->insert(Array)
#8 I:\7mo Semestre\TALLER DE SISTEMAS I\Proyecto\ERP_Drymix\app\Controllers\AcquisitionController.php(47): App\Models\AcquisitionModel->createAcquisition(Array)
#9 I:\7mo Semestre\TALLER DE SISTEMAS I\Proyecto\ERP_Drymix\system\CodeIgniter.php(832): App\Controllers\AcquisitionController->InsertAcquisition()
#10 I:\7mo Semestre\TALLER DE SISTEMAS I\Proyecto\ERP_Drymix\system\CodeIgniter.php(419): CodeIgniter\CodeIgniter->runController(Object(App\Controllers\AcquisitionController))
#11 I:\7mo Semestre\TALLER DE SISTEMAS I\Proyecto\ERP_Drymix\system\CodeIgniter.php(326): CodeIgniter\CodeIgniter->handleRequest(NULL, Object(Config\Cache), false)
#12 I:\7mo Semestre\TALLER DE SISTEMAS I\Proyecto\ERP_Drymix\public\index.php(37): CodeIgniter\CodeIgniter->run()
#13 {main}
CRITICAL - 2022-06-06 20:54:27 --> syntax error, unexpected identifier "to"
#0 I:\7mo Semestre\TALLER DE SISTEMAS I\Proyecto\ERP_Drymix\system\View\View.php(213): CodeIgniter\View\View->CodeIgniter\View\{closure}()
#1 I:\7mo Semestre\TALLER DE SISTEMAS I\Proyecto\ERP_Drymix\system\Common.php(1089): CodeIgniter\View\View->render('Acquisition/Acq...', Array, true)
#2 I:\7mo Semestre\TALLER DE SISTEMAS I\Proyecto\ERP_Drymix\app\Controllers\AcquisitionController.php(14): view('Acquisition/Acq...', Array)
#3 I:\7mo Semestre\TALLER DE SISTEMAS I\Proyecto\ERP_Drymix\system\CodeIgniter.php(832): App\Controllers\AcquisitionController->index()
#4 I:\7mo Semestre\TALLER DE SISTEMAS I\Proyecto\ERP_Drymix\system\CodeIgniter.php(419): CodeIgniter\CodeIgniter->runController(Object(App\Controllers\AcquisitionController))
#5 I:\7mo Semestre\TALLER DE SISTEMAS I\Proyecto\ERP_Drymix\system\CodeIgniter.php(326): CodeIgniter\CodeIgniter->handleRequest(NULL, Object(Config\Cache), false)
#6 I:\7mo Semestre\TALLER DE SISTEMAS I\Proyecto\ERP_Drymix\public\index.php(37): CodeIgniter\CodeIgniter->run()
#7 {main}
CRITICAL - 2022-06-06 20:54:32 --> syntax error, unexpected identifier "to"
#0 I:\7mo Semestre\TALLER DE SISTEMAS I\Proyecto\ERP_Drymix\system\View\View.php(213): CodeIgniter\View\View->CodeIgniter\View\{closure}()
#1 I:\7mo Semestre\TALLER DE SISTEMAS I\Proyecto\ERP_Drymix\system\Common.php(1089): CodeIgniter\View\View->render('Acquisition/Acq...', Array, true)
#2 I:\7mo Semestre\TALLER DE SISTEMAS I\Proyecto\ERP_Drymix\app\Controllers\AcquisitionController.php(14): view('Acquisition/Acq...', Array)
#3 I:\7mo Semestre\TALLER DE SISTEMAS I\Proyecto\ERP_Drymix\system\CodeIgniter.php(832): App\Controllers\AcquisitionController->index()
#4 I:\7mo Semestre\TALLER DE SISTEMAS I\Proyecto\ERP_Drymix\system\CodeIgniter.php(419): CodeIgniter\CodeIgniter->runController(Object(App\Controllers\AcquisitionController))
#5 I:\7mo Semestre\TALLER DE SISTEMAS I\Proyecto\ERP_Drymix\system\CodeIgniter.php(326): CodeIgniter\CodeIgniter->handleRequest(NULL, Object(Config\Cache), false)
#6 I:\7mo Semestre\TALLER DE SISTEMAS I\Proyecto\ERP_Drymix\public\index.php(37): CodeIgniter\CodeIgniter->run()
#7 {main}
