CRITICAL - 2022-11-14 08:00:24 --> Attempt to read property "productName" on array
#0 C:\xampp\htdocs\ERP_Drymix\app\Views\Product\ListProducts.php(139): CodeIgniter\Debug\Exceptions->errorHandler(2, 'Attempt to read...', 'C:\\xampp\\htdocs...', 139)
#1 C:\xampp\htdocs\ERP_Drymix\system\View\View.php(210): include('C:\\xampp\\htdocs...')
#2 C:\xampp\htdocs\ERP_Drymix\system\View\View.php(213): CodeIgniter\View\View->CodeIgniter\View\{closure}()
#3 C:\xampp\htdocs\ERP_Drymix\system\Common.php(1089): CodeIgniter\View\View->render('Product/ListPro...', Array, true)
#4 C:\xampp\htdocs\ERP_Drymix\app\Controllers\ProductsController.php(66): view('Product/ListPro...', Array)
#5 C:\xampp\htdocs\ERP_Drymix\system\CodeIgniter.php(832): App\Controllers\ProductsController->ListProducts()
#6 C:\xampp\htdocs\ERP_Drymix\system\CodeIgniter.php(419): CodeIgniter\CodeIgniter->runController(Object(App\Controllers\ProductsController))
#7 C:\xampp\htdocs\ERP_Drymix\system\CodeIgniter.php(326): CodeIgniter\CodeIgniter->handleRequest(NULL, Object(Config\Cache), false)
#8 C:\xampp\htdocs\ERP_Drymix\public\index.php(37): CodeIgniter\CodeIgniter->run()
#9 {main}
CRITICAL - 2022-11-14 08:01:00 --> Attempt to read property "productName" on array
#0 C:\xampp\htdocs\ERP_Drymix\app\Views\Product\ListProducts.php(139): CodeIgniter\Debug\Exceptions->errorHandler(2, 'Attempt to read...', 'C:\\xampp\\htdocs...', 139)
#1 C:\xampp\htdocs\ERP_Drymix\system\View\View.php(210): include('C:\\xampp\\htdocs...')
#2 C:\xampp\htdocs\ERP_Drymix\system\View\View.php(213): CodeIgniter\View\View->CodeIgniter\View\{closure}()
#3 C:\xampp\htdocs\ERP_Drymix\system\Common.php(1089): CodeIgniter\View\View->render('Product/ListPro...', Array, true)
#4 C:\xampp\htdocs\ERP_Drymix\app\Controllers\ProductsController.php(66): view('Product/ListPro...', Array)
#5 C:\xampp\htdocs\ERP_Drymix\system\CodeIgniter.php(832): App\Controllers\ProductsController->ListProducts()
#6 C:\xampp\htdocs\ERP_Drymix\system\CodeIgniter.php(419): CodeIgniter\CodeIgniter->runController(Object(App\Controllers\ProductsController))
#7 C:\xampp\htdocs\ERP_Drymix\system\CodeIgniter.php(326): CodeIgniter\CodeIgniter->handleRequest(NULL, Object(Config\Cache), false)
#8 C:\xampp\htdocs\ERP_Drymix\public\index.php(37): CodeIgniter\CodeIgniter->run()
#9 {main}
CRITICAL - 2022-11-14 08:01:58 --> Attempt to read property "formatName" on array
#0 C:\xampp\htdocs\ERP_Drymix\app\Views\Product\ListProducts.php(153): CodeIgniter\Debug\Exceptions->errorHandler(2, 'Attempt to read...', 'C:\\xampp\\htdocs...', 153)
#1 C:\xampp\htdocs\ERP_Drymix\system\View\View.php(210): include('C:\\xampp\\htdocs...')
#2 C:\xampp\htdocs\ERP_Drymix\system\View\View.php(213): CodeIgniter\View\View->CodeIgniter\View\{closure}()
#3 C:\xampp\htdocs\ERP_Drymix\system\Common.php(1089): CodeIgniter\View\View->render('Product/ListPro...', Array, true)
#4 C:\xampp\htdocs\ERP_Drymix\app\Controllers\ProductsController.php(66): view('Product/ListPro...', Array)
#5 C:\xampp\htdocs\ERP_Drymix\system\CodeIgniter.php(832): App\Controllers\ProductsController->ListProducts()
#6 C:\xampp\htdocs\ERP_Drymix\system\CodeIgniter.php(419): CodeIgniter\CodeIgniter->runController(Object(App\Controllers\ProductsController))
#7 C:\xampp\htdocs\ERP_Drymix\system\CodeIgniter.php(326): CodeIgniter\CodeIgniter->handleRequest(NULL, Object(Config\Cache), false)
#8 C:\xampp\htdocs\ERP_Drymix\public\index.php(37): CodeIgniter\CodeIgniter->run()
#9 {main}
CRITICAL - 2022-11-14 08:02:01 --> Attempt to read property "formatName" on array
#0 C:\xampp\htdocs\ERP_Drymix\app\Views\Product\ListProducts.php(153): CodeIgniter\Debug\Exceptions->errorHandler(2, 'Attempt to read...', 'C:\\xampp\\htdocs...', 153)
#1 C:\xampp\htdocs\ERP_Drymix\system\View\View.php(210): include('C:\\xampp\\htdocs...')
#2 C:\xampp\htdocs\ERP_Drymix\system\View\View.php(213): CodeIgniter\View\View->CodeIgniter\View\{closure}()
#3 C:\xampp\htdocs\ERP_Drymix\system\Common.php(1089): CodeIgniter\View\View->render('Product/ListPro...', Array, true)
#4 C:\xampp\htdocs\ERP_Drymix\app\Controllers\ProductsController.php(66): view('Product/ListPro...', Array)
#5 C:\xampp\htdocs\ERP_Drymix\system\CodeIgniter.php(832): App\Controllers\ProductsController->ListProducts()
#6 C:\xampp\htdocs\ERP_Drymix\system\CodeIgniter.php(419): CodeIgniter\CodeIgniter->runController(Object(App\Controllers\ProductsController))
#7 C:\xampp\htdocs\ERP_Drymix\system\CodeIgniter.php(326): CodeIgniter\CodeIgniter->handleRequest(NULL, Object(Config\Cache), false)
#8 C:\xampp\htdocs\ERP_Drymix\public\index.php(37): CodeIgniter\CodeIgniter->run()
#9 {main}
CRITICAL - 2022-11-14 08:05:08 --> Attempt to read property "productName" on array
#0 C:\xampp\htdocs\ERP_Drymix\app\Views\Product\UpdateProduct.php(10): CodeIgniter\Debug\Exceptions->errorHandler(2, 'Attempt to read...', 'C:\\xampp\\htdocs...', 10)
#1 C:\xampp\htdocs\ERP_Drymix\system\View\View.php(210): include('C:\\xampp\\htdocs...')
#2 C:\xampp\htdocs\ERP_Drymix\system\View\View.php(213): CodeIgniter\View\View->CodeIgniter\View\{closure}()
#3 C:\xampp\htdocs\ERP_Drymix\system\Common.php(1089): CodeIgniter\View\View->render('Product/UpdateP...', Array, true)
#4 C:\xampp\htdocs\ERP_Drymix\app\Controllers\ProductsController.php(91): view('Product/UpdateP...', Array)
#5 C:\xampp\htdocs\ERP_Drymix\system\CodeIgniter.php(832): App\Controllers\ProductsController->UpdateProduct()
#6 C:\xampp\htdocs\ERP_Drymix\system\CodeIgniter.php(419): CodeIgniter\CodeIgniter->runController(Object(App\Controllers\ProductsController))
#7 C:\xampp\htdocs\ERP_Drymix\system\CodeIgniter.php(326): CodeIgniter\CodeIgniter->handleRequest(NULL, Object(Config\Cache), false)
#8 C:\xampp\htdocs\ERP_Drymix\public\index.php(37): CodeIgniter\CodeIgniter->run()
#9 {main}
CRITICAL - 2022-11-14 08:10:29 --> Attempt to read property "productName" on array
#0 C:\xampp\htdocs\ERP_Drymix\app\Views\Product\UpdateProduct.php(10): CodeIgniter\Debug\Exceptions->errorHandler(2, 'Attempt to read...', 'C:\\xampp\\htdocs...', 10)
#1 C:\xampp\htdocs\ERP_Drymix\system\View\View.php(210): include('C:\\xampp\\htdocs...')
#2 C:\xampp\htdocs\ERP_Drymix\system\View\View.php(213): CodeIgniter\View\View->CodeIgniter\View\{closure}()
#3 C:\xampp\htdocs\ERP_Drymix\system\Common.php(1089): CodeIgniter\View\View->render('Product/UpdateP...', Array, true)
#4 C:\xampp\htdocs\ERP_Drymix\app\Controllers\ProductsController.php(100): view('Product/UpdateP...', Array)
#5 C:\xampp\htdocs\ERP_Drymix\system\CodeIgniter.php(832): App\Controllers\ProductsController->UpdateProduct()
#6 C:\xampp\htdocs\ERP_Drymix\system\CodeIgniter.php(419): CodeIgniter\CodeIgniter->runController(Object(App\Controllers\ProductsController))
#7 C:\xampp\htdocs\ERP_Drymix\system\CodeIgniter.php(326): CodeIgniter\CodeIgniter->handleRequest(NULL, Object(Config\Cache), false)
#8 C:\xampp\htdocs\ERP_Drymix\public\index.php(37): CodeIgniter\CodeIgniter->run()
#9 {main}
CRITICAL - 2022-11-14 08:10:33 --> Attempt to read property "productName" on array
#0 C:\xampp\htdocs\ERP_Drymix\app\Views\Product\UpdateProduct.php(10): CodeIgniter\Debug\Exceptions->errorHandler(2, 'Attempt to read...', 'C:\\xampp\\htdocs...', 10)
#1 C:\xampp\htdocs\ERP_Drymix\system\View\View.php(210): include('C:\\xampp\\htdocs...')
#2 C:\xampp\htdocs\ERP_Drymix\system\View\View.php(213): CodeIgniter\View\View->CodeIgniter\View\{closure}()
#3 C:\xampp\htdocs\ERP_Drymix\system\Common.php(1089): CodeIgniter\View\View->render('Product/UpdateP...', Array, true)
#4 C:\xampp\htdocs\ERP_Drymix\app\Controllers\ProductsController.php(76): view('Product/UpdateP...', Array)
#5 C:\xampp\htdocs\ERP_Drymix\system\CodeIgniter.php(832): App\Controllers\ProductsController->Update()
#6 C:\xampp\htdocs\ERP_Drymix\system\CodeIgniter.php(419): CodeIgniter\CodeIgniter->runController(Object(App\Controllers\ProductsController))
#7 C:\xampp\htdocs\ERP_Drymix\system\CodeIgniter.php(326): CodeIgniter\CodeIgniter->handleRequest(NULL, Object(Config\Cache), false)
#8 C:\xampp\htdocs\ERP_Drymix\public\index.php(37): CodeIgniter\CodeIgniter->run()
#9 {main}
CRITICAL - 2022-11-14 08:23:21 --> Attempt to read property "productName" on array
#0 C:\xampp\htdocs\ERP_Drymix\app\Views\Product\UpdateProduct.php(10): CodeIgniter\Debug\Exceptions->errorHandler(2, 'Attempt to read...', 'C:\\xampp\\htdocs...', 10)
#1 C:\xampp\htdocs\ERP_Drymix\system\View\View.php(210): include('C:\\xampp\\htdocs...')
#2 C:\xampp\htdocs\ERP_Drymix\system\View\View.php(213): CodeIgniter\View\View->CodeIgniter\View\{closure}()
#3 C:\xampp\htdocs\ERP_Drymix\system\Common.php(1089): CodeIgniter\View\View->render('Product/UpdateP...', Array, true)
#4 C:\xampp\htdocs\ERP_Drymix\app\Controllers\ProductsController.php(76): view('Product/UpdateP...', Array)
#5 C:\xampp\htdocs\ERP_Drymix\system\CodeIgniter.php(832): App\Controllers\ProductsController->Update()
#6 C:\xampp\htdocs\ERP_Drymix\system\CodeIgniter.php(419): CodeIgniter\CodeIgniter->runController(Object(App\Controllers\ProductsController))
#7 C:\xampp\htdocs\ERP_Drymix\system\CodeIgniter.php(326): CodeIgniter\CodeIgniter->handleRequest(NULL, Object(Config\Cache), false)
#8 C:\xampp\htdocs\ERP_Drymix\public\index.php(37): CodeIgniter\CodeIgniter->run()
#9 {main}
CRITICAL - 2022-11-14 08:35:17 --> Undefined variable $data
#0 C:\xampp\htdocs\ERP_Drymix\app\Views\Product\UpdateProduct.php(9): CodeIgniter\Debug\Exceptions->errorHandler(2, 'Undefined varia...', 'C:\\xampp\\htdocs...', 9)
#1 C:\xampp\htdocs\ERP_Drymix\system\View\View.php(210): include('C:\\xampp\\htdocs...')
#2 C:\xampp\htdocs\ERP_Drymix\system\View\View.php(213): CodeIgniter\View\View->CodeIgniter\View\{closure}()
#3 C:\xampp\htdocs\ERP_Drymix\system\Common.php(1089): CodeIgniter\View\View->render('Product/UpdateP...', Array, true)
#4 C:\xampp\htdocs\ERP_Drymix\app\Controllers\ProductsController.php(76): view('Product/UpdateP...', Array)
#5 C:\xampp\htdocs\ERP_Drymix\system\CodeIgniter.php(832): App\Controllers\ProductsController->Update()
#6 C:\xampp\htdocs\ERP_Drymix\system\CodeIgniter.php(419): CodeIgniter\CodeIgniter->runController(Object(App\Controllers\ProductsController))
#7 C:\xampp\htdocs\ERP_Drymix\system\CodeIgniter.php(326): CodeIgniter\CodeIgniter->handleRequest(NULL, Object(Config\Cache), false)
#8 C:\xampp\htdocs\ERP_Drymix\public\index.php(37): CodeIgniter\CodeIgniter->run()
#9 {main}
CRITICAL - 2022-11-14 08:46:35 --> Invalid file: DashboardSCM.php
#0 C:\xampp\htdocs\ERP_Drymix\system\View\View.php(198): CodeIgniter\Exceptions\FrameworkException::forInvalidFile('DashboardSCM.ph...')
#1 C:\xampp\htdocs\ERP_Drymix\system\Common.php(1089): CodeIgniter\View\View->render('DashboardSCM', Array, true)
#2 C:\xampp\htdocs\ERP_Drymix\app\Controllers\AcquisitionController.php(13): view('DashboardSCM')
#3 C:\xampp\htdocs\ERP_Drymix\system\CodeIgniter.php(832): App\Controllers\AcquisitionController->index()
#4 C:\xampp\htdocs\ERP_Drymix\system\CodeIgniter.php(419): CodeIgniter\CodeIgniter->runController(Object(App\Controllers\AcquisitionController))
#5 C:\xampp\htdocs\ERP_Drymix\system\CodeIgniter.php(326): CodeIgniter\CodeIgniter->handleRequest(NULL, Object(Config\Cache), false)
#6 C:\xampp\htdocs\ERP_Drymix\public\index.php(37): CodeIgniter\CodeIgniter->run()
#7 {main}
CRITICAL - 2022-11-14 08:47:49 --> Undefined variable $types
#0 C:\xampp\htdocs\ERP_Drymix\app\Views\Product\UpdateProduct.php(20): CodeIgniter\Debug\Exceptions->errorHandler(2, 'Undefined varia...', 'C:\\xampp\\htdocs...', 20)
#1 C:\xampp\htdocs\ERP_Drymix\system\View\View.php(210): include('C:\\xampp\\htdocs...')
#2 C:\xampp\htdocs\ERP_Drymix\system\View\View.php(213): CodeIgniter\View\View->CodeIgniter\View\{closure}()
#3 C:\xampp\htdocs\ERP_Drymix\system\Common.php(1089): CodeIgniter\View\View->render('Product/UpdateP...', Array, true)
#4 C:\xampp\htdocs\ERP_Drymix\app\Controllers\ProductsController.php(77): view('Product/UpdateP...', Array)
#5 C:\xampp\htdocs\ERP_Drymix\system\CodeIgniter.php(832): App\Controllers\ProductsController->Update()
#6 C:\xampp\htdocs\ERP_Drymix\system\CodeIgniter.php(419): CodeIgniter\CodeIgniter->runController(Object(App\Controllers\ProductsController))
#7 C:\xampp\htdocs\ERP_Drymix\system\CodeIgniter.php(326): CodeIgniter\CodeIgniter->handleRequest(NULL, Object(Config\Cache), false)
#8 C:\xampp\htdocs\ERP_Drymix\public\index.php(37): CodeIgniter\CodeIgniter->run()
#9 {main}
CRITICAL - 2022-11-14 08:50:07 --> Attempt to read property "productTypeName" on array
#0 C:\xampp\htdocs\ERP_Drymix\app\Views\Product\UpdateProduct.php(20): CodeIgniter\Debug\Exceptions->errorHandler(2, 'Attempt to read...', 'C:\\xampp\\htdocs...', 20)
#1 C:\xampp\htdocs\ERP_Drymix\system\View\View.php(210): include('C:\\xampp\\htdocs...')
#2 C:\xampp\htdocs\ERP_Drymix\system\View\View.php(213): CodeIgniter\View\View->CodeIgniter\View\{closure}()
#3 C:\xampp\htdocs\ERP_Drymix\system\Common.php(1089): CodeIgniter\View\View->render('Product/UpdateP...', Array, true)
#4 C:\xampp\htdocs\ERP_Drymix\app\Controllers\ProductsController.php(81): view('Product/UpdateP...', Array)
#5 C:\xampp\htdocs\ERP_Drymix\system\CodeIgniter.php(832): App\Controllers\ProductsController->Update()
#6 C:\xampp\htdocs\ERP_Drymix\system\CodeIgniter.php(419): CodeIgniter\CodeIgniter->runController(Object(App\Controllers\ProductsController))
#7 C:\xampp\htdocs\ERP_Drymix\system\CodeIgniter.php(326): CodeIgniter\CodeIgniter->handleRequest(NULL, Object(Config\Cache), false)
#8 C:\xampp\htdocs\ERP_Drymix\public\index.php(37): CodeIgniter\CodeIgniter->run()
#9 {main}
CRITICAL - 2022-11-14 08:50:19 --> Undefined property: stdClass::$productTypeName
#0 C:\xampp\htdocs\ERP_Drymix\app\Views\Product\UpdateProduct.php(20): CodeIgniter\Debug\Exceptions->errorHandler(2, 'Undefined prope...', 'C:\\xampp\\htdocs...', 20)
#1 C:\xampp\htdocs\ERP_Drymix\system\View\View.php(210): include('C:\\xampp\\htdocs...')
#2 C:\xampp\htdocs\ERP_Drymix\system\View\View.php(213): CodeIgniter\View\View->CodeIgniter\View\{closure}()
#3 C:\xampp\htdocs\ERP_Drymix\system\Common.php(1089): CodeIgniter\View\View->render('Product/UpdateP...', Array, true)
#4 C:\xampp\htdocs\ERP_Drymix\app\Controllers\ProductsController.php(81): view('Product/UpdateP...', Array)
#5 C:\xampp\htdocs\ERP_Drymix\system\CodeIgniter.php(832): App\Controllers\ProductsController->Update()
#6 C:\xampp\htdocs\ERP_Drymix\system\CodeIgniter.php(419): CodeIgniter\CodeIgniter->runController(Object(App\Controllers\ProductsController))
#7 C:\xampp\htdocs\ERP_Drymix\system\CodeIgniter.php(326): CodeIgniter\CodeIgniter->handleRequest(NULL, Object(Config\Cache), false)
#8 C:\xampp\htdocs\ERP_Drymix\public\index.php(37): CodeIgniter\CodeIgniter->run()
#9 {main}
CRITICAL - 2022-11-14 08:52:16 --> Undefined property: stdClass::$productTypeName
#0 C:\xampp\htdocs\ERP_Drymix\app\Views\Product\UpdateProduct.php(20): CodeIgniter\Debug\Exceptions->errorHandler(2, 'Undefined prope...', 'C:\\xampp\\htdocs...', 20)
#1 C:\xampp\htdocs\ERP_Drymix\system\View\View.php(210): include('C:\\xampp\\htdocs...')
#2 C:\xampp\htdocs\ERP_Drymix\system\View\View.php(213): CodeIgniter\View\View->CodeIgniter\View\{closure}()
#3 C:\xampp\htdocs\ERP_Drymix\system\Common.php(1089): CodeIgniter\View\View->render('Product/UpdateP...', Array, true)
#4 C:\xampp\htdocs\ERP_Drymix\app\Controllers\ProductsController.php(81): view('Product/UpdateP...', Array)
#5 C:\xampp\htdocs\ERP_Drymix\system\CodeIgniter.php(832): App\Controllers\ProductsController->Update()
#6 C:\xampp\htdocs\ERP_Drymix\system\CodeIgniter.php(419): CodeIgniter\CodeIgniter->runController(Object(App\Controllers\ProductsController))
#7 C:\xampp\htdocs\ERP_Drymix\system\CodeIgniter.php(326): CodeIgniter\CodeIgniter->handleRequest(NULL, Object(Config\Cache), false)
#8 C:\xampp\htdocs\ERP_Drymix\public\index.php(37): CodeIgniter\CodeIgniter->run()
#9 {main}
CRITICAL - 2022-11-14 08:53:33 --> Undefined variable $type
#0 C:\xampp\htdocs\ERP_Drymix\app\Views\Product\UpdateProduct.php(20): CodeIgniter\Debug\Exceptions->errorHandler(2, 'Undefined varia...', 'C:\\xampp\\htdocs...', 20)
#1 C:\xampp\htdocs\ERP_Drymix\system\View\View.php(210): include('C:\\xampp\\htdocs...')
#2 C:\xampp\htdocs\ERP_Drymix\system\View\View.php(213): CodeIgniter\View\View->CodeIgniter\View\{closure}()
#3 C:\xampp\htdocs\ERP_Drymix\system\Common.php(1089): CodeIgniter\View\View->render('Product/UpdateP...', Array, true)
#4 C:\xampp\htdocs\ERP_Drymix\app\Controllers\ProductsController.php(81): view('Product/UpdateP...', Array)
#5 C:\xampp\htdocs\ERP_Drymix\system\CodeIgniter.php(832): App\Controllers\ProductsController->Update()
#6 C:\xampp\htdocs\ERP_Drymix\system\CodeIgniter.php(419): CodeIgniter\CodeIgniter->runController(Object(App\Controllers\ProductsController))
#7 C:\xampp\htdocs\ERP_Drymix\system\CodeIgniter.php(326): CodeIgniter\CodeIgniter->handleRequest(NULL, Object(Config\Cache), false)
#8 C:\xampp\htdocs\ERP_Drymix\public\index.php(37): CodeIgniter\CodeIgniter->run()
#9 {main}
CRITICAL - 2022-11-14 08:53:53 --> Undefined property: stdClass::$idFormat
#0 C:\xampp\htdocs\ERP_Drymix\app\Views\Product\UpdateProduct.php(34): CodeIgniter\Debug\Exceptions->errorHandler(2, 'Undefined prope...', 'C:\\xampp\\htdocs...', 34)
#1 C:\xampp\htdocs\ERP_Drymix\system\View\View.php(210): include('C:\\xampp\\htdocs...')
#2 C:\xampp\htdocs\ERP_Drymix\system\View\View.php(213): CodeIgniter\View\View->CodeIgniter\View\{closure}()
#3 C:\xampp\htdocs\ERP_Drymix\system\Common.php(1089): CodeIgniter\View\View->render('Product/UpdateP...', Array, true)
#4 C:\xampp\htdocs\ERP_Drymix\app\Controllers\ProductsController.php(81): view('Product/UpdateP...', Array)
#5 C:\xampp\htdocs\ERP_Drymix\system\CodeIgniter.php(832): App\Controllers\ProductsController->Update()
#6 C:\xampp\htdocs\ERP_Drymix\system\CodeIgniter.php(419): CodeIgniter\CodeIgniter->runController(Object(App\Controllers\ProductsController))
#7 C:\xampp\htdocs\ERP_Drymix\system\CodeIgniter.php(326): CodeIgniter\CodeIgniter->handleRequest(NULL, Object(Config\Cache), false)
#8 C:\xampp\htdocs\ERP_Drymix\public\index.php(37): CodeIgniter\CodeIgniter->run()
#9 {main}
CRITICAL - 2022-11-14 09:56:44 --> Undefined array key "typeName"
#0 C:\xampp\htdocs\ERP_Drymix\app\Models\ProductTypeModel.php(15): CodeIgniter\Debug\Exceptions->errorHandler(2, 'Undefined array...', 'C:\\xampp\\htdocs...', 15)
#1 C:\xampp\htdocs\ERP_Drymix\app\Controllers\ProductTypeController.php(37): App\Models\ProductTypeModel->InsertProductType(Array)
#2 C:\xampp\htdocs\ERP_Drymix\system\CodeIgniter.php(832): App\Controllers\ProductTypeController->InsertProductType()
#3 C:\xampp\htdocs\ERP_Drymix\system\CodeIgniter.php(419): CodeIgniter\CodeIgniter->runController(Object(App\Controllers\ProductTypeController))
#4 C:\xampp\htdocs\ERP_Drymix\system\CodeIgniter.php(326): CodeIgniter\CodeIgniter->handleRequest(NULL, Object(Config\Cache), false)
#5 C:\xampp\htdocs\ERP_Drymix\public\index.php(37): CodeIgniter\CodeIgniter->run()
#6 {main}
ERROR - 2022-11-14 09:57:01 --> Field 'idLine' doesn't have a default value
CRITICAL - 2022-11-14 09:57:01 --> Field 'idLine' doesn't have a default value
#0 C:\xampp\htdocs\ERP_Drymix\system\Database\MySQLi\Connection.php(292): mysqli->query('INSERT INTO `Pr...', 0)
#1 C:\xampp\htdocs\ERP_Drymix\system\Database\BaseConnection.php(670): CodeIgniter\Database\MySQLi\Connection->execute('INSERT INTO `Pr...')
#2 C:\xampp\htdocs\ERP_Drymix\system\Database\BaseConnection.php(598): CodeIgniter\Database\BaseConnection->simpleQuery('INSERT INTO `Pr...')
#3 C:\xampp\htdocs\ERP_Drymix\system\Database\BaseBuilder.php(1771): CodeIgniter\Database\BaseConnection->query('INSERT INTO `Pr...', Array, false)
#4 C:\xampp\htdocs\ERP_Drymix\app\Models\ProductTypeModel.php(18): CodeIgniter\Database\BaseBuilder->insert(Array)
#5 C:\xampp\htdocs\ERP_Drymix\app\Controllers\ProductTypeController.php(37): App\Models\ProductTypeModel->InsertProductType(Array)
#6 C:\xampp\htdocs\ERP_Drymix\system\CodeIgniter.php(832): App\Controllers\ProductTypeController->InsertProductType()
#7 C:\xampp\htdocs\ERP_Drymix\system\CodeIgniter.php(419): CodeIgniter\CodeIgniter->runController(Object(App\Controllers\ProductTypeController))
#8 C:\xampp\htdocs\ERP_Drymix\system\CodeIgniter.php(326): CodeIgniter\CodeIgniter->handleRequest(NULL, Object(Config\Cache), false)
#9 C:\xampp\htdocs\ERP_Drymix\public\index.php(37): CodeIgniter\CodeIgniter->run()
#10 {main}
CRITICAL - 2022-11-14 10:00:08 --> Undefined variable $types
#0 C:\xampp\htdocs\ERP_Drymix\app\Views\Product\Line\ListLines.php(85): CodeIgniter\Debug\Exceptions->errorHandler(2, 'Undefined varia...', 'C:\\xampp\\htdocs...', 85)
#1 C:\xampp\htdocs\ERP_Drymix\system\View\View.php(210): include('C:\\xampp\\htdocs...')
#2 C:\xampp\htdocs\ERP_Drymix\system\View\View.php(213): CodeIgniter\View\View->CodeIgniter\View\{closure}()
#3 C:\xampp\htdocs\ERP_Drymix\system\Common.php(1089): CodeIgniter\View\View->render('Product/Line/Li...', Array, true)
#4 C:\xampp\htdocs\ERP_Drymix\app\Controllers\LinesController.php(44): view('Product/Line/Li...', Array)
#5 C:\xampp\htdocs\ERP_Drymix\system\CodeIgniter.php(832): App\Controllers\LinesController->ListLines()
#6 C:\xampp\htdocs\ERP_Drymix\system\CodeIgniter.php(419): CodeIgniter\CodeIgniter->runController(Object(App\Controllers\LinesController))
#7 C:\xampp\htdocs\ERP_Drymix\system\CodeIgniter.php(326): CodeIgniter\CodeIgniter->handleRequest(NULL, Object(Config\Cache), false)
#8 C:\xampp\htdocs\ERP_Drymix\public\index.php(37): CodeIgniter\CodeIgniter->run()
#9 {main}
CRITICAL - 2022-11-14 10:11:24 --> You must set the database table to be used with your query.
#0 C:\xampp\htdocs\ERP_Drymix\system\Model.php(545): CodeIgniter\Database\BaseConnection->table(NULL)
#1 C:\xampp\htdocs\ERP_Drymix\system\Model.php(722): CodeIgniter\Model->builder()
#2 C:\xampp\htdocs\ERP_Drymix\app\Controllers\LinesController.php(23): CodeIgniter\Model->__call('SelectLine', Array)
#3 C:\xampp\htdocs\ERP_Drymix\system\CodeIgniter.php(832): App\Controllers\LinesController->Update()
#4 C:\xampp\htdocs\ERP_Drymix\system\CodeIgniter.php(419): CodeIgniter\CodeIgniter->runController(Object(App\Controllers\LinesController))
#5 C:\xampp\htdocs\ERP_Drymix\system\CodeIgniter.php(326): CodeIgniter\CodeIgniter->handleRequest(NULL, Object(Config\Cache), false)
#6 C:\xampp\htdocs\ERP_Drymix\public\index.php(37): CodeIgniter\CodeIgniter->run()
#7 {main}
