CRITICAL - 2022-06-07 02:32:08 --> Undefined variable $provider
#0 I:\7mo Semestre\TALLER DE SISTEMAS I\Proyecto\ERP_Drymix\app\Views\Acquisition\AcquisitionMain.php(131): CodeIgniter\Debug\Exceptions->errorHandler(2, 'Undefined varia...', 'I:\\7mo Semestre...', 131)
#1 I:\7mo Semestre\TALLER DE SISTEMAS I\Proyecto\ERP_Drymix\system\View\View.php(210): include('I:\\7mo Semestre...')
#2 I:\7mo Semestre\TALLER DE SISTEMAS I\Proyecto\ERP_Drymix\system\View\View.php(213): CodeIgniter\View\View->CodeIgniter\View\{closure}()
#3 I:\7mo Semestre\TALLER DE SISTEMAS I\Proyecto\ERP_Drymix\system\Common.php(1089): CodeIgniter\View\View->render('Acquisition/Acq...', Array, true)
#4 I:\7mo Semestre\TALLER DE SISTEMAS I\Proyecto\ERP_Drymix\app\Controllers\AcquisitionController.php(14): view('Acquisition/Acq...', Array)
#5 I:\7mo Semestre\TALLER DE SISTEMAS I\Proyecto\ERP_Drymix\system\CodeIgniter.php(832): App\Controllers\AcquisitionController->index()
#6 I:\7mo Semestre\TALLER DE SISTEMAS I\Proyecto\ERP_Drymix\system\CodeIgniter.php(419): CodeIgniter\CodeIgniter->runController(Object(App\Controllers\AcquisitionController))
#7 I:\7mo Semestre\TALLER DE SISTEMAS I\Proyecto\ERP_Drymix\system\CodeIgniter.php(326): CodeIgniter\CodeIgniter->handleRequest(NULL, Object(Config\Cache), false)
#8 I:\7mo Semestre\TALLER DE SISTEMAS I\Proyecto\ERP_Drymix\public\index.php(37): CodeIgniter\CodeIgniter->run()
#9 {main}
CRITICAL - 2022-06-07 08:12:40 --> Call to undefined method App\Models\EmployeeModel::readCharges
#0 I:\7mo Semestre\TALLER DE SISTEMAS I\Proyecto\ERP_Drymix\app\Controllers\EmployeeController.php(15): CodeIgniter\Model->__call('readCharges', Array)
#1 I:\7mo Semestre\TALLER DE SISTEMAS I\Proyecto\ERP_Drymix\system\CodeIgniter.php(832): App\Controllers\EmployeeController->index()
#2 I:\7mo Semestre\TALLER DE SISTEMAS I\Proyecto\ERP_Drymix\system\CodeIgniter.php(419): CodeIgniter\CodeIgniter->runController(Object(App\Controllers\EmployeeController))
#3 I:\7mo Semestre\TALLER DE SISTEMAS I\Proyecto\ERP_Drymix\system\CodeIgniter.php(326): CodeIgniter\CodeIgniter->handleRequest(NULL, Object(Config\Cache), false)
#4 I:\7mo Semestre\TALLER DE SISTEMAS I\Proyecto\ERP_Drymix\public\index.php(37): CodeIgniter\CodeIgniter->run()
#5 {main}
CRITICAL - 2022-06-07 08:13:32 --> Unsupported operand types: string + string
#0 I:\7mo Semestre\TALLER DE SISTEMAS I\Proyecto\ERP_Drymix\system\View\View.php(210): include()
#1 I:\7mo Semestre\TALLER DE SISTEMAS I\Proyecto\ERP_Drymix\system\View\View.php(213): CodeIgniter\View\View->CodeIgniter\View\{closure}()
#2 I:\7mo Semestre\TALLER DE SISTEMAS I\Proyecto\ERP_Drymix\system\Common.php(1089): CodeIgniter\View\View->render('HRM/AssignEmplo...', Array, true)
#3 I:\7mo Semestre\TALLER DE SISTEMAS I\Proyecto\ERP_Drymix\app\Controllers\EmployeeController.php(18): view('HRM/AssignEmplo...', Array)
#4 I:\7mo Semestre\TALLER DE SISTEMAS I\Proyecto\ERP_Drymix\system\CodeIgniter.php(832): App\Controllers\EmployeeController->index()
#5 I:\7mo Semestre\TALLER DE SISTEMAS I\Proyecto\ERP_Drymix\system\CodeIgniter.php(419): CodeIgniter\CodeIgniter->runController(Object(App\Controllers\EmployeeController))
#6 I:\7mo Semestre\TALLER DE SISTEMAS I\Proyecto\ERP_Drymix\system\CodeIgniter.php(326): CodeIgniter\CodeIgniter->handleRequest(NULL, Object(Config\Cache), false)
#7 I:\7mo Semestre\TALLER DE SISTEMAS I\Proyecto\ERP_Drymix\public\index.php(37): CodeIgniter\CodeIgniter->run()
#8 {main}
CRITICAL - 2022-06-07 08:15:05 --> Undefined variable $data1
#0 I:\7mo Semestre\TALLER DE SISTEMAS I\Proyecto\ERP_Drymix\app\Views\HRM\AssignEmployee.php(139): CodeIgniter\Debug\Exceptions->errorHandler(2, 'Undefined varia...', 'I:\\7mo Semestre...', 139)
#1 I:\7mo Semestre\TALLER DE SISTEMAS I\Proyecto\ERP_Drymix\system\View\View.php(210): include('I:\\7mo Semestre...')
#2 I:\7mo Semestre\TALLER DE SISTEMAS I\Proyecto\ERP_Drymix\system\View\View.php(213): CodeIgniter\View\View->CodeIgniter\View\{closure}()
#3 I:\7mo Semestre\TALLER DE SISTEMAS I\Proyecto\ERP_Drymix\system\Common.php(1089): CodeIgniter\View\View->render('HRM/AssignEmplo...', Array, true)
#4 I:\7mo Semestre\TALLER DE SISTEMAS I\Proyecto\ERP_Drymix\app\Controllers\EmployeeController.php(18): view('HRM/AssignEmplo...', Array)
#5 I:\7mo Semestre\TALLER DE SISTEMAS I\Proyecto\ERP_Drymix\system\CodeIgniter.php(832): App\Controllers\EmployeeController->index()
#6 I:\7mo Semestre\TALLER DE SISTEMAS I\Proyecto\ERP_Drymix\system\CodeIgniter.php(419): CodeIgniter\CodeIgniter->runController(Object(App\Controllers\EmployeeController))
#7 I:\7mo Semestre\TALLER DE SISTEMAS I\Proyecto\ERP_Drymix\system\CodeIgniter.php(326): CodeIgniter\CodeIgniter->handleRequest(NULL, Object(Config\Cache), false)
#8 I:\7mo Semestre\TALLER DE SISTEMAS I\Proyecto\ERP_Drymix\public\index.php(37): CodeIgniter\CodeIgniter->run()
#9 {main}
CRITICAL - 2022-06-07 08:15:40 --> Undefined variable $charge
#0 I:\7mo Semestre\TALLER DE SISTEMAS I\Proyecto\ERP_Drymix\app\Views\HRM\AssignEmployee.php(139): CodeIgniter\Debug\Exceptions->errorHandler(2, 'Undefined varia...', 'I:\\7mo Semestre...', 139)
#1 I:\7mo Semestre\TALLER DE SISTEMAS I\Proyecto\ERP_Drymix\system\View\View.php(210): include('I:\\7mo Semestre...')
#2 I:\7mo Semestre\TALLER DE SISTEMAS I\Proyecto\ERP_Drymix\system\View\View.php(213): CodeIgniter\View\View->CodeIgniter\View\{closure}()
#3 I:\7mo Semestre\TALLER DE SISTEMAS I\Proyecto\ERP_Drymix\system\Common.php(1089): CodeIgniter\View\View->render('HRM/AssignEmplo...', Array, true)
#4 I:\7mo Semestre\TALLER DE SISTEMAS I\Proyecto\ERP_Drymix\app\Controllers\EmployeeController.php(18): view('HRM/AssignEmplo...', Array)
#5 I:\7mo Semestre\TALLER DE SISTEMAS I\Proyecto\ERP_Drymix\system\CodeIgniter.php(832): App\Controllers\EmployeeController->index()
#6 I:\7mo Semestre\TALLER DE SISTEMAS I\Proyecto\ERP_Drymix\system\CodeIgniter.php(419): CodeIgniter\CodeIgniter->runController(Object(App\Controllers\EmployeeController))
#7 I:\7mo Semestre\TALLER DE SISTEMAS I\Proyecto\ERP_Drymix\system\CodeIgniter.php(326): CodeIgniter\CodeIgniter->handleRequest(NULL, Object(Config\Cache), false)
#8 I:\7mo Semestre\TALLER DE SISTEMAS I\Proyecto\ERP_Drymix\public\index.php(37): CodeIgniter\CodeIgniter->run()
#9 {main}
CRITICAL - 2022-06-07 08:16:03 --> Undefined array key "idDepartment"
#0 I:\7mo Semestre\TALLER DE SISTEMAS I\Proyecto\ERP_Drymix\app\Views\HRM\AssignEmployee.php(161): CodeIgniter\Debug\Exceptions->errorHandler(2, 'Undefined array...', 'I:\\7mo Semestre...', 161)
#1 I:\7mo Semestre\TALLER DE SISTEMAS I\Proyecto\ERP_Drymix\system\View\View.php(210): include('I:\\7mo Semestre...')
#2 I:\7mo Semestre\TALLER DE SISTEMAS I\Proyecto\ERP_Drymix\system\View\View.php(213): CodeIgniter\View\View->CodeIgniter\View\{closure}()
#3 I:\7mo Semestre\TALLER DE SISTEMAS I\Proyecto\ERP_Drymix\system\Common.php(1089): CodeIgniter\View\View->render('HRM/AssignEmplo...', Array, true)
#4 I:\7mo Semestre\TALLER DE SISTEMAS I\Proyecto\ERP_Drymix\app\Controllers\EmployeeController.php(18): view('HRM/AssignEmplo...', Array)
#5 I:\7mo Semestre\TALLER DE SISTEMAS I\Proyecto\ERP_Drymix\system\CodeIgniter.php(832): App\Controllers\EmployeeController->index()
#6 I:\7mo Semestre\TALLER DE SISTEMAS I\Proyecto\ERP_Drymix\system\CodeIgniter.php(419): CodeIgniter\CodeIgniter->runController(Object(App\Controllers\EmployeeController))
#7 I:\7mo Semestre\TALLER DE SISTEMAS I\Proyecto\ERP_Drymix\system\CodeIgniter.php(326): CodeIgniter\CodeIgniter->handleRequest(NULL, Object(Config\Cache), false)
#8 I:\7mo Semestre\TALLER DE SISTEMAS I\Proyecto\ERP_Drymix\public\index.php(37): CodeIgniter\CodeIgniter->run()
#9 {main}
CRITICAL - 2022-06-07 08:18:03 --> Call to undefined method App\Models\EmployeeModel::updateCharge
#0 I:\7mo Semestre\TALLER DE SISTEMAS I\Proyecto\ERP_Drymix\app\Controllers\EmployeeController.php(30): CodeIgniter\Model->__call('updateCharge', Array)
#1 I:\7mo Semestre\TALLER DE SISTEMAS I\Proyecto\ERP_Drymix\system\CodeIgniter.php(832): App\Controllers\EmployeeController->UpdateEmployeeCharge()
#2 I:\7mo Semestre\TALLER DE SISTEMAS I\Proyecto\ERP_Drymix\system\CodeIgniter.php(419): CodeIgniter\CodeIgniter->runController(Object(App\Controllers\EmployeeController))
#3 I:\7mo Semestre\TALLER DE SISTEMAS I\Proyecto\ERP_Drymix\system\CodeIgniter.php(326): CodeIgniter\CodeIgniter->handleRequest(NULL, Object(Config\Cache), false)
#4 I:\7mo Semestre\TALLER DE SISTEMAS I\Proyecto\ERP_Drymix\public\index.php(37): CodeIgniter\CodeIgniter->run()
#5 {main}
ERROR - 2022-06-07 08:18:46 --> Truncated incorrect DOUBLE value: 'Employee'
CRITICAL - 2022-06-07 08:18:46 --> Truncated incorrect DOUBLE value: 'Employee'
#0 I:\7mo Semestre\TALLER DE SISTEMAS I\Proyecto\ERP_Drymix\system\Database\MySQLi\Connection.php(292): mysqli->query('UPDATE `Employe...', 0)
#1 I:\7mo Semestre\TALLER DE SISTEMAS I\Proyecto\ERP_Drymix\system\Database\BaseConnection.php(670): CodeIgniter\Database\MySQLi\Connection->execute('UPDATE `Employe...')
#2 I:\7mo Semestre\TALLER DE SISTEMAS I\Proyecto\ERP_Drymix\system\Database\BaseConnection.php(598): CodeIgniter\Database\BaseConnection->simpleQuery('UPDATE `Employe...')
#3 I:\7mo Semestre\TALLER DE SISTEMAS I\Proyecto\ERP_Drymix\system\Database\BaseBuilder.php(1913): CodeIgniter\Database\BaseConnection->query('UPDATE `Employe...', Array, false)
#4 I:\7mo Semestre\TALLER DE SISTEMAS I\Proyecto\ERP_Drymix\system\Model.php(298): CodeIgniter\Database\BaseBuilder->update()
#5 I:\7mo Semestre\TALLER DE SISTEMAS I\Proyecto\ERP_Drymix\system\BaseModel.php(865): CodeIgniter\Model->doUpdate(Array, Array)
#6 I:\7mo Semestre\TALLER DE SISTEMAS I\Proyecto\ERP_Drymix\system\Model.php(651): CodeIgniter\BaseModel->update(Array, Array)
#7 I:\7mo Semestre\TALLER DE SISTEMAS I\Proyecto\ERP_Drymix\app\Models\EmployeeModel.php(33): CodeIgniter\Model->update('Employee', Array)
#8 I:\7mo Semestre\TALLER DE SISTEMAS I\Proyecto\ERP_Drymix\app\Controllers\EmployeeController.php(30): App\Models\EmployeeModel->UpdateEmployee(Array, Array)
#9 I:\7mo Semestre\TALLER DE SISTEMAS I\Proyecto\ERP_Drymix\system\CodeIgniter.php(832): App\Controllers\EmployeeController->UpdateEmployeeCharge()
#10 I:\7mo Semestre\TALLER DE SISTEMAS I\Proyecto\ERP_Drymix\system\CodeIgniter.php(419): CodeIgniter\CodeIgniter->runController(Object(App\Controllers\EmployeeController))
#11 I:\7mo Semestre\TALLER DE SISTEMAS I\Proyecto\ERP_Drymix\system\CodeIgniter.php(326): CodeIgniter\CodeIgniter->handleRequest(NULL, Object(Config\Cache), false)
#12 I:\7mo Semestre\TALLER DE SISTEMAS I\Proyecto\ERP_Drymix\public\index.php(37): CodeIgniter\CodeIgniter->run()
#13 {main}
ERROR - 2022-06-07 08:21:02 --> Truncated incorrect DOUBLE value: 'Employee'
CRITICAL - 2022-06-07 08:21:02 --> Truncated incorrect DOUBLE value: 'Employee'
#0 I:\7mo Semestre\TALLER DE SISTEMAS I\Proyecto\ERP_Drymix\system\Database\MySQLi\Connection.php(292): mysqli->query('UPDATE `Employe...', 0)
#1 I:\7mo Semestre\TALLER DE SISTEMAS I\Proyecto\ERP_Drymix\system\Database\BaseConnection.php(670): CodeIgniter\Database\MySQLi\Connection->execute('UPDATE `Employe...')
#2 I:\7mo Semestre\TALLER DE SISTEMAS I\Proyecto\ERP_Drymix\system\Database\BaseConnection.php(598): CodeIgniter\Database\BaseConnection->simpleQuery('UPDATE `Employe...')
#3 I:\7mo Semestre\TALLER DE SISTEMAS I\Proyecto\ERP_Drymix\system\Database\BaseBuilder.php(1913): CodeIgniter\Database\BaseConnection->query('UPDATE `Employe...', Array, false)
#4 I:\7mo Semestre\TALLER DE SISTEMAS I\Proyecto\ERP_Drymix\system\Model.php(298): CodeIgniter\Database\BaseBuilder->update()
#5 I:\7mo Semestre\TALLER DE SISTEMAS I\Proyecto\ERP_Drymix\system\BaseModel.php(865): CodeIgniter\Model->doUpdate(Array, Array)
#6 I:\7mo Semestre\TALLER DE SISTEMAS I\Proyecto\ERP_Drymix\system\Model.php(651): CodeIgniter\BaseModel->update(Array, Array)
#7 I:\7mo Semestre\TALLER DE SISTEMAS I\Proyecto\ERP_Drymix\app\Models\EmployeeModel.php(33): CodeIgniter\Model->update('Employee', Array)
#8 I:\7mo Semestre\TALLER DE SISTEMAS I\Proyecto\ERP_Drymix\app\Controllers\EmployeeController.php(30): App\Models\EmployeeModel->UpdateEmployee(Array, Array)
#9 I:\7mo Semestre\TALLER DE SISTEMAS I\Proyecto\ERP_Drymix\system\CodeIgniter.php(832): App\Controllers\EmployeeController->UpdateEmployeeCharge()
#10 I:\7mo Semestre\TALLER DE SISTEMAS I\Proyecto\ERP_Drymix\system\CodeIgniter.php(419): CodeIgniter\CodeIgniter->runController(Object(App\Controllers\EmployeeController))
#11 I:\7mo Semestre\TALLER DE SISTEMAS I\Proyecto\ERP_Drymix\system\CodeIgniter.php(326): CodeIgniter\CodeIgniter->handleRequest(NULL, Object(Config\Cache), false)
#12 I:\7mo Semestre\TALLER DE SISTEMAS I\Proyecto\ERP_Drymix\public\index.php(37): CodeIgniter\CodeIgniter->run()
#13 {main}
ERROR - 2022-06-07 08:22:04 --> Truncated incorrect DOUBLE value: 'idCharge'
CRITICAL - 2022-06-07 08:22:04 --> Truncated incorrect DOUBLE value: 'idCharge'
#0 I:\7mo Semestre\TALLER DE SISTEMAS I\Proyecto\ERP_Drymix\system\Database\MySQLi\Connection.php(292): mysqli->query('UPDATE `Employe...', 0)
#1 I:\7mo Semestre\TALLER DE SISTEMAS I\Proyecto\ERP_Drymix\system\Database\BaseConnection.php(670): CodeIgniter\Database\MySQLi\Connection->execute('UPDATE `Employe...')
#2 I:\7mo Semestre\TALLER DE SISTEMAS I\Proyecto\ERP_Drymix\system\Database\BaseConnection.php(598): CodeIgniter\Database\BaseConnection->simpleQuery('UPDATE `Employe...')
#3 I:\7mo Semestre\TALLER DE SISTEMAS I\Proyecto\ERP_Drymix\system\Database\BaseBuilder.php(1913): CodeIgniter\Database\BaseConnection->query('UPDATE `Employe...', Array, false)
#4 I:\7mo Semestre\TALLER DE SISTEMAS I\Proyecto\ERP_Drymix\system\Model.php(298): CodeIgniter\Database\BaseBuilder->update()
#5 I:\7mo Semestre\TALLER DE SISTEMAS I\Proyecto\ERP_Drymix\system\BaseModel.php(865): CodeIgniter\Model->doUpdate(Array, Array)
#6 I:\7mo Semestre\TALLER DE SISTEMAS I\Proyecto\ERP_Drymix\system\Model.php(651): CodeIgniter\BaseModel->update(Array, Array)
#7 I:\7mo Semestre\TALLER DE SISTEMAS I\Proyecto\ERP_Drymix\app\Models\EmployeeModel.php(33): CodeIgniter\Model->update('idCharge', Array)
#8 I:\7mo Semestre\TALLER DE SISTEMAS I\Proyecto\ERP_Drymix\app\Controllers\EmployeeController.php(30): App\Models\EmployeeModel->UpdateEmployee(Array, Array)
#9 I:\7mo Semestre\TALLER DE SISTEMAS I\Proyecto\ERP_Drymix\system\CodeIgniter.php(832): App\Controllers\EmployeeController->UpdateEmployeeCharge()
#10 I:\7mo Semestre\TALLER DE SISTEMAS I\Proyecto\ERP_Drymix\system\CodeIgniter.php(419): CodeIgniter\CodeIgniter->runController(Object(App\Controllers\EmployeeController))
#11 I:\7mo Semestre\TALLER DE SISTEMAS I\Proyecto\ERP_Drymix\system\CodeIgniter.php(326): CodeIgniter\CodeIgniter->handleRequest(NULL, Object(Config\Cache), false)
#12 I:\7mo Semestre\TALLER DE SISTEMAS I\Proyecto\ERP_Drymix\public\index.php(37): CodeIgniter\CodeIgniter->run()
#13 {main}
ERROR - 2022-06-07 08:22:11 --> Truncated incorrect DOUBLE value: 'idCharge'
CRITICAL - 2022-06-07 08:22:11 --> Truncated incorrect DOUBLE value: 'idCharge'
#0 I:\7mo Semestre\TALLER DE SISTEMAS I\Proyecto\ERP_Drymix\system\Database\MySQLi\Connection.php(292): mysqli->query('UPDATE `Employe...', 0)
#1 I:\7mo Semestre\TALLER DE SISTEMAS I\Proyecto\ERP_Drymix\system\Database\BaseConnection.php(670): CodeIgniter\Database\MySQLi\Connection->execute('UPDATE `Employe...')
#2 I:\7mo Semestre\TALLER DE SISTEMAS I\Proyecto\ERP_Drymix\system\Database\BaseConnection.php(598): CodeIgniter\Database\BaseConnection->simpleQuery('UPDATE `Employe...')
#3 I:\7mo Semestre\TALLER DE SISTEMAS I\Proyecto\ERP_Drymix\system\Database\BaseBuilder.php(1913): CodeIgniter\Database\BaseConnection->query('UPDATE `Employe...', Array, false)
#4 I:\7mo Semestre\TALLER DE SISTEMAS I\Proyecto\ERP_Drymix\system\Model.php(298): CodeIgniter\Database\BaseBuilder->update()
#5 I:\7mo Semestre\TALLER DE SISTEMAS I\Proyecto\ERP_Drymix\system\BaseModel.php(865): CodeIgniter\Model->doUpdate(Array, Array)
#6 I:\7mo Semestre\TALLER DE SISTEMAS I\Proyecto\ERP_Drymix\system\Model.php(651): CodeIgniter\BaseModel->update(Array, Array)
#7 I:\7mo Semestre\TALLER DE SISTEMAS I\Proyecto\ERP_Drymix\app\Models\EmployeeModel.php(33): CodeIgniter\Model->update('idCharge', Array)
#8 I:\7mo Semestre\TALLER DE SISTEMAS I\Proyecto\ERP_Drymix\app\Controllers\EmployeeController.php(30): App\Models\EmployeeModel->UpdateEmployee(Array, Array)
#9 I:\7mo Semestre\TALLER DE SISTEMAS I\Proyecto\ERP_Drymix\system\CodeIgniter.php(832): App\Controllers\EmployeeController->UpdateEmployeeCharge()
#10 I:\7mo Semestre\TALLER DE SISTEMAS I\Proyecto\ERP_Drymix\system\CodeIgniter.php(419): CodeIgniter\CodeIgniter->runController(Object(App\Controllers\EmployeeController))
#11 I:\7mo Semestre\TALLER DE SISTEMAS I\Proyecto\ERP_Drymix\system\CodeIgniter.php(326): CodeIgniter\CodeIgniter->handleRequest(NULL, Object(Config\Cache), false)
#12 I:\7mo Semestre\TALLER DE SISTEMAS I\Proyecto\ERP_Drymix\public\index.php(37): CodeIgniter\CodeIgniter->run()
#13 {main}
ERROR - 2022-06-07 08:22:26 --> Truncated incorrect DOUBLE value: 'idCharge'
CRITICAL - 2022-06-07 08:22:26 --> Truncated incorrect DOUBLE value: 'idCharge'
#0 I:\7mo Semestre\TALLER DE SISTEMAS I\Proyecto\ERP_Drymix\system\Database\MySQLi\Connection.php(292): mysqli->query('UPDATE `Employe...', 0)
#1 I:\7mo Semestre\TALLER DE SISTEMAS I\Proyecto\ERP_Drymix\system\Database\BaseConnection.php(670): CodeIgniter\Database\MySQLi\Connection->execute('UPDATE `Employe...')
#2 I:\7mo Semestre\TALLER DE SISTEMAS I\Proyecto\ERP_Drymix\system\Database\BaseConnection.php(598): CodeIgniter\Database\BaseConnection->simpleQuery('UPDATE `Employe...')
#3 I:\7mo Semestre\TALLER DE SISTEMAS I\Proyecto\ERP_Drymix\system\Database\BaseBuilder.php(1913): CodeIgniter\Database\BaseConnection->query('UPDATE `Employe...', Array, false)
#4 I:\7mo Semestre\TALLER DE SISTEMAS I\Proyecto\ERP_Drymix\system\Model.php(298): CodeIgniter\Database\BaseBuilder->update()
#5 I:\7mo Semestre\TALLER DE SISTEMAS I\Proyecto\ERP_Drymix\system\BaseModel.php(865): CodeIgniter\Model->doUpdate(Array, Array)
#6 I:\7mo Semestre\TALLER DE SISTEMAS I\Proyecto\ERP_Drymix\system\Model.php(651): CodeIgniter\BaseModel->update(Array, Array)
#7 I:\7mo Semestre\TALLER DE SISTEMAS I\Proyecto\ERP_Drymix\app\Models\EmployeeModel.php(33): CodeIgniter\Model->update('idCharge', Array)
#8 I:\7mo Semestre\TALLER DE SISTEMAS I\Proyecto\ERP_Drymix\app\Controllers\EmployeeController.php(30): App\Models\EmployeeModel->UpdateEmployee(Array, Array)
#9 I:\7mo Semestre\TALLER DE SISTEMAS I\Proyecto\ERP_Drymix\system\CodeIgniter.php(832): App\Controllers\EmployeeController->UpdateEmployeeCharge()
#10 I:\7mo Semestre\TALLER DE SISTEMAS I\Proyecto\ERP_Drymix\system\CodeIgniter.php(419): CodeIgniter\CodeIgniter->runController(Object(App\Controllers\EmployeeController))
#11 I:\7mo Semestre\TALLER DE SISTEMAS I\Proyecto\ERP_Drymix\system\CodeIgniter.php(326): CodeIgniter\CodeIgniter->handleRequest(NULL, Object(Config\Cache), false)
#12 I:\7mo Semestre\TALLER DE SISTEMAS I\Proyecto\ERP_Drymix\public\index.php(37): CodeIgniter\CodeIgniter->run()
#13 {main}
ERROR - 2022-06-07 08:24:17 --> Truncated incorrect DOUBLE value: 'idCharge'
CRITICAL - 2022-06-07 08:24:17 --> Truncated incorrect DOUBLE value: 'idCharge'
#0 I:\7mo Semestre\TALLER DE SISTEMAS I\Proyecto\ERP_Drymix\system\Database\MySQLi\Connection.php(292): mysqli->query('UPDATE `Employe...', 0)
#1 I:\7mo Semestre\TALLER DE SISTEMAS I\Proyecto\ERP_Drymix\system\Database\BaseConnection.php(670): CodeIgniter\Database\MySQLi\Connection->execute('UPDATE `Employe...')
#2 I:\7mo Semestre\TALLER DE SISTEMAS I\Proyecto\ERP_Drymix\system\Database\BaseConnection.php(598): CodeIgniter\Database\BaseConnection->simpleQuery('UPDATE `Employe...')
#3 I:\7mo Semestre\TALLER DE SISTEMAS I\Proyecto\ERP_Drymix\system\Database\BaseBuilder.php(1913): CodeIgniter\Database\BaseConnection->query('UPDATE `Employe...', Array, false)
#4 I:\7mo Semestre\TALLER DE SISTEMAS I\Proyecto\ERP_Drymix\system\Model.php(298): CodeIgniter\Database\BaseBuilder->update()
#5 I:\7mo Semestre\TALLER DE SISTEMAS I\Proyecto\ERP_Drymix\system\BaseModel.php(865): CodeIgniter\Model->doUpdate(Array, Array)
#6 I:\7mo Semestre\TALLER DE SISTEMAS I\Proyecto\ERP_Drymix\system\Model.php(651): CodeIgniter\BaseModel->update(Array, Array)
#7 I:\7mo Semestre\TALLER DE SISTEMAS I\Proyecto\ERP_Drymix\app\Models\EmployeeModel.php(33): CodeIgniter\Model->update('idCharge', Array)
#8 I:\7mo Semestre\TALLER DE SISTEMAS I\Proyecto\ERP_Drymix\app\Controllers\EmployeeController.php(31): App\Models\EmployeeModel->UpdateEmployee(Array, Array)
#9 I:\7mo Semestre\TALLER DE SISTEMAS I\Proyecto\ERP_Drymix\system\CodeIgniter.php(832): App\Controllers\EmployeeController->UpdateEmployeeCharge()
#10 I:\7mo Semestre\TALLER DE SISTEMAS I\Proyecto\ERP_Drymix\system\CodeIgniter.php(419): CodeIgniter\CodeIgniter->runController(Object(App\Controllers\EmployeeController))
#11 I:\7mo Semestre\TALLER DE SISTEMAS I\Proyecto\ERP_Drymix\system\CodeIgniter.php(326): CodeIgniter\CodeIgniter->handleRequest(NULL, Object(Config\Cache), false)
#12 I:\7mo Semestre\TALLER DE SISTEMAS I\Proyecto\ERP_Drymix\public\index.php(37): CodeIgniter\CodeIgniter->run()
#13 {main}
ERROR - 2022-06-07 08:25:35 --> Truncated incorrect DOUBLE value: 'idCharge'
CRITICAL - 2022-06-07 08:25:35 --> Truncated incorrect DOUBLE value: 'idCharge'
#0 I:\7mo Semestre\TALLER DE SISTEMAS I\Proyecto\ERP_Drymix\system\Database\MySQLi\Connection.php(292): mysqli->query('UPDATE `Employe...', 0)
#1 I:\7mo Semestre\TALLER DE SISTEMAS I\Proyecto\ERP_Drymix\system\Database\BaseConnection.php(670): CodeIgniter\Database\MySQLi\Connection->execute('UPDATE `Employe...')
#2 I:\7mo Semestre\TALLER DE SISTEMAS I\Proyecto\ERP_Drymix\system\Database\BaseConnection.php(598): CodeIgniter\Database\BaseConnection->simpleQuery('UPDATE `Employe...')
#3 I:\7mo Semestre\TALLER DE SISTEMAS I\Proyecto\ERP_Drymix\system\Database\BaseBuilder.php(1913): CodeIgniter\Database\BaseConnection->query('UPDATE `Employe...', Array, false)
#4 I:\7mo Semestre\TALLER DE SISTEMAS I\Proyecto\ERP_Drymix\system\Model.php(298): CodeIgniter\Database\BaseBuilder->update()
#5 I:\7mo Semestre\TALLER DE SISTEMAS I\Proyecto\ERP_Drymix\system\BaseModel.php(865): CodeIgniter\Model->doUpdate(Array, Array)
#6 I:\7mo Semestre\TALLER DE SISTEMAS I\Proyecto\ERP_Drymix\system\Model.php(651): CodeIgniter\BaseModel->update(Array, Array)
#7 I:\7mo Semestre\TALLER DE SISTEMAS I\Proyecto\ERP_Drymix\app\Models\EmployeeModel.php(33): CodeIgniter\Model->update('idCharge', Array)
#8 I:\7mo Semestre\TALLER DE SISTEMAS I\Proyecto\ERP_Drymix\app\Controllers\EmployeeController.php(30): App\Models\EmployeeModel->UpdateEmployee(Array, Array)
#9 I:\7mo Semestre\TALLER DE SISTEMAS I\Proyecto\ERP_Drymix\system\CodeIgniter.php(832): App\Controllers\EmployeeController->UpdateEmployeeCharge()
#10 I:\7mo Semestre\TALLER DE SISTEMAS I\Proyecto\ERP_Drymix\system\CodeIgniter.php(419): CodeIgniter\CodeIgniter->runController(Object(App\Controllers\EmployeeController))
#11 I:\7mo Semestre\TALLER DE SISTEMAS I\Proyecto\ERP_Drymix\system\CodeIgniter.php(326): CodeIgniter\CodeIgniter->handleRequest(NULL, Object(Config\Cache), false)
#12 I:\7mo Semestre\TALLER DE SISTEMAS I\Proyecto\ERP_Drymix\public\index.php(37): CodeIgniter\CodeIgniter->run()
#13 {main}
ERROR - 2022-06-07 08:25:49 --> Truncated incorrect DOUBLE value: 'idCharge'
CRITICAL - 2022-06-07 08:25:49 --> Truncated incorrect DOUBLE value: 'idCharge'
#0 I:\7mo Semestre\TALLER DE SISTEMAS I\Proyecto\ERP_Drymix\system\Database\MySQLi\Connection.php(292): mysqli->query('UPDATE `Employe...', 0)
#1 I:\7mo Semestre\TALLER DE SISTEMAS I\Proyecto\ERP_Drymix\system\Database\BaseConnection.php(670): CodeIgniter\Database\MySQLi\Connection->execute('UPDATE `Employe...')
#2 I:\7mo Semestre\TALLER DE SISTEMAS I\Proyecto\ERP_Drymix\system\Database\BaseConnection.php(598): CodeIgniter\Database\BaseConnection->simpleQuery('UPDATE `Employe...')
#3 I:\7mo Semestre\TALLER DE SISTEMAS I\Proyecto\ERP_Drymix\system\Database\BaseBuilder.php(1913): CodeIgniter\Database\BaseConnection->query('UPDATE `Employe...', Array, false)
#4 I:\7mo Semestre\TALLER DE SISTEMAS I\Proyecto\ERP_Drymix\system\Model.php(298): CodeIgniter\Database\BaseBuilder->update()
#5 I:\7mo Semestre\TALLER DE SISTEMAS I\Proyecto\ERP_Drymix\system\BaseModel.php(865): CodeIgniter\Model->doUpdate(Array, Array)
#6 I:\7mo Semestre\TALLER DE SISTEMAS I\Proyecto\ERP_Drymix\system\Model.php(651): CodeIgniter\BaseModel->update(Array, Array)
#7 I:\7mo Semestre\TALLER DE SISTEMAS I\Proyecto\ERP_Drymix\app\Models\EmployeeModel.php(33): CodeIgniter\Model->update('idCharge', Array)
#8 I:\7mo Semestre\TALLER DE SISTEMAS I\Proyecto\ERP_Drymix\app\Controllers\EmployeeController.php(30): App\Models\EmployeeModel->UpdateEmployee(Array, Array)
#9 I:\7mo Semestre\TALLER DE SISTEMAS I\Proyecto\ERP_Drymix\system\CodeIgniter.php(832): App\Controllers\EmployeeController->UpdateEmployeeCharge()
#10 I:\7mo Semestre\TALLER DE SISTEMAS I\Proyecto\ERP_Drymix\system\CodeIgniter.php(419): CodeIgniter\CodeIgniter->runController(Object(App\Controllers\EmployeeController))
#11 I:\7mo Semestre\TALLER DE SISTEMAS I\Proyecto\ERP_Drymix\system\CodeIgniter.php(326): CodeIgniter\CodeIgniter->handleRequest(NULL, Object(Config\Cache), false)
#12 I:\7mo Semestre\TALLER DE SISTEMAS I\Proyecto\ERP_Drymix\public\index.php(37): CodeIgniter\CodeIgniter->run()
#13 {main}
ERROR - 2022-06-07 08:26:45 --> Truncated incorrect DOUBLE value: 'idCharge'
CRITICAL - 2022-06-07 08:26:45 --> Truncated incorrect DOUBLE value: 'idCharge'
#0 I:\7mo Semestre\TALLER DE SISTEMAS I\Proyecto\ERP_Drymix\system\Database\MySQLi\Connection.php(292): mysqli->query('UPDATE `Employe...', 0)
#1 I:\7mo Semestre\TALLER DE SISTEMAS I\Proyecto\ERP_Drymix\system\Database\BaseConnection.php(670): CodeIgniter\Database\MySQLi\Connection->execute('UPDATE `Employe...')
#2 I:\7mo Semestre\TALLER DE SISTEMAS I\Proyecto\ERP_Drymix\system\Database\BaseConnection.php(598): CodeIgniter\Database\BaseConnection->simpleQuery('UPDATE `Employe...')
#3 I:\7mo Semestre\TALLER DE SISTEMAS I\Proyecto\ERP_Drymix\system\Database\BaseBuilder.php(1913): CodeIgniter\Database\BaseConnection->query('UPDATE `Employe...', Array, false)
#4 I:\7mo Semestre\TALLER DE SISTEMAS I\Proyecto\ERP_Drymix\system\Model.php(298): CodeIgniter\Database\BaseBuilder->update()
#5 I:\7mo Semestre\TALLER DE SISTEMAS I\Proyecto\ERP_Drymix\system\BaseModel.php(865): CodeIgniter\Model->doUpdate(Array, Array)
#6 I:\7mo Semestre\TALLER DE SISTEMAS I\Proyecto\ERP_Drymix\system\Model.php(651): CodeIgniter\BaseModel->update(Array, Array)
#7 I:\7mo Semestre\TALLER DE SISTEMAS I\Proyecto\ERP_Drymix\app\Models\EmployeeModel.php(33): CodeIgniter\Model->update('idCharge', Array)
#8 I:\7mo Semestre\TALLER DE SISTEMAS I\Proyecto\ERP_Drymix\app\Controllers\EmployeeController.php(30): App\Models\EmployeeModel->UpdateEmployee(Array, Array)
#9 I:\7mo Semestre\TALLER DE SISTEMAS I\Proyecto\ERP_Drymix\system\CodeIgniter.php(832): App\Controllers\EmployeeController->UpdateEmployeeCharge()
#10 I:\7mo Semestre\TALLER DE SISTEMAS I\Proyecto\ERP_Drymix\system\CodeIgniter.php(419): CodeIgniter\CodeIgniter->runController(Object(App\Controllers\EmployeeController))
#11 I:\7mo Semestre\TALLER DE SISTEMAS I\Proyecto\ERP_Drymix\system\CodeIgniter.php(326): CodeIgniter\CodeIgniter->handleRequest(NULL, Object(Config\Cache), false)
#12 I:\7mo Semestre\TALLER DE SISTEMAS I\Proyecto\ERP_Drymix\public\index.php(37): CodeIgniter\CodeIgniter->run()
#13 {main}
ERROR - 2022-06-07 08:27:02 --> Truncated incorrect DOUBLE value: 'idCharge'
CRITICAL - 2022-06-07 08:27:02 --> Truncated incorrect DOUBLE value: 'idCharge'
#0 I:\7mo Semestre\TALLER DE SISTEMAS I\Proyecto\ERP_Drymix\system\Database\MySQLi\Connection.php(292): mysqli->query('UPDATE `Employe...', 0)
#1 I:\7mo Semestre\TALLER DE SISTEMAS I\Proyecto\ERP_Drymix\system\Database\BaseConnection.php(670): CodeIgniter\Database\MySQLi\Connection->execute('UPDATE `Employe...')
#2 I:\7mo Semestre\TALLER DE SISTEMAS I\Proyecto\ERP_Drymix\system\Database\BaseConnection.php(598): CodeIgniter\Database\BaseConnection->simpleQuery('UPDATE `Employe...')
#3 I:\7mo Semestre\TALLER DE SISTEMAS I\Proyecto\ERP_Drymix\system\Database\BaseBuilder.php(1913): CodeIgniter\Database\BaseConnection->query('UPDATE `Employe...', Array, false)
#4 I:\7mo Semestre\TALLER DE SISTEMAS I\Proyecto\ERP_Drymix\system\Model.php(298): CodeIgniter\Database\BaseBuilder->update()
#5 I:\7mo Semestre\TALLER DE SISTEMAS I\Proyecto\ERP_Drymix\system\BaseModel.php(865): CodeIgniter\Model->doUpdate(Array, Array)
#6 I:\7mo Semestre\TALLER DE SISTEMAS I\Proyecto\ERP_Drymix\system\Model.php(651): CodeIgniter\BaseModel->update(Array, Array)
#7 I:\7mo Semestre\TALLER DE SISTEMAS I\Proyecto\ERP_Drymix\app\Models\EmployeeModel.php(33): CodeIgniter\Model->update('idCharge', Array)
#8 I:\7mo Semestre\TALLER DE SISTEMAS I\Proyecto\ERP_Drymix\app\Controllers\EmployeeController.php(30): App\Models\EmployeeModel->UpdateEmployee(Array, Array)
#9 I:\7mo Semestre\TALLER DE SISTEMAS I\Proyecto\ERP_Drymix\system\CodeIgniter.php(832): App\Controllers\EmployeeController->UpdateEmployeeCharge()
#10 I:\7mo Semestre\TALLER DE SISTEMAS I\Proyecto\ERP_Drymix\system\CodeIgniter.php(419): CodeIgniter\CodeIgniter->runController(Object(App\Controllers\EmployeeController))
#11 I:\7mo Semestre\TALLER DE SISTEMAS I\Proyecto\ERP_Drymix\system\CodeIgniter.php(326): CodeIgniter\CodeIgniter->handleRequest(NULL, Object(Config\Cache), false)
#12 I:\7mo Semestre\TALLER DE SISTEMAS I\Proyecto\ERP_Drymix\public\index.php(37): CodeIgniter\CodeIgniter->run()
#13 {main}
ERROR - 2022-06-07 08:27:51 --> Truncated incorrect DOUBLE value: 'idCharge'
CRITICAL - 2022-06-07 08:27:51 --> Truncated incorrect DOUBLE value: 'idCharge'
#0 I:\7mo Semestre\TALLER DE SISTEMAS I\Proyecto\ERP_Drymix\system\Database\MySQLi\Connection.php(292): mysqli->query('UPDATE `Employe...', 0)
#1 I:\7mo Semestre\TALLER DE SISTEMAS I\Proyecto\ERP_Drymix\system\Database\BaseConnection.php(670): CodeIgniter\Database\MySQLi\Connection->execute('UPDATE `Employe...')
#2 I:\7mo Semestre\TALLER DE SISTEMAS I\Proyecto\ERP_Drymix\system\Database\BaseConnection.php(598): CodeIgniter\Database\BaseConnection->simpleQuery('UPDATE `Employe...')
#3 I:\7mo Semestre\TALLER DE SISTEMAS I\Proyecto\ERP_Drymix\system\Database\BaseBuilder.php(1913): CodeIgniter\Database\BaseConnection->query('UPDATE `Employe...', Array, false)
#4 I:\7mo Semestre\TALLER DE SISTEMAS I\Proyecto\ERP_Drymix\system\Model.php(298): CodeIgniter\Database\BaseBuilder->update()
#5 I:\7mo Semestre\TALLER DE SISTEMAS I\Proyecto\ERP_Drymix\system\BaseModel.php(865): CodeIgniter\Model->doUpdate(Array, Array)
#6 I:\7mo Semestre\TALLER DE SISTEMAS I\Proyecto\ERP_Drymix\system\Model.php(651): CodeIgniter\BaseModel->update(Array, Array)
#7 I:\7mo Semestre\TALLER DE SISTEMAS I\Proyecto\ERP_Drymix\app\Models\EmployeeModel.php(33): CodeIgniter\Model->update('idCharge', Array)
#8 I:\7mo Semestre\TALLER DE SISTEMAS I\Proyecto\ERP_Drymix\app\Controllers\EmployeeController.php(30): App\Models\EmployeeModel->UpdateEmployee(Array, Array)
#9 I:\7mo Semestre\TALLER DE SISTEMAS I\Proyecto\ERP_Drymix\system\CodeIgniter.php(832): App\Controllers\EmployeeController->UpdateEmployeeCharge()
#10 I:\7mo Semestre\TALLER DE SISTEMAS I\Proyecto\ERP_Drymix\system\CodeIgniter.php(419): CodeIgniter\CodeIgniter->runController(Object(App\Controllers\EmployeeController))
#11 I:\7mo Semestre\TALLER DE SISTEMAS I\Proyecto\ERP_Drymix\system\CodeIgniter.php(326): CodeIgniter\CodeIgniter->handleRequest(NULL, Object(Config\Cache), false)
#12 I:\7mo Semestre\TALLER DE SISTEMAS I\Proyecto\ERP_Drymix\public\index.php(37): CodeIgniter\CodeIgniter->run()
#13 {main}
ERROR - 2022-06-07 08:27:58 --> Truncated incorrect DOUBLE value: 'idCharge'
CRITICAL - 2022-06-07 08:27:58 --> Truncated incorrect DOUBLE value: 'idCharge'
#0 I:\7mo Semestre\TALLER DE SISTEMAS I\Proyecto\ERP_Drymix\system\Database\MySQLi\Connection.php(292): mysqli->query('UPDATE `Employe...', 0)
#1 I:\7mo Semestre\TALLER DE SISTEMAS I\Proyecto\ERP_Drymix\system\Database\BaseConnection.php(670): CodeIgniter\Database\MySQLi\Connection->execute('UPDATE `Employe...')
#2 I:\7mo Semestre\TALLER DE SISTEMAS I\Proyecto\ERP_Drymix\system\Database\BaseConnection.php(598): CodeIgniter\Database\BaseConnection->simpleQuery('UPDATE `Employe...')
#3 I:\7mo Semestre\TALLER DE SISTEMAS I\Proyecto\ERP_Drymix\system\Database\BaseBuilder.php(1913): CodeIgniter\Database\BaseConnection->query('UPDATE `Employe...', Array, false)
#4 I:\7mo Semestre\TALLER DE SISTEMAS I\Proyecto\ERP_Drymix\system\Model.php(298): CodeIgniter\Database\BaseBuilder->update()
#5 I:\7mo Semestre\TALLER DE SISTEMAS I\Proyecto\ERP_Drymix\system\BaseModel.php(865): CodeIgniter\Model->doUpdate(Array, Array)
#6 I:\7mo Semestre\TALLER DE SISTEMAS I\Proyecto\ERP_Drymix\system\Model.php(651): CodeIgniter\BaseModel->update(Array, Array)
#7 I:\7mo Semestre\TALLER DE SISTEMAS I\Proyecto\ERP_Drymix\app\Models\EmployeeModel.php(33): CodeIgniter\Model->update('idCharge', Array)
#8 I:\7mo Semestre\TALLER DE SISTEMAS I\Proyecto\ERP_Drymix\app\Controllers\EmployeeController.php(30): App\Models\EmployeeModel->UpdateEmployee(Array, Array)
#9 I:\7mo Semestre\TALLER DE SISTEMAS I\Proyecto\ERP_Drymix\system\CodeIgniter.php(832): App\Controllers\EmployeeController->UpdateEmployeeCharge()
#10 I:\7mo Semestre\TALLER DE SISTEMAS I\Proyecto\ERP_Drymix\system\CodeIgniter.php(419): CodeIgniter\CodeIgniter->runController(Object(App\Controllers\EmployeeController))
#11 I:\7mo Semestre\TALLER DE SISTEMAS I\Proyecto\ERP_Drymix\system\CodeIgniter.php(326): CodeIgniter\CodeIgniter->handleRequest(NULL, Object(Config\Cache), false)
#12 I:\7mo Semestre\TALLER DE SISTEMAS I\Proyecto\ERP_Drymix\public\index.php(37): CodeIgniter\CodeIgniter->run()
#13 {main}
ERROR - 2022-06-07 08:29:01 --> Truncated incorrect DOUBLE value: 'Employee'
CRITICAL - 2022-06-07 08:29:01 --> Truncated incorrect DOUBLE value: 'Employee'
#0 I:\7mo Semestre\TALLER DE SISTEMAS I\Proyecto\ERP_Drymix\system\Database\MySQLi\Connection.php(292): mysqli->query('UPDATE `Employe...', 0)
#1 I:\7mo Semestre\TALLER DE SISTEMAS I\Proyecto\ERP_Drymix\system\Database\BaseConnection.php(670): CodeIgniter\Database\MySQLi\Connection->execute('UPDATE `Employe...')
#2 I:\7mo Semestre\TALLER DE SISTEMAS I\Proyecto\ERP_Drymix\system\Database\BaseConnection.php(598): CodeIgniter\Database\BaseConnection->simpleQuery('UPDATE `Employe...')
#3 I:\7mo Semestre\TALLER DE SISTEMAS I\Proyecto\ERP_Drymix\system\Database\BaseBuilder.php(1913): CodeIgniter\Database\BaseConnection->query('UPDATE `Employe...', Array, false)
#4 I:\7mo Semestre\TALLER DE SISTEMAS I\Proyecto\ERP_Drymix\system\Model.php(298): CodeIgniter\Database\BaseBuilder->update()
#5 I:\7mo Semestre\TALLER DE SISTEMAS I\Proyecto\ERP_Drymix\system\BaseModel.php(865): CodeIgniter\Model->doUpdate(Array, Array)
#6 I:\7mo Semestre\TALLER DE SISTEMAS I\Proyecto\ERP_Drymix\system\Model.php(651): CodeIgniter\BaseModel->update(Array, Array)
#7 I:\7mo Semestre\TALLER DE SISTEMAS I\Proyecto\ERP_Drymix\app\Models\EmployeeModel.php(33): CodeIgniter\Model->update('Employee', Array)
#8 I:\7mo Semestre\TALLER DE SISTEMAS I\Proyecto\ERP_Drymix\app\Controllers\EmployeeController.php(30): App\Models\EmployeeModel->UpdateEmployee(Array, Array)
#9 I:\7mo Semestre\TALLER DE SISTEMAS I\Proyecto\ERP_Drymix\system\CodeIgniter.php(832): App\Controllers\EmployeeController->UpdateEmployeeCharge()
#10 I:\7mo Semestre\TALLER DE SISTEMAS I\Proyecto\ERP_Drymix\system\CodeIgniter.php(419): CodeIgniter\CodeIgniter->runController(Object(App\Controllers\EmployeeController))
#11 I:\7mo Semestre\TALLER DE SISTEMAS I\Proyecto\ERP_Drymix\system\CodeIgniter.php(326): CodeIgniter\CodeIgniter->handleRequest(NULL, Object(Config\Cache), false)
#12 I:\7mo Semestre\TALLER DE SISTEMAS I\Proyecto\ERP_Drymix\public\index.php(37): CodeIgniter\CodeIgniter->run()
#13 {main}
ERROR - 2022-06-07 08:29:09 --> Truncated incorrect DOUBLE value: 'Employee'
CRITICAL - 2022-06-07 08:29:09 --> Truncated incorrect DOUBLE value: 'Employee'
#0 I:\7mo Semestre\TALLER DE SISTEMAS I\Proyecto\ERP_Drymix\system\Database\MySQLi\Connection.php(292): mysqli->query('UPDATE `Employe...', 0)
#1 I:\7mo Semestre\TALLER DE SISTEMAS I\Proyecto\ERP_Drymix\system\Database\BaseConnection.php(670): CodeIgniter\Database\MySQLi\Connection->execute('UPDATE `Employe...')
#2 I:\7mo Semestre\TALLER DE SISTEMAS I\Proyecto\ERP_Drymix\system\Database\BaseConnection.php(598): CodeIgniter\Database\BaseConnection->simpleQuery('UPDATE `Employe...')
#3 I:\7mo Semestre\TALLER DE SISTEMAS I\Proyecto\ERP_Drymix\system\Database\BaseBuilder.php(1913): CodeIgniter\Database\BaseConnection->query('UPDATE `Employe...', Array, false)
#4 I:\7mo Semestre\TALLER DE SISTEMAS I\Proyecto\ERP_Drymix\system\Model.php(298): CodeIgniter\Database\BaseBuilder->update()
#5 I:\7mo Semestre\TALLER DE SISTEMAS I\Proyecto\ERP_Drymix\system\BaseModel.php(865): CodeIgniter\Model->doUpdate(Array, Array)
#6 I:\7mo Semestre\TALLER DE SISTEMAS I\Proyecto\ERP_Drymix\system\Model.php(651): CodeIgniter\BaseModel->update(Array, Array)
#7 I:\7mo Semestre\TALLER DE SISTEMAS I\Proyecto\ERP_Drymix\app\Models\EmployeeModel.php(33): CodeIgniter\Model->update('Employee', Array)
#8 I:\7mo Semestre\TALLER DE SISTEMAS I\Proyecto\ERP_Drymix\app\Controllers\EmployeeController.php(30): App\Models\EmployeeModel->UpdateEmployee(Array, Array)
#9 I:\7mo Semestre\TALLER DE SISTEMAS I\Proyecto\ERP_Drymix\system\CodeIgniter.php(832): App\Controllers\EmployeeController->UpdateEmployeeCharge()
#10 I:\7mo Semestre\TALLER DE SISTEMAS I\Proyecto\ERP_Drymix\system\CodeIgniter.php(419): CodeIgniter\CodeIgniter->runController(Object(App\Controllers\EmployeeController))
#11 I:\7mo Semestre\TALLER DE SISTEMAS I\Proyecto\ERP_Drymix\system\CodeIgniter.php(326): CodeIgniter\CodeIgniter->handleRequest(NULL, Object(Config\Cache), false)
#12 I:\7mo Semestre\TALLER DE SISTEMAS I\Proyecto\ERP_Drymix\public\index.php(37): CodeIgniter\CodeIgniter->run()
#13 {main}
ERROR - 2022-06-07 08:30:19 --> Truncated incorrect DOUBLE value: 'Employee'
CRITICAL - 2022-06-07 08:30:19 --> Truncated incorrect DOUBLE value: 'Employee'
#0 I:\7mo Semestre\TALLER DE SISTEMAS I\Proyecto\ERP_Drymix\system\Database\MySQLi\Connection.php(292): mysqli->query('UPDATE `Employe...', 0)
#1 I:\7mo Semestre\TALLER DE SISTEMAS I\Proyecto\ERP_Drymix\system\Database\BaseConnection.php(670): CodeIgniter\Database\MySQLi\Connection->execute('UPDATE `Employe...')
#2 I:\7mo Semestre\TALLER DE SISTEMAS I\Proyecto\ERP_Drymix\system\Database\BaseConnection.php(598): CodeIgniter\Database\BaseConnection->simpleQuery('UPDATE `Employe...')
#3 I:\7mo Semestre\TALLER DE SISTEMAS I\Proyecto\ERP_Drymix\system\Database\BaseBuilder.php(1913): CodeIgniter\Database\BaseConnection->query('UPDATE `Employe...', Array, false)
#4 I:\7mo Semestre\TALLER DE SISTEMAS I\Proyecto\ERP_Drymix\system\Model.php(298): CodeIgniter\Database\BaseBuilder->update()
#5 I:\7mo Semestre\TALLER DE SISTEMAS I\Proyecto\ERP_Drymix\system\BaseModel.php(865): CodeIgniter\Model->doUpdate(Array, Array)
#6 I:\7mo Semestre\TALLER DE SISTEMAS I\Proyecto\ERP_Drymix\system\Model.php(651): CodeIgniter\BaseModel->update(Array, Array)
#7 I:\7mo Semestre\TALLER DE SISTEMAS I\Proyecto\ERP_Drymix\app\Models\EmployeeModel.php(33): CodeIgniter\Model->update('Employee', Array)
#8 I:\7mo Semestre\TALLER DE SISTEMAS I\Proyecto\ERP_Drymix\app\Controllers\EmployeeController.php(30): App\Models\EmployeeModel->UpdateEmployee(Array, Array)
#9 I:\7mo Semestre\TALLER DE SISTEMAS I\Proyecto\ERP_Drymix\system\CodeIgniter.php(832): App\Controllers\EmployeeController->UpdateEmployeeCharge()
#10 I:\7mo Semestre\TALLER DE SISTEMAS I\Proyecto\ERP_Drymix\system\CodeIgniter.php(419): CodeIgniter\CodeIgniter->runController(Object(App\Controllers\EmployeeController))
#11 I:\7mo Semestre\TALLER DE SISTEMAS I\Proyecto\ERP_Drymix\system\CodeIgniter.php(326): CodeIgniter\CodeIgniter->handleRequest(NULL, Object(Config\Cache), false)
#12 I:\7mo Semestre\TALLER DE SISTEMAS I\Proyecto\ERP_Drymix\public\index.php(37): CodeIgniter\CodeIgniter->run()
#13 {main}
ERROR - 2022-06-07 08:30:24 --> Truncated incorrect DOUBLE value: 'Employee'
CRITICAL - 2022-06-07 08:30:24 --> Truncated incorrect DOUBLE value: 'Employee'
#0 I:\7mo Semestre\TALLER DE SISTEMAS I\Proyecto\ERP_Drymix\system\Database\MySQLi\Connection.php(292): mysqli->query('UPDATE `Employe...', 0)
#1 I:\7mo Semestre\TALLER DE SISTEMAS I\Proyecto\ERP_Drymix\system\Database\BaseConnection.php(670): CodeIgniter\Database\MySQLi\Connection->execute('UPDATE `Employe...')
#2 I:\7mo Semestre\TALLER DE SISTEMAS I\Proyecto\ERP_Drymix\system\Database\BaseConnection.php(598): CodeIgniter\Database\BaseConnection->simpleQuery('UPDATE `Employe...')
#3 I:\7mo Semestre\TALLER DE SISTEMAS I\Proyecto\ERP_Drymix\system\Database\BaseBuilder.php(1913): CodeIgniter\Database\BaseConnection->query('UPDATE `Employe...', Array, false)
#4 I:\7mo Semestre\TALLER DE SISTEMAS I\Proyecto\ERP_Drymix\system\Model.php(298): CodeIgniter\Database\BaseBuilder->update()
#5 I:\7mo Semestre\TALLER DE SISTEMAS I\Proyecto\ERP_Drymix\system\BaseModel.php(865): CodeIgniter\Model->doUpdate(Array, Array)
#6 I:\7mo Semestre\TALLER DE SISTEMAS I\Proyecto\ERP_Drymix\system\Model.php(651): CodeIgniter\BaseModel->update(Array, Array)
#7 I:\7mo Semestre\TALLER DE SISTEMAS I\Proyecto\ERP_Drymix\app\Models\EmployeeModel.php(33): CodeIgniter\Model->update('Employee', Array)
#8 I:\7mo Semestre\TALLER DE SISTEMAS I\Proyecto\ERP_Drymix\app\Controllers\EmployeeController.php(30): App\Models\EmployeeModel->UpdateEmployee(Array, Array)
#9 I:\7mo Semestre\TALLER DE SISTEMAS I\Proyecto\ERP_Drymix\system\CodeIgniter.php(832): App\Controllers\EmployeeController->UpdateEmployeeCharge()
#10 I:\7mo Semestre\TALLER DE SISTEMAS I\Proyecto\ERP_Drymix\system\CodeIgniter.php(419): CodeIgniter\CodeIgniter->runController(Object(App\Controllers\EmployeeController))
#11 I:\7mo Semestre\TALLER DE SISTEMAS I\Proyecto\ERP_Drymix\system\CodeIgniter.php(326): CodeIgniter\CodeIgniter->handleRequest(NULL, Object(Config\Cache), false)
#12 I:\7mo Semestre\TALLER DE SISTEMAS I\Proyecto\ERP_Drymix\public\index.php(37): CodeIgniter\CodeIgniter->run()
#13 {main}
ERROR - 2022-06-07 08:31:51 --> Truncated incorrect DOUBLE value: 'Employee'
CRITICAL - 2022-06-07 08:31:51 --> Truncated incorrect DOUBLE value: 'Employee'
#0 I:\7mo Semestre\TALLER DE SISTEMAS I\Proyecto\ERP_Drymix\system\Database\MySQLi\Connection.php(292): mysqli->query('UPDATE `Employe...', 0)
#1 I:\7mo Semestre\TALLER DE SISTEMAS I\Proyecto\ERP_Drymix\system\Database\BaseConnection.php(670): CodeIgniter\Database\MySQLi\Connection->execute('UPDATE `Employe...')
#2 I:\7mo Semestre\TALLER DE SISTEMAS I\Proyecto\ERP_Drymix\system\Database\BaseConnection.php(598): CodeIgniter\Database\BaseConnection->simpleQuery('UPDATE `Employe...')
#3 I:\7mo Semestre\TALLER DE SISTEMAS I\Proyecto\ERP_Drymix\system\Database\BaseBuilder.php(1913): CodeIgniter\Database\BaseConnection->query('UPDATE `Employe...', Array, false)
#4 I:\7mo Semestre\TALLER DE SISTEMAS I\Proyecto\ERP_Drymix\system\Model.php(298): CodeIgniter\Database\BaseBuilder->update()
#5 I:\7mo Semestre\TALLER DE SISTEMAS I\Proyecto\ERP_Drymix\system\BaseModel.php(865): CodeIgniter\Model->doUpdate(Array, Array)
#6 I:\7mo Semestre\TALLER DE SISTEMAS I\Proyecto\ERP_Drymix\system\Model.php(651): CodeIgniter\BaseModel->update(Array, Array)
#7 I:\7mo Semestre\TALLER DE SISTEMAS I\Proyecto\ERP_Drymix\app\Models\EmployeeModel.php(33): CodeIgniter\Model->update('Employee', Array)
#8 I:\7mo Semestre\TALLER DE SISTEMAS I\Proyecto\ERP_Drymix\app\Controllers\EmployeeController.php(31): App\Models\EmployeeModel->UpdateEmployee(Array, Array)
#9 I:\7mo Semestre\TALLER DE SISTEMAS I\Proyecto\ERP_Drymix\system\CodeIgniter.php(832): App\Controllers\EmployeeController->UpdateEmployeeCharge()
#10 I:\7mo Semestre\TALLER DE SISTEMAS I\Proyecto\ERP_Drymix\system\CodeIgniter.php(419): CodeIgniter\CodeIgniter->runController(Object(App\Controllers\EmployeeController))
#11 I:\7mo Semestre\TALLER DE SISTEMAS I\Proyecto\ERP_Drymix\system\CodeIgniter.php(326): CodeIgniter\CodeIgniter->handleRequest(NULL, Object(Config\Cache), false)
#12 I:\7mo Semestre\TALLER DE SISTEMAS I\Proyecto\ERP_Drymix\public\index.php(37): CodeIgniter\CodeIgniter->run()
#13 {main}
CRITICAL - 2022-06-07 08:32:44 --> Undefined variable $charges
#0 I:\7mo Semestre\TALLER DE SISTEMAS I\Proyecto\ERP_Drymix\app\Views\HRM\AssignEmployee.php(139): CodeIgniter\Debug\Exceptions->errorHandler(2, 'Undefined varia...', 'I:\\7mo Semestre...', 139)
#1 I:\7mo Semestre\TALLER DE SISTEMAS I\Proyecto\ERP_Drymix\system\View\View.php(210): include('I:\\7mo Semestre...')
#2 I:\7mo Semestre\TALLER DE SISTEMAS I\Proyecto\ERP_Drymix\system\View\View.php(213): CodeIgniter\View\View->CodeIgniter\View\{closure}()
#3 I:\7mo Semestre\TALLER DE SISTEMAS I\Proyecto\ERP_Drymix\system\Common.php(1089): CodeIgniter\View\View->render('HRM/AssignEmplo...', Array, true)
#4 I:\7mo Semestre\TALLER DE SISTEMAS I\Proyecto\ERP_Drymix\app\Controllers\EmployeeController.php(33): view('HRM/AssignEmplo...', Array)
#5 I:\7mo Semestre\TALLER DE SISTEMAS I\Proyecto\ERP_Drymix\system\CodeIgniter.php(832): App\Controllers\EmployeeController->UpdateEmployeeCharge()
#6 I:\7mo Semestre\TALLER DE SISTEMAS I\Proyecto\ERP_Drymix\system\CodeIgniter.php(419): CodeIgniter\CodeIgniter->runController(Object(App\Controllers\EmployeeController))
#7 I:\7mo Semestre\TALLER DE SISTEMAS I\Proyecto\ERP_Drymix\system\CodeIgniter.php(326): CodeIgniter\CodeIgniter->handleRequest(NULL, Object(Config\Cache), false)
#8 I:\7mo Semestre\TALLER DE SISTEMAS I\Proyecto\ERP_Drymix\public\index.php(37): CodeIgniter\CodeIgniter->run()
#9 {main}
