ERROR - 2022-05-19 00:04:38 --> Error connecting to the database: Access denied for user '****'@'localhost' (using password: YES)
CRITICAL - 2022-05-19 00:04:38 --> Unable to connect to the database.
Main connection [MySQLi]: Access denied for user '****'@'localhost' (using password: YES)
#0 C:\xampp\htdocs\ERP\ERP_Drymix\system\Database\BaseConnection.php(577): CodeIgniter\Database\BaseConnection->initialize()
#1 C:\xampp\htdocs\ERP\ERP_Drymix\system\Database\BaseBuilder.php(1455): CodeIgniter\Database\BaseConnection->query('SELECT *\nFROM `...', Array, false)
#2 C:\xampp\htdocs\ERP\ERP_Drymix\system\Model.php(183): CodeIgniter\Database\BaseBuilder->get()
#3 C:\xampp\htdocs\ERP\ERP_Drymix\system\BaseModel.php(584): CodeIgniter\Model->doFindAll(0, 0)
#4 C:\xampp\htdocs\ERP\ERP_Drymix\app\Controllers\Products.php(22): CodeIgniter\BaseModel->findAll()
#5 C:\xampp\htdocs\ERP\ERP_Drymix\system\CodeIgniter.php(832): App\Controllers\Products->create()
#6 C:\xampp\htdocs\ERP\ERP_Drymix\system\CodeIgniter.php(419): CodeIgniter\CodeIgniter->runController(Object(App\Controllers\Products))
#7 C:\xampp\htdocs\ERP\ERP_Drymix\system\CodeIgniter.php(326): CodeIgniter\CodeIgniter->handleRequest(NULL, Object(Config\Cache), false)
#8 C:\xampp\htdocs\ERP\ERP_Drymix\public\index.php(37): CodeIgniter\CodeIgniter->run()
#9 {main}
ERROR - 2022-05-19 00:09:36 --> Unknown column 'id' in 'order clause'
CRITICAL - 2022-05-19 00:09:36 --> Unknown column 'id' in 'order clause'
#0 C:\xampp\htdocs\ERP\ERP_Drymix\system\Database\MySQLi\Connection.php(292): mysqli->query('SELECT *\nFROM `...', 0)
#1 C:\xampp\htdocs\ERP\ERP_Drymix\system\Database\BaseConnection.php(670): CodeIgniter\Database\MySQLi\Connection->execute('SELECT *\nFROM `...')
#2 C:\xampp\htdocs\ERP\ERP_Drymix\system\Database\BaseConnection.php(598): CodeIgniter\Database\BaseConnection->simpleQuery('SELECT *\nFROM `...')
#3 C:\xampp\htdocs\ERP\ERP_Drymix\system\Database\BaseBuilder.php(1455): CodeIgniter\Database\BaseConnection->query('SELECT *\nFROM `...', Array, false)
#4 C:\xampp\htdocs\ERP\ERP_Drymix\system\Model.php(183): CodeIgniter\Database\BaseBuilder->get()
#5 C:\xampp\htdocs\ERP\ERP_Drymix\system\BaseModel.php(584): CodeIgniter\Model->doFindAll(0, 0)
#6 C:\xampp\htdocs\ERP\ERP_Drymix\app\Controllers\Products.php(22): CodeIgniter\BaseModel->findAll()
#7 C:\xampp\htdocs\ERP\ERP_Drymix\system\CodeIgniter.php(832): App\Controllers\Products->create()
#8 C:\xampp\htdocs\ERP\ERP_Drymix\system\CodeIgniter.php(419): CodeIgniter\CodeIgniter->runController(Object(App\Controllers\Products))
#9 C:\xampp\htdocs\ERP\ERP_Drymix\system\CodeIgniter.php(326): CodeIgniter\CodeIgniter->handleRequest(NULL, Object(Config\Cache), false)
#10 C:\xampp\htdocs\ERP\ERP_Drymix\public\index.php(37): CodeIgniter\CodeIgniter->run()
#11 {main}
CRITICAL - 2022-05-19 00:13:41 --> Call to a member function result() on array
#0 C:\xampp\htdocs\ERP\ERP_Drymix\system\View\View.php(210): include()
#1 C:\xampp\htdocs\ERP\ERP_Drymix\system\View\View.php(213): CodeIgniter\View\View->CodeIgniter\View\{closure}()
#2 C:\xampp\htdocs\ERP\ERP_Drymix\system\Common.php(1089): CodeIgniter\View\View->render('SCM/NewProduct', Array, true)
#3 C:\xampp\htdocs\ERP\ERP_Drymix\app\Controllers\Products.php(31): view('SCM/NewProduct', Array)
#4 C:\xampp\htdocs\ERP\ERP_Drymix\system\CodeIgniter.php(832): App\Controllers\Products->create()
#5 C:\xampp\htdocs\ERP\ERP_Drymix\system\CodeIgniter.php(419): CodeIgniter\CodeIgniter->runController(Object(App\Controllers\Products))
#6 C:\xampp\htdocs\ERP\ERP_Drymix\system\CodeIgniter.php(326): CodeIgniter\CodeIgniter->handleRequest(NULL, Object(Config\Cache), false)
#7 C:\xampp\htdocs\ERP\ERP_Drymix\public\index.php(37): CodeIgniter\CodeIgniter->run()
#8 {main}
CRITICAL - 2022-05-19 00:18:23 --> Undefined property: App\Controllers\Products::$LineModel
#0 C:\xampp\htdocs\ERP\ERP_Drymix\app\Controllers\Products.php(26): CodeIgniter\Debug\Exceptions->errorHandler(2, 'Undefined prope...', 'C:\\xampp\\htdocs...', 26)
#1 C:\xampp\htdocs\ERP\ERP_Drymix\system\CodeIgniter.php(832): App\Controllers\Products->create()
#2 C:\xampp\htdocs\ERP\ERP_Drymix\system\CodeIgniter.php(419): CodeIgniter\CodeIgniter->runController(Object(App\Controllers\Products))
#3 C:\xampp\htdocs\ERP\ERP_Drymix\system\CodeIgniter.php(326): CodeIgniter\CodeIgniter->handleRequest(NULL, Object(Config\Cache), false)
#4 C:\xampp\htdocs\ERP\ERP_Drymix\public\index.php(37): CodeIgniter\CodeIgniter->run()
#5 {main}
CRITICAL - 2022-05-19 00:18:53 --> Undefined property: App\Controllers\Products::$model
#0 C:\xampp\htdocs\ERP\ERP_Drymix\app\Controllers\Products.php(26): CodeIgniter\Debug\Exceptions->errorHandler(2, 'Undefined prope...', 'C:\\xampp\\htdocs...', 26)
#1 C:\xampp\htdocs\ERP\ERP_Drymix\system\CodeIgniter.php(832): App\Controllers\Products->create()
#2 C:\xampp\htdocs\ERP\ERP_Drymix\system\CodeIgniter.php(419): CodeIgniter\CodeIgniter->runController(Object(App\Controllers\Products))
#3 C:\xampp\htdocs\ERP\ERP_Drymix\system\CodeIgniter.php(326): CodeIgniter\CodeIgniter->handleRequest(NULL, Object(Config\Cache), false)
#4 C:\xampp\htdocs\ERP\ERP_Drymix\public\index.php(37): CodeIgniter\CodeIgniter->run()
#5 {main}
CRITICAL - 2022-05-19 00:21:15 --> Call to a member function result() on array
#0 C:\xampp\htdocs\ERP\ERP_Drymix\system\View\View.php(210): include()
#1 C:\xampp\htdocs\ERP\ERP_Drymix\system\View\View.php(213): CodeIgniter\View\View->CodeIgniter\View\{closure}()
#2 C:\xampp\htdocs\ERP\ERP_Drymix\system\Common.php(1089): CodeIgniter\View\View->render('SCM/NewProduct', Array, true)
#3 C:\xampp\htdocs\ERP\ERP_Drymix\app\Controllers\Products.php(31): view('SCM/NewProduct', Array)
#4 C:\xampp\htdocs\ERP\ERP_Drymix\system\CodeIgniter.php(832): App\Controllers\Products->create()
#5 C:\xampp\htdocs\ERP\ERP_Drymix\system\CodeIgniter.php(419): CodeIgniter\CodeIgniter->runController(Object(App\Controllers\Products))
#6 C:\xampp\htdocs\ERP\ERP_Drymix\system\CodeIgniter.php(326): CodeIgniter\CodeIgniter->handleRequest(NULL, Object(Config\Cache), false)
#7 C:\xampp\htdocs\ERP\ERP_Drymix\public\index.php(37): CodeIgniter\CodeIgniter->run()
#8 {main}
CRITICAL - 2022-05-19 00:21:16 --> Call to a member function result() on array
#0 C:\xampp\htdocs\ERP\ERP_Drymix\system\View\View.php(210): include()
#1 C:\xampp\htdocs\ERP\ERP_Drymix\system\View\View.php(213): CodeIgniter\View\View->CodeIgniter\View\{closure}()
#2 C:\xampp\htdocs\ERP\ERP_Drymix\system\Common.php(1089): CodeIgniter\View\View->render('SCM/NewProduct', Array, true)
#3 C:\xampp\htdocs\ERP\ERP_Drymix\app\Controllers\Products.php(31): view('SCM/NewProduct', Array)
#4 C:\xampp\htdocs\ERP\ERP_Drymix\system\CodeIgniter.php(832): App\Controllers\Products->create()
#5 C:\xampp\htdocs\ERP\ERP_Drymix\system\CodeIgniter.php(419): CodeIgniter\CodeIgniter->runController(Object(App\Controllers\Products))
#6 C:\xampp\htdocs\ERP\ERP_Drymix\system\CodeIgniter.php(326): CodeIgniter\CodeIgniter->handleRequest(NULL, Object(Config\Cache), false)
#7 C:\xampp\htdocs\ERP\ERP_Drymix\public\index.php(37): CodeIgniter\CodeIgniter->run()
#8 {main}
CRITICAL - 2022-05-19 00:22:23 --> Attempt to read property "idLine" on array
#0 C:\xampp\htdocs\ERP\ERP_Drymix\app\Views\SCM\NewProduct.php(285): CodeIgniter\Debug\Exceptions->errorHandler(2, 'Attempt to read...', 'C:\\xampp\\htdocs...', 285)
#1 C:\xampp\htdocs\ERP\ERP_Drymix\system\View\View.php(210): include('C:\\xampp\\htdocs...')
#2 C:\xampp\htdocs\ERP\ERP_Drymix\system\View\View.php(213): CodeIgniter\View\View->CodeIgniter\View\{closure}()
#3 C:\xampp\htdocs\ERP\ERP_Drymix\system\Common.php(1089): CodeIgniter\View\View->render('SCM/NewProduct', Array, true)
#4 C:\xampp\htdocs\ERP\ERP_Drymix\app\Controllers\Products.php(31): view('SCM/NewProduct', Array)
#5 C:\xampp\htdocs\ERP\ERP_Drymix\system\CodeIgniter.php(832): App\Controllers\Products->create()
#6 C:\xampp\htdocs\ERP\ERP_Drymix\system\CodeIgniter.php(419): CodeIgniter\CodeIgniter->runController(Object(App\Controllers\Products))
#7 C:\xampp\htdocs\ERP\ERP_Drymix\system\CodeIgniter.php(326): CodeIgniter\CodeIgniter->handleRequest(NULL, Object(Config\Cache), false)
#8 C:\xampp\htdocs\ERP\ERP_Drymix\public\index.php(37): CodeIgniter\CodeIgniter->run()
#9 {main}
CRITICAL - 2022-05-19 00:23:19 --> Undefined array key "idLine"
#0 C:\xampp\htdocs\ERP\ERP_Drymix\app\Views\SCM\NewProduct.php(285): CodeIgniter\Debug\Exceptions->errorHandler(2, 'Undefined array...', 'C:\\xampp\\htdocs...', 285)
#1 C:\xampp\htdocs\ERP\ERP_Drymix\system\View\View.php(210): include('C:\\xampp\\htdocs...')
#2 C:\xampp\htdocs\ERP\ERP_Drymix\system\View\View.php(213): CodeIgniter\View\View->CodeIgniter\View\{closure}()
#3 C:\xampp\htdocs\ERP\ERP_Drymix\system\Common.php(1089): CodeIgniter\View\View->render('SCM/NewProduct', Array, true)
#4 C:\xampp\htdocs\ERP\ERP_Drymix\app\Controllers\Products.php(31): view('SCM/NewProduct', Array)
#5 C:\xampp\htdocs\ERP\ERP_Drymix\system\CodeIgniter.php(832): App\Controllers\Products->create()
#6 C:\xampp\htdocs\ERP\ERP_Drymix\system\CodeIgniter.php(419): CodeIgniter\CodeIgniter->runController(Object(App\Controllers\Products))
#7 C:\xampp\htdocs\ERP\ERP_Drymix\system\CodeIgniter.php(326): CodeIgniter\CodeIgniter->handleRequest(NULL, Object(Config\Cache), false)
#8 C:\xampp\htdocs\ERP\ERP_Drymix\public\index.php(37): CodeIgniter\CodeIgniter->run()
#9 {main}
CRITICAL - 2022-05-19 00:23:46 --> Undefined array key "idLine"
#0 C:\xampp\htdocs\ERP\ERP_Drymix\app\Views\SCM\NewProduct.php(285): CodeIgniter\Debug\Exceptions->errorHandler(2, 'Undefined array...', 'C:\\xampp\\htdocs...', 285)
#1 C:\xampp\htdocs\ERP\ERP_Drymix\system\View\View.php(210): include('C:\\xampp\\htdocs...')
#2 C:\xampp\htdocs\ERP\ERP_Drymix\system\View\View.php(213): CodeIgniter\View\View->CodeIgniter\View\{closure}()
#3 C:\xampp\htdocs\ERP\ERP_Drymix\system\Common.php(1089): CodeIgniter\View\View->render('SCM/NewProduct', Array, true)
#4 C:\xampp\htdocs\ERP\ERP_Drymix\app\Controllers\Products.php(31): view('SCM/NewProduct', Array)
#5 C:\xampp\htdocs\ERP\ERP_Drymix\system\CodeIgniter.php(832): App\Controllers\Products->create()
#6 C:\xampp\htdocs\ERP\ERP_Drymix\system\CodeIgniter.php(419): CodeIgniter\CodeIgniter->runController(Object(App\Controllers\Products))
#7 C:\xampp\htdocs\ERP\ERP_Drymix\system\CodeIgniter.php(326): CodeIgniter\CodeIgniter->handleRequest(NULL, Object(Config\Cache), false)
#8 C:\xampp\htdocs\ERP\ERP_Drymix\public\index.php(37): CodeIgniter\CodeIgniter->run()
#9 {main}
CRITICAL - 2022-05-19 00:28:45 --> Undefined variable $formats
#0 C:\xampp\htdocs\ERP\ERP_Drymix\app\Views\SCM\NewProduct.php(297): CodeIgniter\Debug\Exceptions->errorHandler(2, 'Undefined varia...', 'C:\\xampp\\htdocs...', 297)
#1 C:\xampp\htdocs\ERP\ERP_Drymix\system\View\View.php(210): include('C:\\xampp\\htdocs...')
#2 C:\xampp\htdocs\ERP\ERP_Drymix\system\View\View.php(213): CodeIgniter\View\View->CodeIgniter\View\{closure}()
#3 C:\xampp\htdocs\ERP\ERP_Drymix\system\Common.php(1089): CodeIgniter\View\View->render('SCM/NewProduct', Array, true)
#4 C:\xampp\htdocs\ERP\ERP_Drymix\app\Controllers\Products.php(31): view('SCM/NewProduct', Array)
#5 C:\xampp\htdocs\ERP\ERP_Drymix\system\CodeIgniter.php(832): App\Controllers\Products->create()
#6 C:\xampp\htdocs\ERP\ERP_Drymix\system\CodeIgniter.php(419): CodeIgniter\CodeIgniter->runController(Object(App\Controllers\Products))
#7 C:\xampp\htdocs\ERP\ERP_Drymix\system\CodeIgniter.php(326): CodeIgniter\CodeIgniter->handleRequest(NULL, Object(Config\Cache), false)
#8 C:\xampp\htdocs\ERP\ERP_Drymix\public\index.php(37): CodeIgniter\CodeIgniter->run()
#9 {main}
ERROR - 2022-05-19 00:29:22 --> Unknown column 'idFormat' in 'order clause'
CRITICAL - 2022-05-19 00:29:22 --> Unknown column 'idFormat' in 'order clause'
#0 C:\xampp\htdocs\ERP\ERP_Drymix\system\Database\MySQLi\Connection.php(292): mysqli->query('SELECT *\nFROM `...', 0)
#1 C:\xampp\htdocs\ERP\ERP_Drymix\system\Database\BaseConnection.php(670): CodeIgniter\Database\MySQLi\Connection->execute('SELECT *\nFROM `...')
#2 C:\xampp\htdocs\ERP\ERP_Drymix\system\Database\BaseConnection.php(598): CodeIgniter\Database\BaseConnection->simpleQuery('SELECT *\nFROM `...')
#3 C:\xampp\htdocs\ERP\ERP_Drymix\system\Database\BaseBuilder.php(1455): CodeIgniter\Database\BaseConnection->query('SELECT *\nFROM `...', Array, false)
#4 C:\xampp\htdocs\ERP\ERP_Drymix\system\Model.php(183): CodeIgniter\Database\BaseBuilder->get()
#5 C:\xampp\htdocs\ERP\ERP_Drymix\system\BaseModel.php(584): CodeIgniter\Model->doFindAll(0, 0)
#6 C:\xampp\htdocs\ERP\ERP_Drymix\app\Controllers\Products.php(23): CodeIgniter\BaseModel->findAll()
#7 C:\xampp\htdocs\ERP\ERP_Drymix\system\CodeIgniter.php(832): App\Controllers\Products->create()
#8 C:\xampp\htdocs\ERP\ERP_Drymix\system\CodeIgniter.php(419): CodeIgniter\CodeIgniter->runController(Object(App\Controllers\Products))
#9 C:\xampp\htdocs\ERP\ERP_Drymix\system\CodeIgniter.php(326): CodeIgniter\CodeIgniter->handleRequest(NULL, Object(Config\Cache), false)
#10 C:\xampp\htdocs\ERP\ERP_Drymix\public\index.php(37): CodeIgniter\CodeIgniter->run()
#11 {main}
ERROR - 2022-05-19 00:29:23 --> Unknown column 'idFormat' in 'order clause'
CRITICAL - 2022-05-19 00:29:23 --> Unknown column 'idFormat' in 'order clause'
#0 C:\xampp\htdocs\ERP\ERP_Drymix\system\Database\MySQLi\Connection.php(292): mysqli->query('SELECT *\nFROM `...', 0)
#1 C:\xampp\htdocs\ERP\ERP_Drymix\system\Database\BaseConnection.php(670): CodeIgniter\Database\MySQLi\Connection->execute('SELECT *\nFROM `...')
#2 C:\xampp\htdocs\ERP\ERP_Drymix\system\Database\BaseConnection.php(598): CodeIgniter\Database\BaseConnection->simpleQuery('SELECT *\nFROM `...')
#3 C:\xampp\htdocs\ERP\ERP_Drymix\system\Database\BaseBuilder.php(1455): CodeIgniter\Database\BaseConnection->query('SELECT *\nFROM `...', Array, false)
#4 C:\xampp\htdocs\ERP\ERP_Drymix\system\Model.php(183): CodeIgniter\Database\BaseBuilder->get()
#5 C:\xampp\htdocs\ERP\ERP_Drymix\system\BaseModel.php(584): CodeIgniter\Model->doFindAll(0, 0)
#6 C:\xampp\htdocs\ERP\ERP_Drymix\app\Controllers\Products.php(23): CodeIgniter\BaseModel->findAll()
#7 C:\xampp\htdocs\ERP\ERP_Drymix\system\CodeIgniter.php(832): App\Controllers\Products->create()
#8 C:\xampp\htdocs\ERP\ERP_Drymix\system\CodeIgniter.php(419): CodeIgniter\CodeIgniter->runController(Object(App\Controllers\Products))
#9 C:\xampp\htdocs\ERP\ERP_Drymix\system\CodeIgniter.php(326): CodeIgniter\CodeIgniter->handleRequest(NULL, Object(Config\Cache), false)
#10 C:\xampp\htdocs\ERP\ERP_Drymix\public\index.php(37): CodeIgniter\CodeIgniter->run()
#11 {main}
ERROR - 2022-05-19 00:29:23 --> Unknown column 'idFormat' in 'order clause'
CRITICAL - 2022-05-19 00:29:23 --> Unknown column 'idFormat' in 'order clause'
#0 C:\xampp\htdocs\ERP\ERP_Drymix\system\Database\MySQLi\Connection.php(292): mysqli->query('SELECT *\nFROM `...', 0)
#1 C:\xampp\htdocs\ERP\ERP_Drymix\system\Database\BaseConnection.php(670): CodeIgniter\Database\MySQLi\Connection->execute('SELECT *\nFROM `...')
#2 C:\xampp\htdocs\ERP\ERP_Drymix\system\Database\BaseConnection.php(598): CodeIgniter\Database\BaseConnection->simpleQuery('SELECT *\nFROM `...')
#3 C:\xampp\htdocs\ERP\ERP_Drymix\system\Database\BaseBuilder.php(1455): CodeIgniter\Database\BaseConnection->query('SELECT *\nFROM `...', Array, false)
#4 C:\xampp\htdocs\ERP\ERP_Drymix\system\Model.php(183): CodeIgniter\Database\BaseBuilder->get()
#5 C:\xampp\htdocs\ERP\ERP_Drymix\system\BaseModel.php(584): CodeIgniter\Model->doFindAll(0, 0)
#6 C:\xampp\htdocs\ERP\ERP_Drymix\app\Controllers\Products.php(23): CodeIgniter\BaseModel->findAll()
#7 C:\xampp\htdocs\ERP\ERP_Drymix\system\CodeIgniter.php(832): App\Controllers\Products->create()
#8 C:\xampp\htdocs\ERP\ERP_Drymix\system\CodeIgniter.php(419): CodeIgniter\CodeIgniter->runController(Object(App\Controllers\Products))
#9 C:\xampp\htdocs\ERP\ERP_Drymix\system\CodeIgniter.php(326): CodeIgniter\CodeIgniter->handleRequest(NULL, Object(Config\Cache), false)
#10 C:\xampp\htdocs\ERP\ERP_Drymix\public\index.php(37): CodeIgniter\CodeIgniter->run()
#11 {main}
ERROR - 2022-05-19 00:29:24 --> Unknown column 'idFormat' in 'order clause'
CRITICAL - 2022-05-19 00:29:24 --> Unknown column 'idFormat' in 'order clause'
#0 C:\xampp\htdocs\ERP\ERP_Drymix\system\Database\MySQLi\Connection.php(292): mysqli->query('SELECT *\nFROM `...', 0)
#1 C:\xampp\htdocs\ERP\ERP_Drymix\system\Database\BaseConnection.php(670): CodeIgniter\Database\MySQLi\Connection->execute('SELECT *\nFROM `...')
#2 C:\xampp\htdocs\ERP\ERP_Drymix\system\Database\BaseConnection.php(598): CodeIgniter\Database\BaseConnection->simpleQuery('SELECT *\nFROM `...')
#3 C:\xampp\htdocs\ERP\ERP_Drymix\system\Database\BaseBuilder.php(1455): CodeIgniter\Database\BaseConnection->query('SELECT *\nFROM `...', Array, false)
#4 C:\xampp\htdocs\ERP\ERP_Drymix\system\Model.php(183): CodeIgniter\Database\BaseBuilder->get()
#5 C:\xampp\htdocs\ERP\ERP_Drymix\system\BaseModel.php(584): CodeIgniter\Model->doFindAll(0, 0)
#6 C:\xampp\htdocs\ERP\ERP_Drymix\app\Controllers\Products.php(23): CodeIgniter\BaseModel->findAll()
#7 C:\xampp\htdocs\ERP\ERP_Drymix\system\CodeIgniter.php(832): App\Controllers\Products->create()
#8 C:\xampp\htdocs\ERP\ERP_Drymix\system\CodeIgniter.php(419): CodeIgniter\CodeIgniter->runController(Object(App\Controllers\Products))
#9 C:\xampp\htdocs\ERP\ERP_Drymix\system\CodeIgniter.php(326): CodeIgniter\CodeIgniter->handleRequest(NULL, Object(Config\Cache), false)
#10 C:\xampp\htdocs\ERP\ERP_Drymix\public\index.php(37): CodeIgniter\CodeIgniter->run()
#11 {main}
ERROR - 2022-05-19 00:29:24 --> Unknown column 'idFormat' in 'order clause'
CRITICAL - 2022-05-19 00:29:24 --> Unknown column 'idFormat' in 'order clause'
#0 C:\xampp\htdocs\ERP\ERP_Drymix\system\Database\MySQLi\Connection.php(292): mysqli->query('SELECT *\nFROM `...', 0)
#1 C:\xampp\htdocs\ERP\ERP_Drymix\system\Database\BaseConnection.php(670): CodeIgniter\Database\MySQLi\Connection->execute('SELECT *\nFROM `...')
#2 C:\xampp\htdocs\ERP\ERP_Drymix\system\Database\BaseConnection.php(598): CodeIgniter\Database\BaseConnection->simpleQuery('SELECT *\nFROM `...')
#3 C:\xampp\htdocs\ERP\ERP_Drymix\system\Database\BaseBuilder.php(1455): CodeIgniter\Database\BaseConnection->query('SELECT *\nFROM `...', Array, false)
#4 C:\xampp\htdocs\ERP\ERP_Drymix\system\Model.php(183): CodeIgniter\Database\BaseBuilder->get()
#5 C:\xampp\htdocs\ERP\ERP_Drymix\system\BaseModel.php(584): CodeIgniter\Model->doFindAll(0, 0)
#6 C:\xampp\htdocs\ERP\ERP_Drymix\app\Controllers\Products.php(23): CodeIgniter\BaseModel->findAll()
#7 C:\xampp\htdocs\ERP\ERP_Drymix\system\CodeIgniter.php(832): App\Controllers\Products->create()
#8 C:\xampp\htdocs\ERP\ERP_Drymix\system\CodeIgniter.php(419): CodeIgniter\CodeIgniter->runController(Object(App\Controllers\Products))
#9 C:\xampp\htdocs\ERP\ERP_Drymix\system\CodeIgniter.php(326): CodeIgniter\CodeIgniter->handleRequest(NULL, Object(Config\Cache), false)
#10 C:\xampp\htdocs\ERP\ERP_Drymix\public\index.php(37): CodeIgniter\CodeIgniter->run()
#11 {main}
ERROR - 2022-05-19 00:29:56 --> Unknown column 'idFormat' in 'order clause'
CRITICAL - 2022-05-19 00:29:56 --> Unknown column 'idFormat' in 'order clause'
#0 C:\xampp\htdocs\ERP\ERP_Drymix\system\Database\MySQLi\Connection.php(292): mysqli->query('SELECT *\nFROM `...', 0)
#1 C:\xampp\htdocs\ERP\ERP_Drymix\system\Database\BaseConnection.php(670): CodeIgniter\Database\MySQLi\Connection->execute('SELECT *\nFROM `...')
#2 C:\xampp\htdocs\ERP\ERP_Drymix\system\Database\BaseConnection.php(598): CodeIgniter\Database\BaseConnection->simpleQuery('SELECT *\nFROM `...')
#3 C:\xampp\htdocs\ERP\ERP_Drymix\system\Database\BaseBuilder.php(1455): CodeIgniter\Database\BaseConnection->query('SELECT *\nFROM `...', Array, false)
#4 C:\xampp\htdocs\ERP\ERP_Drymix\system\Model.php(183): CodeIgniter\Database\BaseBuilder->get()
#5 C:\xampp\htdocs\ERP\ERP_Drymix\system\BaseModel.php(584): CodeIgniter\Model->doFindAll(0, 0)
#6 C:\xampp\htdocs\ERP\ERP_Drymix\app\Controllers\Products.php(23): CodeIgniter\BaseModel->findAll()
#7 C:\xampp\htdocs\ERP\ERP_Drymix\system\CodeIgniter.php(832): App\Controllers\Products->create()
#8 C:\xampp\htdocs\ERP\ERP_Drymix\system\CodeIgniter.php(419): CodeIgniter\CodeIgniter->runController(Object(App\Controllers\Products))
#9 C:\xampp\htdocs\ERP\ERP_Drymix\system\CodeIgniter.php(326): CodeIgniter\CodeIgniter->handleRequest(NULL, Object(Config\Cache), false)
#10 C:\xampp\htdocs\ERP\ERP_Drymix\public\index.php(37): CodeIgniter\CodeIgniter->run()
#11 {main}
CRITICAL - 2022-05-19 00:30:38 --> Class "App\Models\FormatModel" not found
#0 C:\xampp\htdocs\ERP\ERP_Drymix\system\CodeIgniter.php(832): App\Controllers\Products->create()
#1 C:\xampp\htdocs\ERP\ERP_Drymix\system\CodeIgniter.php(419): CodeIgniter\CodeIgniter->runController(Object(App\Controllers\Products))
#2 C:\xampp\htdocs\ERP\ERP_Drymix\system\CodeIgniter.php(326): CodeIgniter\CodeIgniter->handleRequest(NULL, Object(Config\Cache), false)
#3 C:\xampp\htdocs\ERP\ERP_Drymix\public\index.php(37): CodeIgniter\CodeIgniter->run()
#4 {main}
CRITICAL - 2022-05-19 00:31:09 --> Undefined variable $lines
#0 C:\xampp\htdocs\ERP\ERP_Drymix\app\Views\SCM\NewProduct.php(282): CodeIgniter\Debug\Exceptions->errorHandler(2, 'Undefined varia...', 'C:\\xampp\\htdocs...', 282)
#1 C:\xampp\htdocs\ERP\ERP_Drymix\system\View\View.php(210): include('C:\\xampp\\htdocs...')
#2 C:\xampp\htdocs\ERP\ERP_Drymix\system\View\View.php(213): CodeIgniter\View\View->CodeIgniter\View\{closure}()
#3 C:\xampp\htdocs\ERP\ERP_Drymix\system\Common.php(1089): CodeIgniter\View\View->render('SCM/NewProduct', Array, true)
#4 C:\xampp\htdocs\ERP\ERP_Drymix\app\Controllers\Products.php(33): view('SCM/NewProduct', Array)
#5 C:\xampp\htdocs\ERP\ERP_Drymix\system\CodeIgniter.php(832): App\Controllers\Products->create()
#6 C:\xampp\htdocs\ERP\ERP_Drymix\system\CodeIgniter.php(419): CodeIgniter\CodeIgniter->runController(Object(App\Controllers\Products))
#7 C:\xampp\htdocs\ERP\ERP_Drymix\system\CodeIgniter.php(326): CodeIgniter\CodeIgniter->handleRequest(NULL, Object(Config\Cache), false)
#8 C:\xampp\htdocs\ERP\ERP_Drymix\public\index.php(37): CodeIgniter\CodeIgniter->run()
#9 {main}
CRITICAL - 2022-05-19 00:31:42 --> Undefined variable $formats
#0 C:\xampp\htdocs\ERP\ERP_Drymix\app\Views\SCM\NewProduct.php(297): CodeIgniter\Debug\Exceptions->errorHandler(2, 'Undefined varia...', 'C:\\xampp\\htdocs...', 297)
#1 C:\xampp\htdocs\ERP\ERP_Drymix\system\View\View.php(210): include('C:\\xampp\\htdocs...')
#2 C:\xampp\htdocs\ERP\ERP_Drymix\system\View\View.php(213): CodeIgniter\View\View->CodeIgniter\View\{closure}()
#3 C:\xampp\htdocs\ERP\ERP_Drymix\system\Common.php(1089): CodeIgniter\View\View->render('SCM/NewProduct', Array, true)
#4 C:\xampp\htdocs\ERP\ERP_Drymix\app\Controllers\Products.php(33): view('SCM/NewProduct', Array, Array)
#5 C:\xampp\htdocs\ERP\ERP_Drymix\system\CodeIgniter.php(832): App\Controllers\Products->create()
#6 C:\xampp\htdocs\ERP\ERP_Drymix\system\CodeIgniter.php(419): CodeIgniter\CodeIgniter->runController(Object(App\Controllers\Products))
#7 C:\xampp\htdocs\ERP\ERP_Drymix\system\CodeIgniter.php(326): CodeIgniter\CodeIgniter->handleRequest(NULL, Object(Config\Cache), false)
#8 C:\xampp\htdocs\ERP\ERP_Drymix\public\index.php(37): CodeIgniter\CodeIgniter->run()
#9 {main}
CRITICAL - 2022-05-19 00:31:55 --> Undefined variable $format
#0 C:\xampp\htdocs\ERP\ERP_Drymix\app\Views\SCM\NewProduct.php(297): CodeIgniter\Debug\Exceptions->errorHandler(2, 'Undefined varia...', 'C:\\xampp\\htdocs...', 297)
#1 C:\xampp\htdocs\ERP\ERP_Drymix\system\View\View.php(210): include('C:\\xampp\\htdocs...')
#2 C:\xampp\htdocs\ERP\ERP_Drymix\system\View\View.php(213): CodeIgniter\View\View->CodeIgniter\View\{closure}()
#3 C:\xampp\htdocs\ERP\ERP_Drymix\system\Common.php(1089): CodeIgniter\View\View->render('SCM/NewProduct', Array, true)
#4 C:\xampp\htdocs\ERP\ERP_Drymix\app\Controllers\Products.php(33): view('SCM/NewProduct', Array, Array)
#5 C:\xampp\htdocs\ERP\ERP_Drymix\system\CodeIgniter.php(832): App\Controllers\Products->create()
#6 C:\xampp\htdocs\ERP\ERP_Drymix\system\CodeIgniter.php(419): CodeIgniter\CodeIgniter->runController(Object(App\Controllers\Products))
#7 C:\xampp\htdocs\ERP\ERP_Drymix\system\CodeIgniter.php(326): CodeIgniter\CodeIgniter->handleRequest(NULL, Object(Config\Cache), false)
#8 C:\xampp\htdocs\ERP\ERP_Drymix\public\index.php(37): CodeIgniter\CodeIgniter->run()
#9 {main}
CRITICAL - 2022-05-19 00:46:55 --> Call to undefined function form_open_multipart()
#0 C:\xampp\htdocs\ERP\ERP_Drymix\system\View\View.php(210): include()
#1 C:\xampp\htdocs\ERP\ERP_Drymix\system\View\View.php(213): CodeIgniter\View\View->CodeIgniter\View\{closure}()
#2 C:\xampp\htdocs\ERP\ERP_Drymix\system\Common.php(1089): CodeIgniter\View\View->render('SCM/NewProduct', Array, true)
#3 C:\xampp\htdocs\ERP\ERP_Drymix\app\Controllers\Products.php(33): view('SCM/NewProduct', Array)
#4 C:\xampp\htdocs\ERP\ERP_Drymix\system\CodeIgniter.php(832): App\Controllers\Products->create()
#5 C:\xampp\htdocs\ERP\ERP_Drymix\system\CodeIgniter.php(419): CodeIgniter\CodeIgniter->runController(Object(App\Controllers\Products))
#6 C:\xampp\htdocs\ERP\ERP_Drymix\system\CodeIgniter.php(326): CodeIgniter\CodeIgniter->handleRequest(NULL, Object(Config\Cache), false)
#7 C:\xampp\htdocs\ERP\ERP_Drymix\public\index.php(37): CodeIgniter\CodeIgniter->run()
#8 {main}
CRITICAL - 2022-05-19 00:49:31 --> Call to undefined function form_open_multipart()
#0 C:\xampp\htdocs\ERP\ERP_Drymix\system\View\View.php(210): include()
#1 C:\xampp\htdocs\ERP\ERP_Drymix\system\View\View.php(213): CodeIgniter\View\View->CodeIgniter\View\{closure}()
#2 C:\xampp\htdocs\ERP\ERP_Drymix\system\Common.php(1089): CodeIgniter\View\View->render('SCM/NewProduct', Array, true)
#3 C:\xampp\htdocs\ERP\ERP_Drymix\app\Controllers\Products.php(33): view('SCM/NewProduct', Array)
#4 C:\xampp\htdocs\ERP\ERP_Drymix\system\CodeIgniter.php(832): App\Controllers\Products->create()
#5 C:\xampp\htdocs\ERP\ERP_Drymix\system\CodeIgniter.php(419): CodeIgniter\CodeIgniter->runController(Object(App\Controllers\Products))
#6 C:\xampp\htdocs\ERP\ERP_Drymix\system\CodeIgniter.php(326): CodeIgniter\CodeIgniter->handleRequest(NULL, Object(Config\Cache), false)
#7 C:\xampp\htdocs\ERP\ERP_Drymix\public\index.php(37): CodeIgniter\CodeIgniter->run()
#8 {main}
CRITICAL - 2022-05-19 00:50:13 --> Undefined property: App\Controllers\Products::$load
#0 C:\xampp\htdocs\ERP\ERP_Drymix\app\Controllers\Products.php(33): CodeIgniter\Debug\Exceptions->errorHandler(2, 'Undefined prope...', 'C:\\xampp\\htdocs...', 33)
#1 C:\xampp\htdocs\ERP\ERP_Drymix\system\CodeIgniter.php(832): App\Controllers\Products->create()
#2 C:\xampp\htdocs\ERP\ERP_Drymix\system\CodeIgniter.php(419): CodeIgniter\CodeIgniter->runController(Object(App\Controllers\Products))
#3 C:\xampp\htdocs\ERP\ERP_Drymix\system\CodeIgniter.php(326): CodeIgniter\CodeIgniter->handleRequest(NULL, Object(Config\Cache), false)
#4 C:\xampp\htdocs\ERP\ERP_Drymix\public\index.php(37): CodeIgniter\CodeIgniter->run()
#5 {main}
CRITICAL - 2022-05-19 00:50:45 --> Call to undefined function form_open_multipart()
#0 C:\xampp\htdocs\ERP\ERP_Drymix\system\View\View.php(210): include()
#1 C:\xampp\htdocs\ERP\ERP_Drymix\system\View\View.php(213): CodeIgniter\View\View->CodeIgniter\View\{closure}()
#2 C:\xampp\htdocs\ERP\ERP_Drymix\system\Common.php(1089): CodeIgniter\View\View->render('SCM/NewProduct', Array, true)
#3 C:\xampp\htdocs\ERP\ERP_Drymix\app\Controllers\Products.php(34): view('SCM/NewProduct', Array)
#4 C:\xampp\htdocs\ERP\ERP_Drymix\system\CodeIgniter.php(832): App\Controllers\Products->create()
#5 C:\xampp\htdocs\ERP\ERP_Drymix\system\CodeIgniter.php(419): CodeIgniter\CodeIgniter->runController(Object(App\Controllers\Products))
#6 C:\xampp\htdocs\ERP\ERP_Drymix\system\CodeIgniter.php(326): CodeIgniter\CodeIgniter->handleRequest(NULL, Object(Config\Cache), false)
#7 C:\xampp\htdocs\ERP\ERP_Drymix\public\index.php(37): CodeIgniter\CodeIgniter->run()
#8 {main}
CRITICAL - 2022-05-19 00:50:54 --> Call to undefined function form_open_multipart()
#0 C:\xampp\htdocs\ERP\ERP_Drymix\system\View\View.php(210): include()
#1 C:\xampp\htdocs\ERP\ERP_Drymix\system\View\View.php(213): CodeIgniter\View\View->CodeIgniter\View\{closure}()
#2 C:\xampp\htdocs\ERP\ERP_Drymix\system\Common.php(1089): CodeIgniter\View\View->render('SCM/NewProduct', Array, true)
#3 C:\xampp\htdocs\ERP\ERP_Drymix\app\Controllers\Products.php(34): view('SCM/NewProduct', Array)
#4 C:\xampp\htdocs\ERP\ERP_Drymix\system\CodeIgniter.php(832): App\Controllers\Products->create()
#5 C:\xampp\htdocs\ERP\ERP_Drymix\system\CodeIgniter.php(419): CodeIgniter\CodeIgniter->runController(Object(App\Controllers\Products))
#6 C:\xampp\htdocs\ERP\ERP_Drymix\system\CodeIgniter.php(326): CodeIgniter\CodeIgniter->handleRequest(NULL, Object(Config\Cache), false)
#7 C:\xampp\htdocs\ERP\ERP_Drymix\public\index.php(37): CodeIgniter\CodeIgniter->run()
#8 {main}
CRITICAL - 2022-05-19 00:51:03 --> Call to undefined function form_open_multipart()
#0 C:\xampp\htdocs\ERP\ERP_Drymix\system\View\View.php(210): include()
#1 C:\xampp\htdocs\ERP\ERP_Drymix\system\View\View.php(213): CodeIgniter\View\View->CodeIgniter\View\{closure}()
#2 C:\xampp\htdocs\ERP\ERP_Drymix\system\Common.php(1089): CodeIgniter\View\View->render('SCM/NewProduct', Array, true)
#3 C:\xampp\htdocs\ERP\ERP_Drymix\app\Controllers\Products.php(34): view('SCM/NewProduct', Array)
#4 C:\xampp\htdocs\ERP\ERP_Drymix\system\CodeIgniter.php(832): App\Controllers\Products->create()
#5 C:\xampp\htdocs\ERP\ERP_Drymix\system\CodeIgniter.php(419): CodeIgniter\CodeIgniter->runController(Object(App\Controllers\Products))
#6 C:\xampp\htdocs\ERP\ERP_Drymix\system\CodeIgniter.php(326): CodeIgniter\CodeIgniter->handleRequest(NULL, Object(Config\Cache), false)
#7 C:\xampp\htdocs\ERP\ERP_Drymix\public\index.php(37): CodeIgniter\CodeIgniter->run()
#8 {main}
CRITICAL - 2022-05-19 00:52:32 --> Call to undefined function form_open_multipart()
#0 C:\xampp\htdocs\ERP\ERP_Drymix\system\View\View.php(210): include()
#1 C:\xampp\htdocs\ERP\ERP_Drymix\system\View\View.php(213): CodeIgniter\View\View->CodeIgniter\View\{closure}()
#2 C:\xampp\htdocs\ERP\ERP_Drymix\system\Common.php(1089): CodeIgniter\View\View->render('SCM/NewProduct', Array, true)
#3 C:\xampp\htdocs\ERP\ERP_Drymix\app\Controllers\Products.php(34): view('SCM/NewProduct', Array)
#4 C:\xampp\htdocs\ERP\ERP_Drymix\system\CodeIgniter.php(832): App\Controllers\Products->create()
#5 C:\xampp\htdocs\ERP\ERP_Drymix\system\CodeIgniter.php(419): CodeIgniter\CodeIgniter->runController(Object(App\Controllers\Products))
#6 C:\xampp\htdocs\ERP\ERP_Drymix\system\CodeIgniter.php(326): CodeIgniter\CodeIgniter->handleRequest(NULL, Object(Config\Cache), false)
#7 C:\xampp\htdocs\ERP\ERP_Drymix\public\index.php(37): CodeIgniter\CodeIgniter->run()
#8 {main}
CRITICAL - 2022-05-19 00:53:14 --> Class "App\Models\ProductModel" not found
#0 C:\xampp\htdocs\ERP\ERP_Drymix\system\CodeIgniter.php(832): App\Controllers\Products->InsertProduct()
#1 C:\xampp\htdocs\ERP\ERP_Drymix\system\CodeIgniter.php(419): CodeIgniter\CodeIgniter->runController(Object(App\Controllers\Products))
#2 C:\xampp\htdocs\ERP\ERP_Drymix\system\CodeIgniter.php(326): CodeIgniter\CodeIgniter->handleRequest(NULL, Object(Config\Cache), false)
#3 C:\xampp\htdocs\ERP\ERP_Drymix\public\index.php(37): CodeIgniter\CodeIgniter->run()
#4 {main}
ERROR - 2022-05-19 00:53:44 --> Unknown column 'nameProduct' in 'field list'
CRITICAL - 2022-05-19 00:53:44 --> Unknown column 'nameProduct' in 'field list'
#0 C:\xampp\htdocs\ERP\ERP_Drymix\system\Database\MySQLi\Connection.php(292): mysqli->query('INSERT INTO `Pr...', 0)
#1 C:\xampp\htdocs\ERP\ERP_Drymix\system\Database\BaseConnection.php(670): CodeIgniter\Database\MySQLi\Connection->execute('INSERT INTO `Pr...')
#2 C:\xampp\htdocs\ERP\ERP_Drymix\system\Database\BaseConnection.php(598): CodeIgniter\Database\BaseConnection->simpleQuery('INSERT INTO `Pr...')
#3 C:\xampp\htdocs\ERP\ERP_Drymix\system\Database\BaseBuilder.php(1771): CodeIgniter\Database\BaseConnection->query('INSERT INTO `Pr...', Array, false)
#4 C:\xampp\htdocs\ERP\ERP_Drymix\system\Model.php(239): CodeIgniter\Database\BaseBuilder->insert()
#5 C:\xampp\htdocs\ERP\ERP_Drymix\system\BaseModel.php(738): CodeIgniter\Model->doInsert(Array)
#6 C:\xampp\htdocs\ERP\ERP_Drymix\system\Model.php(625): CodeIgniter\BaseModel->insert(Array, true)
#7 C:\xampp\htdocs\ERP\ERP_Drymix\app\Controllers\Products.php(56): CodeIgniter\Model->insert(Array)
#8 C:\xampp\htdocs\ERP\ERP_Drymix\system\CodeIgniter.php(832): App\Controllers\Products->InsertProduct()
#9 C:\xampp\htdocs\ERP\ERP_Drymix\system\CodeIgniter.php(419): CodeIgniter\CodeIgniter->runController(Object(App\Controllers\Products))
#10 C:\xampp\htdocs\ERP\ERP_Drymix\system\CodeIgniter.php(326): CodeIgniter\CodeIgniter->handleRequest(NULL, Object(Config\Cache), false)
#11 C:\xampp\htdocs\ERP\ERP_Drymix\public\index.php(37): CodeIgniter\CodeIgniter->run()
#12 {main}
ERROR - 2022-05-19 00:54:39 --> Unknown column 'nameProduct' in 'field list'
CRITICAL - 2022-05-19 00:54:39 --> Unknown column 'nameProduct' in 'field list'
#0 C:\xampp\htdocs\ERP\ERP_Drymix\system\Database\MySQLi\Connection.php(292): mysqli->query('INSERT INTO `Pr...', 0)
#1 C:\xampp\htdocs\ERP\ERP_Drymix\system\Database\BaseConnection.php(670): CodeIgniter\Database\MySQLi\Connection->execute('INSERT INTO `Pr...')
#2 C:\xampp\htdocs\ERP\ERP_Drymix\system\Database\BaseConnection.php(598): CodeIgniter\Database\BaseConnection->simpleQuery('INSERT INTO `Pr...')
#3 C:\xampp\htdocs\ERP\ERP_Drymix\system\Database\BaseBuilder.php(1771): CodeIgniter\Database\BaseConnection->query('INSERT INTO `Pr...', Array, false)
#4 C:\xampp\htdocs\ERP\ERP_Drymix\system\Model.php(239): CodeIgniter\Database\BaseBuilder->insert()
#5 C:\xampp\htdocs\ERP\ERP_Drymix\system\BaseModel.php(738): CodeIgniter\Model->doInsert(Array)
#6 C:\xampp\htdocs\ERP\ERP_Drymix\system\Model.php(625): CodeIgniter\BaseModel->insert(Array, true)
#7 C:\xampp\htdocs\ERP\ERP_Drymix\app\Controllers\Products.php(56): CodeIgniter\Model->insert(Array)
#8 C:\xampp\htdocs\ERP\ERP_Drymix\system\CodeIgniter.php(832): App\Controllers\Products->InsertProduct()
#9 C:\xampp\htdocs\ERP\ERP_Drymix\system\CodeIgniter.php(419): CodeIgniter\CodeIgniter->runController(Object(App\Controllers\Products))
#10 C:\xampp\htdocs\ERP\ERP_Drymix\system\CodeIgniter.php(326): CodeIgniter\CodeIgniter->handleRequest(NULL, Object(Config\Cache), false)
#11 C:\xampp\htdocs\ERP\ERP_Drymix\public\index.php(37): CodeIgniter\CodeIgniter->run()
#12 {main}
ERROR - 2022-05-19 00:55:16 --> Column 'productName' cannot be null
CRITICAL - 2022-05-19 00:55:16 --> Column 'productName' cannot be null
#0 C:\xampp\htdocs\ERP\ERP_Drymix\system\Database\MySQLi\Connection.php(292): mysqli->query('INSERT INTO `Pr...', 0)
#1 C:\xampp\htdocs\ERP\ERP_Drymix\system\Database\BaseConnection.php(670): CodeIgniter\Database\MySQLi\Connection->execute('INSERT INTO `Pr...')
#2 C:\xampp\htdocs\ERP\ERP_Drymix\system\Database\BaseConnection.php(598): CodeIgniter\Database\BaseConnection->simpleQuery('INSERT INTO `Pr...')
#3 C:\xampp\htdocs\ERP\ERP_Drymix\system\Database\BaseBuilder.php(1771): CodeIgniter\Database\BaseConnection->query('INSERT INTO `Pr...', Array, false)
#4 C:\xampp\htdocs\ERP\ERP_Drymix\system\Model.php(239): CodeIgniter\Database\BaseBuilder->insert()
#5 C:\xampp\htdocs\ERP\ERP_Drymix\system\BaseModel.php(738): CodeIgniter\Model->doInsert(Array)
#6 C:\xampp\htdocs\ERP\ERP_Drymix\system\Model.php(625): CodeIgniter\BaseModel->insert(Array, true)
#7 C:\xampp\htdocs\ERP\ERP_Drymix\app\Controllers\Products.php(56): CodeIgniter\Model->insert(Array)
#8 C:\xampp\htdocs\ERP\ERP_Drymix\system\CodeIgniter.php(832): App\Controllers\Products->InsertProduct()
#9 C:\xampp\htdocs\ERP\ERP_Drymix\system\CodeIgniter.php(419): CodeIgniter\CodeIgniter->runController(Object(App\Controllers\Products))
#10 C:\xampp\htdocs\ERP\ERP_Drymix\system\CodeIgniter.php(326): CodeIgniter\CodeIgniter->handleRequest(NULL, Object(Config\Cache), false)
#11 C:\xampp\htdocs\ERP\ERP_Drymix\public\index.php(37): CodeIgniter\CodeIgniter->run()
#12 {main}
ERROR - 2022-05-19 00:55:30 --> Column 'productName' cannot be null
CRITICAL - 2022-05-19 00:55:30 --> Column 'productName' cannot be null
#0 C:\xampp\htdocs\ERP\ERP_Drymix\system\Database\MySQLi\Connection.php(292): mysqli->query('INSERT INTO `Pr...', 0)
#1 C:\xampp\htdocs\ERP\ERP_Drymix\system\Database\BaseConnection.php(670): CodeIgniter\Database\MySQLi\Connection->execute('INSERT INTO `Pr...')
#2 C:\xampp\htdocs\ERP\ERP_Drymix\system\Database\BaseConnection.php(598): CodeIgniter\Database\BaseConnection->simpleQuery('INSERT INTO `Pr...')
#3 C:\xampp\htdocs\ERP\ERP_Drymix\system\Database\BaseBuilder.php(1771): CodeIgniter\Database\BaseConnection->query('INSERT INTO `Pr...', Array, false)
#4 C:\xampp\htdocs\ERP\ERP_Drymix\system\Model.php(239): CodeIgniter\Database\BaseBuilder->insert()
#5 C:\xampp\htdocs\ERP\ERP_Drymix\system\BaseModel.php(738): CodeIgniter\Model->doInsert(Array)
#6 C:\xampp\htdocs\ERP\ERP_Drymix\system\Model.php(625): CodeIgniter\BaseModel->insert(Array, true)
#7 C:\xampp\htdocs\ERP\ERP_Drymix\app\Controllers\Products.php(56): CodeIgniter\Model->insert(Array)
#8 C:\xampp\htdocs\ERP\ERP_Drymix\system\CodeIgniter.php(832): App\Controllers\Products->InsertProduct()
#9 C:\xampp\htdocs\ERP\ERP_Drymix\system\CodeIgniter.php(419): CodeIgniter\CodeIgniter->runController(Object(App\Controllers\Products))
#10 C:\xampp\htdocs\ERP\ERP_Drymix\system\CodeIgniter.php(326): CodeIgniter\CodeIgniter->handleRequest(NULL, Object(Config\Cache), false)
#11 C:\xampp\htdocs\ERP\ERP_Drymix\public\index.php(37): CodeIgniter\CodeIgniter->run()
#12 {main}
ERROR - 2022-05-19 01:02:22 --> Column 'productName' cannot be null
CRITICAL - 2022-05-19 01:02:22 --> Column 'productName' cannot be null
#0 C:\xampp\htdocs\ERP\ERP_Drymix\system\Database\MySQLi\Connection.php(292): mysqli->query('INSERT INTO `Pr...', 0)
#1 C:\xampp\htdocs\ERP\ERP_Drymix\system\Database\BaseConnection.php(670): CodeIgniter\Database\MySQLi\Connection->execute('INSERT INTO `Pr...')
#2 C:\xampp\htdocs\ERP\ERP_Drymix\system\Database\BaseConnection.php(598): CodeIgniter\Database\BaseConnection->simpleQuery('INSERT INTO `Pr...')
#3 C:\xampp\htdocs\ERP\ERP_Drymix\system\Database\BaseBuilder.php(1771): CodeIgniter\Database\BaseConnection->query('INSERT INTO `Pr...', Array, false)
#4 C:\xampp\htdocs\ERP\ERP_Drymix\system\Model.php(239): CodeIgniter\Database\BaseBuilder->insert()
#5 C:\xampp\htdocs\ERP\ERP_Drymix\system\BaseModel.php(738): CodeIgniter\Model->doInsert(Array)
#6 C:\xampp\htdocs\ERP\ERP_Drymix\system\Model.php(625): CodeIgniter\BaseModel->insert(Array, true)
#7 C:\xampp\htdocs\ERP\ERP_Drymix\app\Controllers\Products.php(56): CodeIgniter\Model->insert(Array)
#8 C:\xampp\htdocs\ERP\ERP_Drymix\system\CodeIgniter.php(832): App\Controllers\Products->InsertProduct()
#9 C:\xampp\htdocs\ERP\ERP_Drymix\system\CodeIgniter.php(419): CodeIgniter\CodeIgniter->runController(Object(App\Controllers\Products))
#10 C:\xampp\htdocs\ERP\ERP_Drymix\system\CodeIgniter.php(326): CodeIgniter\CodeIgniter->handleRequest(NULL, Object(Config\Cache), false)
#11 C:\xampp\htdocs\ERP\ERP_Drymix\public\index.php(37): CodeIgniter\CodeIgniter->run()
#12 {main}
ERROR - 2022-05-19 01:02:23 --> Column 'productName' cannot be null
CRITICAL - 2022-05-19 01:02:23 --> Column 'productName' cannot be null
#0 C:\xampp\htdocs\ERP\ERP_Drymix\system\Database\MySQLi\Connection.php(292): mysqli->query('INSERT INTO `Pr...', 0)
#1 C:\xampp\htdocs\ERP\ERP_Drymix\system\Database\BaseConnection.php(670): CodeIgniter\Database\MySQLi\Connection->execute('INSERT INTO `Pr...')
#2 C:\xampp\htdocs\ERP\ERP_Drymix\system\Database\BaseConnection.php(598): CodeIgniter\Database\BaseConnection->simpleQuery('INSERT INTO `Pr...')
#3 C:\xampp\htdocs\ERP\ERP_Drymix\system\Database\BaseBuilder.php(1771): CodeIgniter\Database\BaseConnection->query('INSERT INTO `Pr...', Array, false)
#4 C:\xampp\htdocs\ERP\ERP_Drymix\system\Model.php(239): CodeIgniter\Database\BaseBuilder->insert()
#5 C:\xampp\htdocs\ERP\ERP_Drymix\system\BaseModel.php(738): CodeIgniter\Model->doInsert(Array)
#6 C:\xampp\htdocs\ERP\ERP_Drymix\system\Model.php(625): CodeIgniter\BaseModel->insert(Array, true)
#7 C:\xampp\htdocs\ERP\ERP_Drymix\app\Controllers\Products.php(56): CodeIgniter\Model->insert(Array)
#8 C:\xampp\htdocs\ERP\ERP_Drymix\system\CodeIgniter.php(832): App\Controllers\Products->InsertProduct()
#9 C:\xampp\htdocs\ERP\ERP_Drymix\system\CodeIgniter.php(419): CodeIgniter\CodeIgniter->runController(Object(App\Controllers\Products))
#10 C:\xampp\htdocs\ERP\ERP_Drymix\system\CodeIgniter.php(326): CodeIgniter\CodeIgniter->handleRequest(NULL, Object(Config\Cache), false)
#11 C:\xampp\htdocs\ERP\ERP_Drymix\public\index.php(37): CodeIgniter\CodeIgniter->run()
#12 {main}
ERROR - 2022-05-19 01:02:35 --> Column 'productName' cannot be null
CRITICAL - 2022-05-19 01:02:35 --> Column 'productName' cannot be null
#0 C:\xampp\htdocs\ERP\ERP_Drymix\system\Database\MySQLi\Connection.php(292): mysqli->query('INSERT INTO `Pr...', 0)
#1 C:\xampp\htdocs\ERP\ERP_Drymix\system\Database\BaseConnection.php(670): CodeIgniter\Database\MySQLi\Connection->execute('INSERT INTO `Pr...')
#2 C:\xampp\htdocs\ERP\ERP_Drymix\system\Database\BaseConnection.php(598): CodeIgniter\Database\BaseConnection->simpleQuery('INSERT INTO `Pr...')
#3 C:\xampp\htdocs\ERP\ERP_Drymix\system\Database\BaseBuilder.php(1771): CodeIgniter\Database\BaseConnection->query('INSERT INTO `Pr...', Array, false)
#4 C:\xampp\htdocs\ERP\ERP_Drymix\system\Model.php(239): CodeIgniter\Database\BaseBuilder->insert()
#5 C:\xampp\htdocs\ERP\ERP_Drymix\system\BaseModel.php(738): CodeIgniter\Model->doInsert(Array)
#6 C:\xampp\htdocs\ERP\ERP_Drymix\system\Model.php(625): CodeIgniter\BaseModel->insert(Array, true)
#7 C:\xampp\htdocs\ERP\ERP_Drymix\app\Controllers\Products.php(56): CodeIgniter\Model->insert(Array)
#8 C:\xampp\htdocs\ERP\ERP_Drymix\system\CodeIgniter.php(832): App\Controllers\Products->InsertProduct()
#9 C:\xampp\htdocs\ERP\ERP_Drymix\system\CodeIgniter.php(419): CodeIgniter\CodeIgniter->runController(Object(App\Controllers\Products))
#10 C:\xampp\htdocs\ERP\ERP_Drymix\system\CodeIgniter.php(326): CodeIgniter\CodeIgniter->handleRequest(NULL, Object(Config\Cache), false)
#11 C:\xampp\htdocs\ERP\ERP_Drymix\public\index.php(37): CodeIgniter\CodeIgniter->run()
#12 {main}
ERROR - 2022-05-19 01:02:46 --> Column 'productName' cannot be null
CRITICAL - 2022-05-19 01:02:46 --> Column 'productName' cannot be null
#0 C:\xampp\htdocs\ERP\ERP_Drymix\system\Database\MySQLi\Connection.php(292): mysqli->query('INSERT INTO `Pr...', 0)
#1 C:\xampp\htdocs\ERP\ERP_Drymix\system\Database\BaseConnection.php(670): CodeIgniter\Database\MySQLi\Connection->execute('INSERT INTO `Pr...')
#2 C:\xampp\htdocs\ERP\ERP_Drymix\system\Database\BaseConnection.php(598): CodeIgniter\Database\BaseConnection->simpleQuery('INSERT INTO `Pr...')
#3 C:\xampp\htdocs\ERP\ERP_Drymix\system\Database\BaseBuilder.php(1771): CodeIgniter\Database\BaseConnection->query('INSERT INTO `Pr...', Array, false)
#4 C:\xampp\htdocs\ERP\ERP_Drymix\system\Model.php(239): CodeIgniter\Database\BaseBuilder->insert()
#5 C:\xampp\htdocs\ERP\ERP_Drymix\system\BaseModel.php(738): CodeIgniter\Model->doInsert(Array)
#6 C:\xampp\htdocs\ERP\ERP_Drymix\system\Model.php(625): CodeIgniter\BaseModel->insert(Array, true)
#7 C:\xampp\htdocs\ERP\ERP_Drymix\app\Controllers\Products.php(56): CodeIgniter\Model->insert(Array)
#8 C:\xampp\htdocs\ERP\ERP_Drymix\system\CodeIgniter.php(832): App\Controllers\Products->InsertProduct()
#9 C:\xampp\htdocs\ERP\ERP_Drymix\system\CodeIgniter.php(419): CodeIgniter\CodeIgniter->runController(Object(App\Controllers\Products))
#10 C:\xampp\htdocs\ERP\ERP_Drymix\system\CodeIgniter.php(326): CodeIgniter\CodeIgniter->handleRequest(NULL, Object(Config\Cache), false)
#11 C:\xampp\htdocs\ERP\ERP_Drymix\public\index.php(37): CodeIgniter\CodeIgniter->run()
#12 {main}
ERROR - 2022-05-19 01:02:53 --> Column 'productName' cannot be null
CRITICAL - 2022-05-19 01:02:53 --> Column 'productName' cannot be null
#0 C:\xampp\htdocs\ERP\ERP_Drymix\system\Database\MySQLi\Connection.php(292): mysqli->query('INSERT INTO `Pr...', 0)
#1 C:\xampp\htdocs\ERP\ERP_Drymix\system\Database\BaseConnection.php(670): CodeIgniter\Database\MySQLi\Connection->execute('INSERT INTO `Pr...')
#2 C:\xampp\htdocs\ERP\ERP_Drymix\system\Database\BaseConnection.php(598): CodeIgniter\Database\BaseConnection->simpleQuery('INSERT INTO `Pr...')
#3 C:\xampp\htdocs\ERP\ERP_Drymix\system\Database\BaseBuilder.php(1771): CodeIgniter\Database\BaseConnection->query('INSERT INTO `Pr...', Array, false)
#4 C:\xampp\htdocs\ERP\ERP_Drymix\system\Model.php(239): CodeIgniter\Database\BaseBuilder->insert()
#5 C:\xampp\htdocs\ERP\ERP_Drymix\system\BaseModel.php(738): CodeIgniter\Model->doInsert(Array)
#6 C:\xampp\htdocs\ERP\ERP_Drymix\system\Model.php(625): CodeIgniter\BaseModel->insert(Array, true)
#7 C:\xampp\htdocs\ERP\ERP_Drymix\app\Controllers\Products.php(56): CodeIgniter\Model->insert(Array)
#8 C:\xampp\htdocs\ERP\ERP_Drymix\system\CodeIgniter.php(832): App\Controllers\Products->InsertProduct()
#9 C:\xampp\htdocs\ERP\ERP_Drymix\system\CodeIgniter.php(419): CodeIgniter\CodeIgniter->runController(Object(App\Controllers\Products))
#10 C:\xampp\htdocs\ERP\ERP_Drymix\system\CodeIgniter.php(326): CodeIgniter\CodeIgniter->handleRequest(NULL, Object(Config\Cache), false)
#11 C:\xampp\htdocs\ERP\ERP_Drymix\public\index.php(37): CodeIgniter\CodeIgniter->run()
#12 {main}
ERROR - 2022-05-19 01:04:21 --> Column 'productName' cannot be null
CRITICAL - 2022-05-19 01:04:21 --> Column 'productName' cannot be null
#0 C:\xampp\htdocs\ERP\ERP_Drymix\system\Database\MySQLi\Connection.php(292): mysqli->query('INSERT INTO `Pr...', 0)
#1 C:\xampp\htdocs\ERP\ERP_Drymix\system\Database\BaseConnection.php(670): CodeIgniter\Database\MySQLi\Connection->execute('INSERT INTO `Pr...')
#2 C:\xampp\htdocs\ERP\ERP_Drymix\system\Database\BaseConnection.php(598): CodeIgniter\Database\BaseConnection->simpleQuery('INSERT INTO `Pr...')
#3 C:\xampp\htdocs\ERP\ERP_Drymix\system\Database\BaseBuilder.php(1771): CodeIgniter\Database\BaseConnection->query('INSERT INTO `Pr...', Array, false)
#4 C:\xampp\htdocs\ERP\ERP_Drymix\system\Model.php(239): CodeIgniter\Database\BaseBuilder->insert()
#5 C:\xampp\htdocs\ERP\ERP_Drymix\system\BaseModel.php(738): CodeIgniter\Model->doInsert(Array)
#6 C:\xampp\htdocs\ERP\ERP_Drymix\system\Model.php(625): CodeIgniter\BaseModel->insert(Array, true)
#7 C:\xampp\htdocs\ERP\ERP_Drymix\app\Controllers\Products.php(56): CodeIgniter\Model->insert(Array)
#8 C:\xampp\htdocs\ERP\ERP_Drymix\system\CodeIgniter.php(832): App\Controllers\Products->InsertProduct()
#9 C:\xampp\htdocs\ERP\ERP_Drymix\system\CodeIgniter.php(419): CodeIgniter\CodeIgniter->runController(Object(App\Controllers\Products))
#10 C:\xampp\htdocs\ERP\ERP_Drymix\system\CodeIgniter.php(326): CodeIgniter\CodeIgniter->handleRequest(NULL, Object(Config\Cache), false)
#11 C:\xampp\htdocs\ERP\ERP_Drymix\public\index.php(37): CodeIgniter\CodeIgniter->run()
#12 {main}
ERROR - 2022-05-19 01:04:53 --> Column 'productName' cannot be null
CRITICAL - 2022-05-19 01:04:53 --> Column 'productName' cannot be null
#0 C:\xampp\htdocs\ERP\ERP_Drymix\system\Database\MySQLi\Connection.php(292): mysqli->query('INSERT INTO `Pr...', 0)
#1 C:\xampp\htdocs\ERP\ERP_Drymix\system\Database\BaseConnection.php(670): CodeIgniter\Database\MySQLi\Connection->execute('INSERT INTO `Pr...')
#2 C:\xampp\htdocs\ERP\ERP_Drymix\system\Database\BaseConnection.php(598): CodeIgniter\Database\BaseConnection->simpleQuery('INSERT INTO `Pr...')
#3 C:\xampp\htdocs\ERP\ERP_Drymix\system\Database\BaseBuilder.php(1771): CodeIgniter\Database\BaseConnection->query('INSERT INTO `Pr...', Array, false)
#4 C:\xampp\htdocs\ERP\ERP_Drymix\system\Model.php(239): CodeIgniter\Database\BaseBuilder->insert()
#5 C:\xampp\htdocs\ERP\ERP_Drymix\system\BaseModel.php(738): CodeIgniter\Model->doInsert(Array)
#6 C:\xampp\htdocs\ERP\ERP_Drymix\system\Model.php(625): CodeIgniter\BaseModel->insert(Array, true)
#7 C:\xampp\htdocs\ERP\ERP_Drymix\app\Controllers\Products.php(56): CodeIgniter\Model->insert(Array)
#8 C:\xampp\htdocs\ERP\ERP_Drymix\system\CodeIgniter.php(832): App\Controllers\Products->InsertProduct()
#9 C:\xampp\htdocs\ERP\ERP_Drymix\system\CodeIgniter.php(419): CodeIgniter\CodeIgniter->runController(Object(App\Controllers\Products))
#10 C:\xampp\htdocs\ERP\ERP_Drymix\system\CodeIgniter.php(326): CodeIgniter\CodeIgniter->handleRequest(NULL, Object(Config\Cache), false)
#11 C:\xampp\htdocs\ERP\ERP_Drymix\public\index.php(37): CodeIgniter\CodeIgniter->run()
#12 {main}
